#
# There is insufficient memory for the Java Runtime Environment to continue.
# Native memory allocation (malloc) failed to allocate 1787376 bytes for Chunk::new
# Possible reasons:
#   The system is out of physical RAM or swap space
#   The process is running with CompressedOops enabled, and the Java Heap may be blocking the growth of the native heap
# Possible solutions:
#   Reduce memory load on the system
#   Increase physical memory or swap space
#   Check if swap backing store is full
#   Decrease Java heap size (-Xmx/-Xms)
#   Decrease number of Java threads
#   Decrease Java thread stack sizes (-Xss)
#   Set larger code cache with -XX:ReservedCodeCacheSize=
#   JVM is running with Unscaled Compressed Oops mode in which the Java heap is
#     placed in the first 4GB address space. The Java Heap base address is the
#     maximum limit for the native heap growth. Please use -XX:HeapBaseMinAddress
#     to set the Java Heap base and to place the Java Heap above 4GB virtual address.
# This output file may be truncated or incomplete.
#
#  Out of Memory Error (./src/hotspot/share/memory/arena.cpp:197), pid=12152, tid=12264
#
# JRE version: OpenJDK Runtime Environment (11.0.11+9) (build 11.0.11+9-b60-7590822)
# Java VM: OpenJDK 64-Bit Server VM (11.0.11+9-b60-7590822, mixed mode, tiered, compressed oops, g1 gc, windows-amd64)
# No core dump will be written. Minidumps are not enabled by default on client versions of Windows
#

---------------  S U M M A R Y ------------

Command Line: --add-opens=java.base/java.util=ALL-UNNAMED --add-opens=java.base/java.lang=ALL-UNNAMED --add-opens=java.base/java.lang.invoke=ALL-UNNAMED --add-opens=java.base/java.util=ALL-UNNAMED --add-opens=java.prefs/java.util.prefs=ALL-UNNAMED --add-opens=java.prefs/java.util.prefs=ALL-UNNAMED --add-opens=java.base/java.nio.charset=ALL-UNNAMED --add-opens=java.base/java.net=ALL-UNNAMED --add-opens=java.base/java.util.concurrent.atomic=ALL-UNNAMED -Xmx2048m -Dfile.encoding=UTF-8 -Duser.country=US -Duser.language=en -Duser.variant org.gradle.launcher.daemon.bootstrap.GradleDaemon 7.2

Host: Intel(R) Core(TM) i7-4600M CPU @ 2.90GHz, 4 cores, 7G,  Windows 10 , 64 bit Build 19041 (10.0.19041.1566)
Time: Sat Apr 16 08:11:44 2022 SE Asia Standard Time elapsed time: 193.118265 seconds (0d 0h 3m 13s)

---------------  T H R E A D  ---------------

Current thread (0x000001fbd98cf000):  JavaThread "C2 CompilerThread0" daemon [_thread_in_native, id=12264, stack(0x0000009ef2500000,0x0000009ef2600000)]


Current CompileTask:
C2: 193118 15459 %     4       org.objectweb.asm.ClassReader::readCode @ 2035 (5109 bytes)

Stack: [0x0000009ef2500000,0x0000009ef2600000]
Native frames: (J=compiled Java code, j=interpreted, Vv=VM code, C=native code)
V  [jvm.dll+0x5f214a]
V  [jvm.dll+0x726fb5]
V  [jvm.dll+0x7285cd]
V  [jvm.dll+0x728c83]
V  [jvm.dll+0x243278]
V  [jvm.dll+0xbc53c]
V  [jvm.dll+0xbca3c]
V  [jvm.dll+0x353e7d]
V  [jvm.dll+0x321893]
V  [jvm.dll+0x320d8a]
V  [jvm.dll+0x1fc1e2]
V  [jvm.dll+0x1fb3d4]
V  [jvm.dll+0x183d6c]
V  [jvm.dll+0x209a57]
V  [jvm.dll+0x2082a1]
V  [jvm.dll+0x6ef58f]
V  [jvm.dll+0x6e80b5]
V  [jvm.dll+0x5f1036]
C  [ucrtbase.dll+0x21bb2]
C  [KERNEL32.DLL+0x17034]
C  [ntdll.dll+0x52651]


---------------  P R O C E S S  ---------------

Threads class SMR info:
_java_thread_list=0x000001fbe2521ce0, length=77, elements={
0x000001fbbfccc800, 0x000001fbd98ae800, 0x000001fbd98b0000, 0x000001fbd98c8800,
0x000001fbd98c9000, 0x000001fbd98cb000, 0x000001fbd98cf000, 0x000001fbd98d2800,
0x000001fbda27f800, 0x000001fbda372800, 0x000001fbdcc21800, 0x000001fbdb3c1800,
0x000001fbdcada800, 0x000001fbdcd41000, 0x000001fbdd42c800, 0x000001fbdd5f7800,
0x000001fbdbad5000, 0x000001fbdbad6000, 0x000001fbdcbd4000, 0x000001fbdcbd8000,
0x000001fbdcbd3000, 0x000001fbdcbd5000, 0x000001fbdcbd9000, 0x000001fbdcbd7800,
0x000001fbdcbd5800, 0x000001fbdcbda000, 0x000001fbdcbd6800, 0x000001fbdd4c3800,
0x000001fbdd4bd800, 0x000001fbdd4c1000, 0x000001fbdd4c2800, 0x000001fbdd4c1800,
0x000001fbdd4c0000, 0x000001fbdd4be800, 0x000001fbdd4c6800, 0x000001fbdd4c8000,
0x000001fbdd4ca800, 0x000001fbdd4c7800, 0x000001fbdd4c9000, 0x000001fbdd4ca000,
0x000001fbdd4cb800, 0x000001fbdd4c6000, 0x000001fbdd4cc800, 0x000001fbe1a50800,
0x000001fbe1a53800, 0x000001fbe1a51000, 0x000001fbe1a52000, 0x000001fbe1a53000,
0x000001fbe1a54800, 0x000001fbe1a55800, 0x000001fbe1a4f800, 0x000001fbe1a56000,
0x000001fbe1ab8000, 0x000001fbe1ab9000, 0x000001fbe1ab5000, 0x000001fbe1ab6800,
0x000001fbe1ab6000, 0x000001fbe1ab7800, 0x000001fbe1ab3800, 0x000001fbe1aba000,
0x000001fbe1ab4000, 0x000001fbe1ac0800, 0x000001fbe1aba800, 0x000001fbe1abe800,
0x000001fbe1abf800, 0x000001fbe1ac1000, 0x000001fbe1abd000, 0x000001fbe1abb800,
0x000001fbe1abc800, 0x000001fbe1abe000, 0x000001fbe1ac2000, 0x000001fbdf422000,
0x000001fbdf41f800, 0x000001fbdf421800, 0x000001fbdf420800, 0x000001fbdf41e000,
0x000001fbdf423000
}

Java Threads: ( => current thread )
  0x000001fbbfccc800 JavaThread "main" [_thread_blocked, id=12212, stack(0x0000009ef1900000,0x0000009ef1a00000)]
  0x000001fbd98ae800 JavaThread "Reference Handler" daemon [_thread_blocked, id=12244, stack(0x0000009ef2000000,0x0000009ef2100000)]
  0x000001fbd98b0000 JavaThread "Finalizer" daemon [_thread_blocked, id=12248, stack(0x0000009ef2100000,0x0000009ef2200000)]
  0x000001fbd98c8800 JavaThread "Signal Dispatcher" daemon [_thread_blocked, id=12252, stack(0x0000009ef2200000,0x0000009ef2300000)]
  0x000001fbd98c9000 JavaThread "Attach Listener" daemon [_thread_blocked, id=12256, stack(0x0000009ef2300000,0x0000009ef2400000)]
  0x000001fbd98cb000 JavaThread "Service Thread" daemon [_thread_blocked, id=12260, stack(0x0000009ef2400000,0x0000009ef2500000)]
=>0x000001fbd98cf000 JavaThread "C2 CompilerThread0" daemon [_thread_in_native, id=12264, stack(0x0000009ef2500000,0x0000009ef2600000)]
  0x000001fbd98d2800 JavaThread "C1 CompilerThread0" daemon [_thread_blocked, id=12268, stack(0x0000009ef2600000,0x0000009ef2700000)]
  0x000001fbda27f800 JavaThread "Sweeper thread" daemon [_thread_blocked, id=12272, stack(0x0000009ef2700000,0x0000009ef2800000)]
  0x000001fbda372800 JavaThread "Common-Cleaner" daemon [_thread_blocked, id=12276, stack(0x0000009ef2800000,0x0000009ef2900000)]
  0x000001fbdcc21800 JavaThread "Daemon health stats" [_thread_blocked, id=11360, stack(0x0000009ef2d00000,0x0000009ef2e00000)]
  0x000001fbdb3c1800 JavaThread "Incoming local TCP Connector on port 53825" [_thread_in_native, id=11348, stack(0x0000009ef2a00000,0x0000009ef2b00000)]
  0x000001fbdcada800 JavaThread "Daemon periodic checks" [_thread_blocked, id=11404, stack(0x0000009ef2e00000,0x0000009ef2f00000)]
  0x000001fbdcd41000 JavaThread "Daemon" [_thread_blocked, id=11400, stack(0x0000009ef2f00000,0x0000009ef3000000)]
  0x000001fbdd42c800 JavaThread "Handler for socket connection from /127.0.0.1:53825 to /127.0.0.1:53826" [_thread_in_native, id=11396, stack(0x0000009ef3000000,0x0000009ef3100000)]
  0x000001fbdd5f7800 JavaThread "Cancel handler" [_thread_blocked, id=11364, stack(0x0000009ef3200000,0x0000009ef3300000)]
  0x000001fbdbad5000 JavaThread "Daemon worker" [_thread_blocked, id=11384, stack(0x0000009ef3300000,0x0000009ef3400000)]
  0x000001fbdbad6000 JavaThread "Asynchronous log dispatcher for DefaultDaemonConnection: socket connection from /127.0.0.1:53825 to /127.0.0.1:53826" [_thread_blocked, id=11380, stack(0x0000009ef3400000,0x0000009ef3500000)]
  0x000001fbdcbd4000 JavaThread "Daemon client event forwarder" [_thread_blocked, id=11376, stack(0x0000009ef3600000,0x0000009ef3700000)]
  0x000001fbdcbd8000 JavaThread "Cache worker for journal cache (C:\Users\TAnh\.gradle\caches\journal-1)" [_thread_blocked, id=11368, stack(0x0000009ef3700000,0x0000009ef3800000)]
  0x000001fbdcbd3000 JavaThread "File lock request listener" [_thread_in_native, id=11344, stack(0x0000009ef3800000,0x0000009ef3900000)]
  0x000001fbdcbd5000 JavaThread "Cache worker for file hash cache (C:\Users\TAnh\.gradle\caches\7.2\fileHashes)" [_thread_blocked, id=11428, stack(0x0000009ef3a00000,0x0000009ef3b00000)]
  0x000001fbdcbd9000 JavaThread "Cache worker for file hash cache (D:\study\Mobile-App-Development\ChatsApp\.gradle\7.2\fileHashes)" [_thread_blocked, id=11552, stack(0x0000009ef3b00000,0x0000009ef3c00000)]
  0x000001fbdcbd7800 JavaThread "File watcher server" daemon [_thread_in_native, id=11620, stack(0x0000009ef3c00000,0x0000009ef3d00000)]
  0x000001fbdcbd5800 JavaThread "File watcher consumer" daemon [_thread_blocked, id=11612, stack(0x0000009ef3d00000,0x0000009ef3e00000)]
  0x000001fbdcbda000 JavaThread "jar transforms" [_thread_blocked, id=11692, stack(0x0000009ef3e00000,0x0000009ef3f00000)]
  0x000001fbdcbd6800 JavaThread "jar transforms Thread 2" [_thread_blocked, id=11688, stack(0x0000009ef3f00000,0x0000009ef4000000)]
  0x000001fbdd4c3800 JavaThread "jar transforms Thread 3" [_thread_blocked, id=11676, stack(0x0000009ef4000000,0x0000009ef4100000)]
  0x000001fbdd4bd800 JavaThread "jar transforms Thread 4" [_thread_blocked, id=11672, stack(0x0000009ef4100000,0x0000009ef4200000)]
  0x000001fbdd4c1000 JavaThread "Cache worker for checksums cache (D:\study\Mobile-App-Development\ChatsApp\.gradle\checksums)" [_thread_blocked, id=11684, stack(0x0000009ef4200000,0x0000009ef4300000)]
  0x000001fbdd4c2800 JavaThread "Cache worker for cache directory md-supplier (C:\Users\TAnh\.gradle\caches\7.2\md-supplier)" [_thread_blocked, id=11652, stack(0x0000009ef4300000,0x0000009ef4400000)]
  0x000001fbdd4c1800 JavaThread "Cache worker for cache directory md-rule (C:\Users\TAnh\.gradle\caches\7.2\md-rule)" [_thread_blocked, id=11648, stack(0x0000009ef4400000,0x0000009ef4500000)]
  0x000001fbdd4c0000 JavaThread "Cache worker for execution history cache (C:\Users\TAnh\.gradle\caches\7.2\executionHistory)" [_thread_blocked, id=11664, stack(0x0000009ef4500000,0x0000009ef4600000)]
  0x000001fbdd4be800 JavaThread "Cache worker for file content cache (C:\Users\TAnh\.gradle\caches\7.2\fileContent)" [_thread_blocked, id=11640, stack(0x0000009ef4600000,0x0000009ef4700000)]
  0x000001fbdd4c6800 JavaThread "Cache worker for dependencies-accessors (D:\study\Mobile-App-Development\ChatsApp\.gradle\7.2\dependencies-accessors)" [_thread_blocked, id=8328, stack(0x0000009ef4700000,0x0000009ef4800000)]
  0x000001fbdd4c8000 JavaThread "Cache worker for Build Output Cleanup Cache (D:\study\Mobile-App-Development\ChatsApp\.gradle\buildOutputCleanup)" [_thread_blocked, id=11844, stack(0x0000009ef4800000,0x0000009ef4900000)]
  0x000001fbdd4ca800 JavaThread "Unconstrained build operations" [_thread_blocked, id=12148, stack(0x0000009ef4a00000,0x0000009ef4b00000)]
  0x000001fbdd4c7800 JavaThread "Unconstrained build operations Thread 2" [_thread_blocked, id=12164, stack(0x0000009ef4b00000,0x0000009ef4c00000)]
  0x000001fbdd4c9000 JavaThread "Unconstrained build operations Thread 3" [_thread_blocked, id=796, stack(0x0000009ef4c00000,0x0000009ef4d00000)]
  0x000001fbdd4ca000 JavaThread "Unconstrained build operations Thread 4" [_thread_blocked, id=11324, stack(0x0000009ef4d00000,0x0000009ef4e00000)]
  0x000001fbdd4cb800 JavaThread "Unconstrained build operations Thread 5" [_thread_blocked, id=11392, stack(0x0000009ef4e00000,0x0000009ef4f00000)]
  0x000001fbdd4c6000 JavaThread "Unconstrained build operations Thread 6" [_thread_blocked, id=12012, stack(0x0000009ef4f00000,0x0000009ef5000000)]
  0x000001fbdd4cc800 JavaThread "Unconstrained build operations Thread 7" [_thread_in_native, id=11528, stack(0x0000009ef5000000,0x0000009ef5100000)]
  0x000001fbe1a50800 JavaThread "Unconstrained build operations Thread 8" [_thread_blocked, id=5652, stack(0x0000009ef5100000,0x0000009ef5200000)]
  0x000001fbe1a53800 JavaThread "Unconstrained build operations Thread 9" [_thread_blocked, id=12028, stack(0x0000009ef5200000,0x0000009ef5300000)]
  0x000001fbe1a51000 JavaThread "Unconstrained build operations Thread 10" [_thread_blocked, id=6880, stack(0x0000009ef5300000,0x0000009ef5400000)]
  0x000001fbe1a52000 JavaThread "Unconstrained build operations Thread 11" [_thread_blocked, id=11696, stack(0x0000009ef5400000,0x0000009ef5500000)]
  0x000001fbe1a53000 JavaThread "Unconstrained build operations Thread 12" [_thread_blocked, id=11592, stack(0x0000009ef5500000,0x0000009ef5600000)]
  0x000001fbe1a54800 JavaThread "Unconstrained build operations Thread 13" [_thread_blocked, id=11588, stack(0x0000009ef5600000,0x0000009ef5700000)]
  0x000001fbe1a55800 JavaThread "Unconstrained build operations Thread 14" [_thread_blocked, id=11576, stack(0x0000009ef5700000,0x0000009ef5800000)]
  0x000001fbe1a4f800 JavaThread "Unconstrained build operations Thread 15" [_thread_in_native, id=11524, stack(0x0000009ef5800000,0x0000009ef5900000)]
  0x000001fbe1a56000 JavaThread "Unconstrained build operations Thread 16" [_thread_blocked, id=6704, stack(0x0000009ef5900000,0x0000009ef5a00000)]
  0x000001fbe1ab8000 JavaThread "Unconstrained build operations Thread 17" [_thread_blocked, id=5128, stack(0x0000009ef5a00000,0x0000009ef5b00000)]
  0x000001fbe1ab9000 JavaThread "Unconstrained build operations Thread 18" [_thread_in_native, id=10564, stack(0x0000009ef5b00000,0x0000009ef5c00000)]
  0x000001fbe1ab5000 JavaThread "Unconstrained build operations Thread 19" [_thread_blocked, id=11668, stack(0x0000009ef5c00000,0x0000009ef5d00000)]
  0x000001fbe1ab6800 JavaThread "Unconstrained build operations Thread 20" [_thread_blocked, id=11604, stack(0x0000009ef5d00000,0x0000009ef5e00000)]
  0x000001fbe1ab6000 JavaThread "Unconstrained build operations Thread 21" [_thread_blocked, id=11596, stack(0x0000009ef5e00000,0x0000009ef5f00000)]
  0x000001fbe1ab7800 JavaThread "Unconstrained build operations Thread 22" [_thread_blocked, id=7804, stack(0x0000009ef5f00000,0x0000009ef6000000)]
  0x000001fbe1ab3800 JavaThread "Unconstrained build operations Thread 23" [_thread_blocked, id=11452, stack(0x0000009ef6000000,0x0000009ef6100000)]
  0x000001fbe1aba000 JavaThread "Unconstrained build operations Thread 24" [_thread_blocked, id=6304, stack(0x0000009ef6100000,0x0000009ef6200000)]
  0x000001fbe1ab4000 JavaThread "Unconstrained build operations Thread 25" [_thread_blocked, id=11608, stack(0x0000009ef6200000,0x0000009ef6300000)]
  0x000001fbe1ac0800 JavaThread "Unconstrained build operations Thread 26" [_thread_blocked, id=2668, stack(0x0000009ef6300000,0x0000009ef6400000)]
  0x000001fbe1aba800 JavaThread "Unconstrained build operations Thread 27" [_thread_blocked, id=7148, stack(0x0000009ef6400000,0x0000009ef6500000)]
  0x000001fbe1abe800 JavaThread "Unconstrained build operations Thread 28" [_thread_blocked, id=4108, stack(0x0000009ef6500000,0x0000009ef6600000)]
  0x000001fbe1abf800 JavaThread "Unconstrained build operations Thread 29" [_thread_blocked, id=7092, stack(0x0000009ef3100000,0x0000009ef3200000)]
  0x000001fbe1ac1000 JavaThread "Unconstrained build operations Thread 30" [_thread_blocked, id=11060, stack(0x0000009ef6600000,0x0000009ef6700000)]
  0x000001fbe1abd000 JavaThread "Unconstrained build operations Thread 31" [_thread_blocked, id=9160, stack(0x0000009ef6700000,0x0000009ef6800000)]
  0x000001fbe1abb800 JavaThread "Unconstrained build operations Thread 32" [_thread_blocked, id=9636, stack(0x0000009ef6800000,0x0000009ef6900000)]
  0x000001fbe1abc800 JavaThread "Unconstrained build operations Thread 33" [_thread_blocked, id=7044, stack(0x0000009ef6900000,0x0000009ef6a00000)]
  0x000001fbe1abe000 JavaThread "Unconstrained build operations Thread 34" [_thread_blocked, id=6336, stack(0x0000009ef6a00000,0x0000009ef6b00000)]
  0x000001fbe1ac2000 JavaThread "Unconstrained build operations Thread 35" [_thread_blocked, id=1280, stack(0x0000009ef6b00000,0x0000009ef6c00000)]
  0x000001fbdf422000 JavaThread "Unconstrained build operations Thread 36" [_thread_blocked, id=12396, stack(0x0000009ef6d00000,0x0000009ef6e00000)]
  0x000001fbdf41f800 JavaThread "Unconstrained build operations Thread 37" [_thread_blocked, id=12400, stack(0x0000009ef6e00000,0x0000009ef6f00000)]
  0x000001fbdf421800 JavaThread "Unconstrained build operations Thread 38" [_thread_blocked, id=12404, stack(0x0000009ef6f00000,0x0000009ef7000000)]
  0x000001fbdf420800 JavaThread "Unconstrained build operations Thread 39" [_thread_blocked, id=12408, stack(0x0000009ef7000000,0x0000009ef7100000)]
  0x000001fbdf41e000 JavaThread "Unconstrained build operations Thread 40" [_thread_in_native, id=12412, stack(0x0000009ef7100000,0x0000009ef7200000)]
  0x000001fbdf423000 JavaThread "Memory manager" [_thread_blocked, id=9092, stack(0x0000009ef1700000,0x0000009ef1800000)]

Other Threads:
  0x000001fbd98a9000 VMThread "VM Thread" [stack: 0x0000009ef1f00000,0x0000009ef2000000] [id=12240]
  0x000001fbda3ac000 WatcherThread [stack: 0x0000009ef2900000,0x0000009ef2a00000] [id=12280]
  0x000001fbbfce6000 GCTaskThread "GC Thread#0" [stack: 0x0000009ef1a00000,0x0000009ef1b00000] [id=12216]
  0x000001fbda6d1800 GCTaskThread "GC Thread#1" [stack: 0x0000009ef2b00000,0x0000009ef2c00000] [id=11308]
  0x000001fbda896800 GCTaskThread "GC Thread#2" [stack: 0x0000009ef2c00000,0x0000009ef2d00000] [id=11304]
  0x000001fbdc22c800 GCTaskThread "GC Thread#3" [stack: 0x0000009ef3900000,0x0000009ef3a00000] [id=11432]
  0x000001fbbfd15800 ConcurrentGCThread "G1 Main Marker" [stack: 0x0000009ef1b00000,0x0000009ef1c00000] [id=12220]
  0x000001fbbfd18000 ConcurrentGCThread "G1 Conc#0" [stack: 0x0000009ef1c00000,0x0000009ef1d00000] [id=12224]
  0x000001fbbfda6800 ConcurrentGCThread "G1 Refine#0" [stack: 0x0000009ef1d00000,0x0000009ef1e00000] [id=12228]
  0x000001fbbfda7800 ConcurrentGCThread "G1 Young RemSet Sampling" [stack: 0x0000009ef1e00000,0x0000009ef1f00000] [id=12232]

Threads with active compile tasks:
C2 CompilerThread0 193146 15459 %     4       org.objectweb.asm.ClassReader::readCode @ 2035 (5109 bytes)

VM state:not at safepoint (normal execution)

VM Mutex/Monitor currently owned by a thread: None

Heap address: 0x0000000080000000, size: 2048 MB, Compressed Oops mode: 32-bit
Narrow klass base: 0x0000000000000000, Narrow klass shift: 3
Compressed class space size: 1073741824 Address: 0x0000000100000000

Heap:
 garbage-first heap   total 229376K, used 145293K [0x0000000080000000, 0x0000000100000000)
  region size 1024K, 23 young (23552K), 4 survivors (4096K)
 Metaspace       used 105730K, capacity 108431K, committed 108660K, reserved 1144832K
  class space    used 13262K, capacity 14244K, committed 14336K, reserved 1048576K
Heap Regions: E=young(eden), S=young(survivor), O=old, HS=humongous(starts), HC=humongous(continues), CS=collection set, F=free, A=archive, TAMS=top-at-mark-start (previous, next)
|   0|0x0000000080000000, 0x0000000080100000, 0x0000000080100000|100%| O|  |TAMS 0x0000000080100000, 0x0000000080000000| Untracked 
|   1|0x0000000080100000, 0x0000000080200000, 0x0000000080200000|100%| O|  |TAMS 0x0000000080200000, 0x0000000080100000| Untracked 
|   2|0x0000000080200000, 0x0000000080300000, 0x0000000080300000|100%| O|  |TAMS 0x0000000080300000, 0x0000000080200000| Untracked 
|   3|0x0000000080300000, 0x0000000080400000, 0x0000000080400000|100%|HS|  |TAMS 0x0000000080400000, 0x0000000080300000| Complete 
|   4|0x0000000080400000, 0x0000000080500000, 0x0000000080500000|100%|HC|  |TAMS 0x0000000080500000, 0x0000000080400000| Complete 
|   5|0x0000000080500000, 0x0000000080600000, 0x0000000080600000|100%|HC|  |TAMS 0x0000000080600000, 0x0000000080500000| Complete 
|   6|0x0000000080600000, 0x0000000080700000, 0x0000000080700000|100%| O|  |TAMS 0x0000000080700000, 0x0000000080600000| Untracked 
|   7|0x0000000080700000, 0x0000000080800000, 0x0000000080800000|100%| O|  |TAMS 0x0000000080800000, 0x0000000080700000| Untracked 
|   8|0x0000000080800000, 0x0000000080900000, 0x0000000080900000|100%| O|  |TAMS 0x0000000080900000, 0x0000000080800000| Untracked 
|   9|0x0000000080900000, 0x0000000080a00000, 0x0000000080a00000|100%|HS|  |TAMS 0x0000000080a00000, 0x0000000080900000| Complete 
|  10|0x0000000080a00000, 0x0000000080b00000, 0x0000000080b00000|100%|HC|  |TAMS 0x0000000080b00000, 0x0000000080a00000| Complete 
|  11|0x0000000080b00000, 0x0000000080c00000, 0x0000000080c00000|100%|HS|  |TAMS 0x0000000080c00000, 0x0000000080b00000| Complete 
|  12|0x0000000080c00000, 0x0000000080d00000, 0x0000000080d00000|100%|HC|  |TAMS 0x0000000080d00000, 0x0000000080c00000| Complete 
|  13|0x0000000080d00000, 0x0000000080e00000, 0x0000000080e00000|100%|HC|  |TAMS 0x0000000080e00000, 0x0000000080d00000| Complete 
|  14|0x0000000080e00000, 0x0000000080f00000, 0x0000000080f00000|100%|HS|  |TAMS 0x0000000080f00000, 0x0000000080e00000| Complete 
|  15|0x0000000080f00000, 0x0000000081000000, 0x0000000081000000|100%|HC|  |TAMS 0x0000000081000000, 0x0000000080f00000| Complete 
|  16|0x0000000081000000, 0x0000000081100000, 0x0000000081100000|100%|HC|  |TAMS 0x0000000081100000, 0x0000000081000000| Complete 
|  17|0x0000000081100000, 0x0000000081200000, 0x0000000081200000|100%|HC|  |TAMS 0x0000000081200000, 0x0000000081100000| Complete 
|  18|0x0000000081200000, 0x0000000081300000, 0x0000000081300000|100%| O|  |TAMS 0x0000000081300000, 0x0000000081200000| Untracked 
|  19|0x0000000081300000, 0x0000000081400000, 0x0000000081400000|100%| O|  |TAMS 0x0000000081400000, 0x0000000081300000| Untracked 
|  20|0x0000000081400000, 0x0000000081500000, 0x0000000081500000|100%| O|  |TAMS 0x0000000081500000, 0x0000000081400000| Untracked 
|  21|0x0000000081500000, 0x0000000081600000, 0x0000000081600000|100%| O|  |TAMS 0x0000000081600000, 0x0000000081500000| Untracked 
|  22|0x0000000081600000, 0x0000000081700000, 0x0000000081700000|100%| O|  |TAMS 0x0000000081700000, 0x0000000081600000| Untracked 
|  23|0x0000000081700000, 0x0000000081800000, 0x0000000081800000|100%| O|  |TAMS 0x0000000081800000, 0x0000000081700000| Untracked 
|  24|0x0000000081800000, 0x0000000081900000, 0x0000000081900000|100%| O|  |TAMS 0x0000000081900000, 0x0000000081800000| Untracked 
|  25|0x0000000081900000, 0x0000000081a00000, 0x0000000081a00000|100%| O|  |TAMS 0x0000000081a00000, 0x0000000081900000| Untracked 
|  26|0x0000000081a00000, 0x0000000081b00000, 0x0000000081b00000|100%| O|  |TAMS 0x0000000081b00000, 0x0000000081a00000| Untracked 
|  27|0x0000000081b00000, 0x0000000081c00000, 0x0000000081c00000|100%| O|  |TAMS 0x0000000081c00000, 0x0000000081b00000| Untracked 
|  28|0x0000000081c00000, 0x0000000081d00000, 0x0000000081d00000|100%| O|  |TAMS 0x0000000081d00000, 0x0000000081c00000| Untracked 
|  29|0x0000000081d00000, 0x0000000081e00000, 0x0000000081e00000|100%| O|  |TAMS 0x0000000081e00000, 0x0000000081d00000| Untracked 
|  30|0x0000000081e00000, 0x0000000081f00000, 0x0000000081f00000|100%| O|  |TAMS 0x0000000081f00000, 0x0000000081e00000| Untracked 
|  31|0x0000000081f00000, 0x0000000082000000, 0x0000000082000000|100%| O|  |TAMS 0x0000000082000000, 0x0000000081f00000| Untracked 
|  32|0x0000000082000000, 0x0000000082100000, 0x0000000082100000|100%| O|  |TAMS 0x0000000082100000, 0x0000000082000000| Untracked 
|  33|0x0000000082100000, 0x0000000082200000, 0x0000000082200000|100%| O|  |TAMS 0x0000000082200000, 0x0000000082100000| Untracked 
|  34|0x0000000082200000, 0x0000000082300000, 0x0000000082300000|100%| O|  |TAMS 0x0000000082300000, 0x0000000082200000| Untracked 
|  35|0x0000000082300000, 0x0000000082400000, 0x0000000082400000|100%|HS|  |TAMS 0x0000000082400000, 0x0000000082300000| Complete 
|  36|0x0000000082400000, 0x0000000082500000, 0x0000000082500000|100%|HC|  |TAMS 0x0000000082500000, 0x0000000082400000| Complete 
|  37|0x0000000082500000, 0x0000000082600000, 0x0000000082600000|100%|HC|  |TAMS 0x0000000082600000, 0x0000000082500000| Complete 
|  38|0x0000000082600000, 0x0000000082700000, 0x0000000082700000|100%| O|  |TAMS 0x0000000082700000, 0x0000000082600000| Untracked 
|  39|0x0000000082700000, 0x0000000082800000, 0x0000000082800000|100%| O|  |TAMS 0x0000000082800000, 0x0000000082700000| Untracked 
|  40|0x0000000082800000, 0x0000000082900000, 0x0000000082900000|100%| O|  |TAMS 0x0000000082900000, 0x0000000082800000| Untracked 
|  41|0x0000000082900000, 0x0000000082a00000, 0x0000000082a00000|100%| O|  |TAMS 0x0000000082a00000, 0x0000000082900000| Untracked 
|  42|0x0000000082a00000, 0x0000000082b00000, 0x0000000082b00000|100%| O|  |TAMS 0x0000000082b00000, 0x0000000082a00000| Untracked 
|  43|0x0000000082b00000, 0x0000000082c00000, 0x0000000082c00000|100%| O|  |TAMS 0x0000000082c00000, 0x0000000082b00000| Untracked 
|  44|0x0000000082c00000, 0x0000000082d00000, 0x0000000082d00000|100%| O|  |TAMS 0x0000000082d00000, 0x0000000082c00000| Untracked 
|  45|0x0000000082d00000, 0x0000000082e00000, 0x0000000082e00000|100%| O|  |TAMS 0x0000000082e00000, 0x0000000082d00000| Untracked 
|  46|0x0000000082e00000, 0x0000000082f00000, 0x0000000082f00000|100%|HS|  |TAMS 0x0000000082f00000, 0x0000000082e00000| Complete 
|  47|0x0000000082f00000, 0x0000000083000000, 0x0000000083000000|100%|HC|  |TAMS 0x0000000083000000, 0x0000000082f00000| Complete 
|  48|0x0000000083000000, 0x0000000083100000, 0x0000000083100000|100%|HC|  |TAMS 0x0000000083100000, 0x0000000083000000| Complete 
|  49|0x0000000083100000, 0x0000000083200000, 0x0000000083200000|100%|HC|  |TAMS 0x0000000083200000, 0x0000000083100000| Complete 
|  50|0x0000000083200000, 0x0000000083300000, 0x0000000083300000|100%| O|  |TAMS 0x0000000083300000, 0x0000000083200000| Untracked 
|  51|0x0000000083300000, 0x0000000083400000, 0x0000000083400000|100%| O|  |TAMS 0x0000000083400000, 0x0000000083300000| Untracked 
|  52|0x0000000083400000, 0x0000000083500000, 0x0000000083500000|100%| O|  |TAMS 0x0000000083500000, 0x0000000083400000| Untracked 
|  53|0x0000000083500000, 0x0000000083600000, 0x0000000083600000|100%| O|  |TAMS 0x0000000083600000, 0x0000000083500000| Untracked 
|  54|0x0000000083600000, 0x0000000083700000, 0x0000000083700000|100%| O|  |TAMS 0x0000000083700000, 0x0000000083600000| Untracked 
|  55|0x0000000083700000, 0x0000000083800000, 0x0000000083800000|100%| O|  |TAMS 0x0000000083800000, 0x0000000083700000| Untracked 
|  56|0x0000000083800000, 0x0000000083900000, 0x0000000083900000|100%| O|  |TAMS 0x0000000083900000, 0x0000000083800000| Untracked 
|  57|0x0000000083900000, 0x0000000083a00000, 0x0000000083a00000|100%| O|  |TAMS 0x0000000083a00000, 0x0000000083900000| Untracked 
|  58|0x0000000083a00000, 0x0000000083b00000, 0x0000000083b00000|100%| O|  |TAMS 0x0000000083b00000, 0x0000000083a00000| Untracked 
|  59|0x0000000083b00000, 0x0000000083c00000, 0x0000000083c00000|100%| O|  |TAMS 0x0000000083c00000, 0x0000000083b00000| Untracked 
|  60|0x0000000083c00000, 0x0000000083d00000, 0x0000000083d00000|100%| O|  |TAMS 0x0000000083d00000, 0x0000000083c00000| Untracked 
|  61|0x0000000083d00000, 0x0000000083e00000, 0x0000000083e00000|100%| O|  |TAMS 0x0000000083e00000, 0x0000000083d00000| Untracked 
|  62|0x0000000083e00000, 0x0000000083f00000, 0x0000000083f00000|100%| O|  |TAMS 0x0000000083f00000, 0x0000000083e00000| Untracked 
|  63|0x0000000083f00000, 0x0000000084000000, 0x0000000084000000|100%| O|  |TAMS 0x0000000084000000, 0x0000000083f00000| Untracked 
|  64|0x0000000084000000, 0x0000000084100000, 0x0000000084100000|100%| O|  |TAMS 0x0000000084100000, 0x0000000084000000| Untracked 
|  65|0x0000000084100000, 0x0000000084200000, 0x0000000084200000|100%| O|  |TAMS 0x0000000084200000, 0x0000000084100000| Untracked 
|  66|0x0000000084200000, 0x0000000084300000, 0x0000000084300000|100%|HS|  |TAMS 0x0000000084300000, 0x0000000084200000| Complete 
|  67|0x0000000084300000, 0x0000000084400000, 0x0000000084400000|100%| O|  |TAMS 0x0000000084400000, 0x0000000084300000| Untracked 
|  68|0x0000000084400000, 0x0000000084500000, 0x0000000084500000|100%|HS|  |TAMS 0x0000000084500000, 0x0000000084400000| Complete 
|  69|0x0000000084500000, 0x0000000084600000, 0x0000000084600000|100%|HS|  |TAMS 0x0000000084600000, 0x0000000084500000| Complete 
|  70|0x0000000084600000, 0x0000000084700000, 0x0000000084700000|100%|HS|  |TAMS 0x0000000084700000, 0x0000000084600000| Complete 
|  71|0x0000000084700000, 0x0000000084800000, 0x0000000084800000|100%|HC|  |TAMS 0x0000000084800000, 0x0000000084700000| Complete 
|  72|0x0000000084800000, 0x0000000084900000, 0x0000000084900000|100%| O|  |TAMS 0x0000000084900000, 0x0000000084800000| Untracked 
|  73|0x0000000084900000, 0x0000000084a00000, 0x0000000084a00000|100%| O|  |TAMS 0x0000000084a00000, 0x0000000084900000| Untracked 
|  74|0x0000000084a00000, 0x0000000084b00000, 0x0000000084b00000|100%| O|  |TAMS 0x0000000084b00000, 0x0000000084a00000| Untracked 
|  75|0x0000000084b00000, 0x0000000084c00000, 0x0000000084c00000|100%| O|  |TAMS 0x0000000084c00000, 0x0000000084b00000| Untracked 
|  76|0x0000000084c00000, 0x0000000084d00000, 0x0000000084d00000|100%| O|  |TAMS 0x0000000084d00000, 0x0000000084c00000| Untracked 
|  77|0x0000000084d00000, 0x0000000084e00000, 0x0000000084e00000|100%| O|  |TAMS 0x0000000084e00000, 0x0000000084d00000| Untracked 
|  78|0x0000000084e00000, 0x0000000084f00000, 0x0000000084f00000|100%| O|  |TAMS 0x0000000084f00000, 0x0000000084e00000| Untracked 
|  79|0x0000000084f00000, 0x0000000085000000, 0x0000000085000000|100%| O|  |TAMS 0x0000000085000000, 0x0000000084f00000| Untracked 
|  80|0x0000000085000000, 0x0000000085100000, 0x0000000085100000|100%| O|  |TAMS 0x0000000085100000, 0x0000000085000000| Untracked 
|  81|0x0000000085100000, 0x0000000085200000, 0x0000000085200000|100%| O|  |TAMS 0x0000000085200000, 0x0000000085100000| Untracked 
|  82|0x0000000085200000, 0x0000000085300000, 0x0000000085300000|100%| O|  |TAMS 0x0000000085300000, 0x0000000085200000| Untracked 
|  83|0x0000000085300000, 0x0000000085400000, 0x0000000085400000|100%| O|  |TAMS 0x0000000085400000, 0x0000000085300000| Untracked 
|  84|0x0000000085400000, 0x0000000085500000, 0x0000000085500000|100%| O|  |TAMS 0x0000000085500000, 0x0000000085400000| Untracked 
|  85|0x0000000085500000, 0x0000000085600000, 0x0000000085600000|100%| O|  |TAMS 0x0000000085600000, 0x0000000085500000| Untracked 
|  86|0x0000000085600000, 0x0000000085700000, 0x0000000085700000|100%| O|  |TAMS 0x0000000085700000, 0x0000000085600000| Untracked 
|  87|0x0000000085700000, 0x0000000085800000, 0x0000000085800000|100%| O|  |TAMS 0x0000000085800000, 0x0000000085700000| Untracked 
|  88|0x0000000085800000, 0x0000000085900000, 0x0000000085900000|100%| O|  |TAMS 0x0000000085900000, 0x0000000085800000| Untracked 
|  89|0x0000000085900000, 0x0000000085a00000, 0x0000000085a00000|100%|HS|  |TAMS 0x0000000085a00000, 0x0000000085900000| Complete 
|  90|0x0000000085a00000, 0x0000000085b00000, 0x0000000085b00000|100%|HC|  |TAMS 0x0000000085b00000, 0x0000000085a00000| Complete 
|  91|0x0000000085b00000, 0x0000000085c00000, 0x0000000085c00000|100%|HS|  |TAMS 0x0000000085c00000, 0x0000000085b00000| Complete 
|  92|0x0000000085c00000, 0x0000000085d00000, 0x0000000085d00000|100%|HC|  |TAMS 0x0000000085d00000, 0x0000000085c00000| Complete 
|  93|0x0000000085d00000, 0x0000000085e00000, 0x0000000085e00000|100%|HC|  |TAMS 0x0000000085e00000, 0x0000000085d00000| Complete 
|  94|0x0000000085e00000, 0x0000000085f00000, 0x0000000085f00000|100%|HS|  |TAMS 0x0000000085f00000, 0x0000000085e00000| Complete 
|  95|0x0000000085f00000, 0x0000000086000000, 0x0000000086000000|100%|HC|  |TAMS 0x0000000086000000, 0x0000000085f00000| Complete 
|  96|0x0000000086000000, 0x0000000086100000, 0x0000000086100000|100%|HC|  |TAMS 0x0000000086100000, 0x0000000086000000| Complete 
|  97|0x0000000086100000, 0x0000000086200000, 0x0000000086200000|100%|HC|  |TAMS 0x0000000086200000, 0x0000000086100000| Complete 
|  98|0x0000000086200000, 0x0000000086300000, 0x0000000086300000|100%| O|  |TAMS 0x0000000086300000, 0x0000000086200000| Untracked 
|  99|0x0000000086300000, 0x0000000086400000, 0x0000000086400000|100%| O|  |TAMS 0x0000000086400000, 0x0000000086300000| Untracked 
| 100|0x0000000086400000, 0x0000000086500000, 0x0000000086500000|100%| O|  |TAMS 0x0000000086500000, 0x0000000086400000| Untracked 
| 101|0x0000000086500000, 0x0000000086600000, 0x0000000086600000|100%| O|  |TAMS 0x0000000086600000, 0x0000000086500000| Untracked 
| 102|0x0000000086600000, 0x0000000086700000, 0x0000000086700000|100%| O|  |TAMS 0x0000000086700000, 0x0000000086600000| Untracked 
| 103|0x0000000086700000, 0x0000000086800000, 0x0000000086800000|100%| O|  |TAMS 0x0000000086800000, 0x0000000086700000| Untracked 
| 104|0x0000000086800000, 0x0000000086900000, 0x0000000086900000|100%| O|  |TAMS 0x0000000086900000, 0x0000000086800000| Untracked 
| 105|0x0000000086900000, 0x0000000086a00000, 0x0000000086a00000|100%| O|  |TAMS 0x0000000086a00000, 0x0000000086900000| Untracked 
| 106|0x0000000086a00000, 0x0000000086b00000, 0x0000000086b00000|100%| O|  |TAMS 0x0000000086b00000, 0x0000000086a00000| Untracked 
| 107|0x0000000086b00000, 0x0000000086c00000, 0x0000000086c00000|100%| O|  |TAMS 0x0000000086c00000, 0x0000000086b00000| Untracked 
| 108|0x0000000086c00000, 0x0000000086d00000, 0x0000000086d00000|100%| O|  |TAMS 0x0000000086d00000, 0x0000000086c00000| Untracked 
| 109|0x0000000086d00000, 0x0000000086e00000, 0x0000000086e00000|100%| O|  |TAMS 0x0000000086e00000, 0x0000000086d00000| Untracked 
| 110|0x0000000086e00000, 0x0000000086f00000, 0x0000000086f00000|100%| O|  |TAMS 0x0000000086f00000, 0x0000000086e00000| Untracked 
| 111|0x0000000086f00000, 0x0000000087000000, 0x0000000087000000|100%| O|  |TAMS 0x0000000087000000, 0x0000000086f00000| Untracked 
| 112|0x0000000087000000, 0x0000000087100000, 0x0000000087100000|100%| O|  |TAMS 0x0000000087100000, 0x0000000087000000| Untracked 
| 113|0x0000000087100000, 0x0000000087200000, 0x0000000087200000|100%| O|  |TAMS 0x0000000087200000, 0x0000000087100000| Untracked 
| 114|0x0000000087200000, 0x0000000087300000, 0x0000000087300000|100%| O|  |TAMS 0x0000000087200000, 0x0000000087200000| Untracked 
| 115|0x0000000087300000, 0x0000000087400000, 0x0000000087400000|100%| O|  |TAMS 0x0000000087400000, 0x0000000087300000| Untracked 
| 116|0x0000000087400000, 0x0000000087500000, 0x0000000087500000|100%| O|  |TAMS 0x0000000087500000, 0x0000000087400000| Untracked 
| 117|0x0000000087500000, 0x0000000087600000, 0x0000000087600000|100%| O|  |TAMS 0x0000000087600000, 0x0000000087500000| Untracked 
| 118|0x0000000087600000, 0x0000000087700000, 0x0000000087700000|100%| O|  |TAMS 0x0000000087700000, 0x0000000087600000| Untracked 
| 119|0x0000000087700000, 0x0000000087710600, 0x0000000087800000|  6%| O|  |TAMS 0x0000000087700000, 0x0000000087700000| Untracked 
| 120|0x0000000087800000, 0x0000000087900000, 0x0000000087900000|100%| O|  |TAMS 0x0000000087900000, 0x0000000087800000| Untracked 
| 121|0x0000000087900000, 0x0000000087a00000, 0x0000000087a00000|100%| O|  |TAMS 0x0000000087961200, 0x0000000087900000| Untracked 
| 122|0x0000000087a00000, 0x0000000087a00000, 0x0000000087b00000|  0%| F|  |TAMS 0x0000000087a00000, 0x0000000087a00000| Untracked 
| 123|0x0000000087b00000, 0x0000000087b00000, 0x0000000087c00000|  0%| F|  |TAMS 0x0000000087b00000, 0x0000000087b00000| Untracked 
| 124|0x0000000087c00000, 0x0000000087c00000, 0x0000000087d00000|  0%| F|  |TAMS 0x0000000087c00000, 0x0000000087c00000| Untracked 
| 125|0x0000000087d00000, 0x0000000087d00000, 0x0000000087e00000|  0%| F|  |TAMS 0x0000000087d00000, 0x0000000087d00000| Untracked 
| 126|0x0000000087e00000, 0x0000000087e00000, 0x0000000087f00000|  0%| F|  |TAMS 0x0000000087e00000, 0x0000000087e00000| Untracked 
| 127|0x0000000087f00000, 0x0000000087f00000, 0x0000000088000000|  0%| F|  |TAMS 0x0000000087f00000, 0x0000000087f00000| Untracked 
| 128|0x0000000088000000, 0x0000000088000000, 0x0000000088100000|  0%| F|  |TAMS 0x0000000088000000, 0x0000000088000000| Untracked 
| 129|0x0000000088100000, 0x0000000088100000, 0x0000000088200000|  0%| F|  |TAMS 0x0000000088100000, 0x0000000088100000| Untracked 
| 130|0x0000000088200000, 0x0000000088200000, 0x0000000088300000|  0%| F|  |TAMS 0x0000000088200000, 0x0000000088200000| Untracked 
| 131|0x0000000088300000, 0x0000000088300000, 0x0000000088400000|  0%| F|  |TAMS 0x0000000088300000, 0x0000000088300000| Untracked 
| 132|0x0000000088400000, 0x0000000088400000, 0x0000000088500000|  0%| F|  |TAMS 0x0000000088400000, 0x0000000088400000| Untracked 
| 133|0x0000000088500000, 0x0000000088500000, 0x0000000088600000|  0%| F|  |TAMS 0x0000000088500000, 0x0000000088500000| Untracked 
| 134|0x0000000088600000, 0x0000000088600000, 0x0000000088700000|  0%| F|  |TAMS 0x0000000088600000, 0x0000000088600000| Untracked 
| 135|0x0000000088700000, 0x0000000088700000, 0x0000000088800000|  0%| F|  |TAMS 0x0000000088700000, 0x0000000088700000| Untracked 
| 136|0x0000000088800000, 0x0000000088800000, 0x0000000088900000|  0%| F|  |TAMS 0x0000000088800000, 0x0000000088800000| Untracked 
| 137|0x0000000088900000, 0x0000000088900000, 0x0000000088a00000|  0%| F|  |TAMS 0x0000000088900000, 0x0000000088900000| Untracked 
| 138|0x0000000088a00000, 0x0000000088a00000, 0x0000000088b00000|  0%| F|  |TAMS 0x0000000088a00000, 0x0000000088a00000| Untracked 
| 139|0x0000000088b00000, 0x0000000088b00000, 0x0000000088c00000|  0%| F|  |TAMS 0x0000000088b00000, 0x0000000088b00000| Untracked 
| 140|0x0000000088c00000, 0x0000000088c00000, 0x0000000088d00000|  0%| F|  |TAMS 0x0000000088c00000, 0x0000000088c00000| Untracked 
| 141|0x0000000088d00000, 0x0000000088d00000, 0x0000000088e00000|  0%| F|  |TAMS 0x0000000088d00000, 0x0000000088d00000| Untracked 
| 142|0x0000000088e00000, 0x0000000088e00000, 0x0000000088f00000|  0%| F|  |TAMS 0x0000000088e00000, 0x0000000088e00000| Untracked 
| 143|0x0000000088f00000, 0x0000000088f00000, 0x0000000089000000|  0%| F|  |TAMS 0x0000000088f00000, 0x0000000088f00000| Untracked 
| 144|0x0000000089000000, 0x0000000089000000, 0x0000000089100000|  0%| F|  |TAMS 0x0000000089000000, 0x0000000089000000| Untracked 
| 145|0x0000000089100000, 0x0000000089100000, 0x0000000089200000|  0%| F|  |TAMS 0x0000000089100000, 0x0000000089100000| Untracked 
| 146|0x0000000089200000, 0x0000000089200000, 0x0000000089300000|  0%| F|  |TAMS 0x0000000089200000, 0x0000000089200000| Untracked 
| 147|0x0000000089300000, 0x0000000089300000, 0x0000000089400000|  0%| F|  |TAMS 0x0000000089300000, 0x0000000089300000| Untracked 
| 148|0x0000000089400000, 0x0000000089400000, 0x0000000089500000|  0%| F|  |TAMS 0x0000000089400000, 0x0000000089400000| Untracked 
| 149|0x0000000089500000, 0x0000000089500000, 0x0000000089600000|  0%| F|  |TAMS 0x0000000089500000, 0x0000000089500000| Untracked 
| 150|0x0000000089600000, 0x0000000089600000, 0x0000000089700000|  0%| F|  |TAMS 0x0000000089600000, 0x0000000089600000| Untracked 
| 151|0x0000000089700000, 0x0000000089700000, 0x0000000089800000|  0%| F|  |TAMS 0x0000000089700000, 0x0000000089700000| Untracked 
| 152|0x0000000089800000, 0x0000000089800000, 0x0000000089900000|  0%| F|  |TAMS 0x0000000089800000, 0x0000000089800000| Untracked 
| 153|0x0000000089900000, 0x0000000089900000, 0x0000000089a00000|  0%| F|  |TAMS 0x0000000089900000, 0x0000000089900000| Untracked 
| 154|0x0000000089a00000, 0x0000000089a00000, 0x0000000089b00000|  0%| F|  |TAMS 0x0000000089a00000, 0x0000000089a00000| Untracked 
| 155|0x0000000089b00000, 0x0000000089b00000, 0x0000000089c00000|  0%| F|  |TAMS 0x0000000089b00000, 0x0000000089b00000| Untracked 
| 156|0x0000000089c00000, 0x0000000089c00000, 0x0000000089d00000|  0%| F|  |TAMS 0x0000000089c00000, 0x0000000089c00000| Untracked 
| 157|0x0000000089d00000, 0x0000000089d00000, 0x0000000089e00000|  0%| F|  |TAMS 0x0000000089d00000, 0x0000000089d00000| Untracked 
| 158|0x0000000089e00000, 0x0000000089e00000, 0x0000000089f00000|  0%| F|  |TAMS 0x0000000089e00000, 0x0000000089e00000| Untracked 
| 159|0x0000000089f00000, 0x0000000089f00000, 0x000000008a000000|  0%| F|  |TAMS 0x0000000089f00000, 0x0000000089f00000| Untracked 
| 160|0x000000008a000000, 0x000000008a000000, 0x000000008a100000|  0%| F|  |TAMS 0x000000008a000000, 0x000000008a000000| Untracked 
| 161|0x000000008a100000, 0x000000008a100000, 0x000000008a200000|  0%| F|  |TAMS 0x000000008a100000, 0x000000008a100000| Untracked 
| 162|0x000000008a200000, 0x000000008a200000, 0x000000008a300000|  0%| F|  |TAMS 0x000000008a200000, 0x000000008a200000| Untracked 
| 163|0x000000008a300000, 0x000000008a300000, 0x000000008a400000|  0%| F|  |TAMS 0x000000008a300000, 0x000000008a300000| Untracked 
| 164|0x000000008a400000, 0x000000008a4d3000, 0x000000008a500000| 82%| S|CS|TAMS 0x000000008a400000, 0x000000008a400000| Complete 
| 165|0x000000008a500000, 0x000000008a500000, 0x000000008a600000|  0%| F|  |TAMS 0x000000008a500000, 0x000000008a500000| Untracked 
| 166|0x000000008a600000, 0x000000008a600000, 0x000000008a700000|  0%| F|  |TAMS 0x000000008a600000, 0x000000008a600000| Untracked 
| 167|0x000000008a700000, 0x000000008a700000, 0x000000008a800000|  0%| F|  |TAMS 0x000000008a700000, 0x000000008a700000| Untracked 
| 168|0x000000008a800000, 0x000000008a800000, 0x000000008a900000|  0%| F|  |TAMS 0x000000008a800000, 0x000000008a800000| Untracked 
| 169|0x000000008a900000, 0x000000008a900000, 0x000000008aa00000|  0%| F|  |TAMS 0x000000008a900000, 0x000000008a900000| Untracked 
| 170|0x000000008aa00000, 0x000000008aa00000, 0x000000008ab00000|  0%| F|  |TAMS 0x000000008aa00000, 0x000000008aa00000| Untracked 
| 171|0x000000008ab00000, 0x000000008ac00000, 0x000000008ac00000|100%| S|CS|TAMS 0x000000008ab00000, 0x000000008ab00000| Complete 
| 172|0x000000008ac00000, 0x000000008ad00000, 0x000000008ad00000|100%| S|CS|TAMS 0x000000008ac00000, 0x000000008ac00000| Complete 
| 173|0x000000008ad00000, 0x000000008ae00000, 0x000000008ae00000|100%| S|CS|TAMS 0x000000008ad00000, 0x000000008ad00000| Complete 
| 174|0x000000008ae00000, 0x000000008ae00000, 0x000000008af00000|  0%| F|  |TAMS 0x000000008ae00000, 0x000000008ae00000| Untracked 
| 175|0x000000008af00000, 0x000000008af00000, 0x000000008b000000|  0%| F|  |TAMS 0x000000008af00000, 0x000000008af00000| Untracked 
| 176|0x000000008b000000, 0x000000008b000000, 0x000000008b100000|  0%| F|  |TAMS 0x000000008b000000, 0x000000008b000000| Untracked 
| 177|0x000000008b100000, 0x000000008b100000, 0x000000008b200000|  0%| F|  |TAMS 0x000000008b100000, 0x000000008b100000| Untracked 
| 178|0x000000008b200000, 0x000000008b200000, 0x000000008b300000|  0%| F|  |TAMS 0x000000008b200000, 0x000000008b200000| Untracked 
| 179|0x000000008b300000, 0x000000008b300000, 0x000000008b400000|  0%| F|  |TAMS 0x000000008b300000, 0x000000008b300000| Untracked 
| 180|0x000000008b400000, 0x000000008b400000, 0x000000008b500000|  0%| F|  |TAMS 0x000000008b400000, 0x000000008b400000| Untracked 
| 181|0x000000008b500000, 0x000000008b500000, 0x000000008b600000|  0%| F|  |TAMS 0x000000008b500000, 0x000000008b500000| Untracked 
| 182|0x000000008b600000, 0x000000008b600000, 0x000000008b700000|  0%| F|  |TAMS 0x000000008b600000, 0x000000008b600000| Untracked 
| 183|0x000000008b700000, 0x000000008b700000, 0x000000008b800000|  0%| F|  |TAMS 0x000000008b700000, 0x000000008b700000| Untracked 
| 184|0x000000008b800000, 0x000000008b800000, 0x000000008b900000|  0%| F|  |TAMS 0x000000008b800000, 0x000000008b800000| Untracked 
| 185|0x000000008b900000, 0x000000008b900000, 0x000000008ba00000|  0%| F|  |TAMS 0x000000008b900000, 0x000000008b900000| Untracked 
| 186|0x000000008ba00000, 0x000000008ba00000, 0x000000008bb00000|  0%| F|  |TAMS 0x000000008ba00000, 0x000000008ba00000| Untracked 
| 187|0x000000008bb00000, 0x000000008bb00000, 0x000000008bc00000|  0%| F|  |TAMS 0x000000008bb00000, 0x000000008bb00000| Untracked 
| 188|0x000000008bc00000, 0x000000008bc00000, 0x000000008bd00000|  0%| F|  |TAMS 0x000000008bc00000, 0x000000008bc00000| Untracked 
| 189|0x000000008bd00000, 0x000000008bd00000, 0x000000008be00000|  0%| F|  |TAMS 0x000000008bd00000, 0x000000008bd00000| Untracked 
| 190|0x000000008be00000, 0x000000008be00000, 0x000000008bf00000|  0%| F|  |TAMS 0x000000008be00000, 0x000000008be00000| Untracked 
| 191|0x000000008bf00000, 0x000000008bf00000, 0x000000008c000000|  0%| F|  |TAMS 0x000000008bf00000, 0x000000008bf00000| Untracked 
| 192|0x000000008c000000, 0x000000008c000000, 0x000000008c100000|  0%| F|  |TAMS 0x000000008c000000, 0x000000008c000000| Untracked 
| 193|0x000000008c100000, 0x000000008c100000, 0x000000008c200000|  0%| F|  |TAMS 0x000000008c100000, 0x000000008c100000| Untracked 
| 194|0x000000008c200000, 0x000000008c200000, 0x000000008c300000|  0%| F|  |TAMS 0x000000008c200000, 0x000000008c200000| Untracked 
| 195|0x000000008c300000, 0x000000008c300000, 0x000000008c400000|  0%| F|  |TAMS 0x000000008c300000, 0x000000008c300000| Untracked 
| 196|0x000000008c400000, 0x000000008c400000, 0x000000008c500000|  0%| F|  |TAMS 0x000000008c400000, 0x000000008c400000| Untracked 
| 197|0x000000008c500000, 0x000000008c500000, 0x000000008c600000|  0%| F|  |TAMS 0x000000008c500000, 0x000000008c500000| Untracked 
| 198|0x000000008c600000, 0x000000008c600000, 0x000000008c700000|  0%| F|  |TAMS 0x000000008c600000, 0x000000008c600000| Untracked 
| 199|0x000000008c700000, 0x000000008c700000, 0x000000008c800000|  0%| F|  |TAMS 0x000000008c700000, 0x000000008c700000| Untracked 
| 200|0x000000008c800000, 0x000000008c800000, 0x000000008c900000|  0%| F|  |TAMS 0x000000008c800000, 0x000000008c800000| Untracked 
| 201|0x000000008c900000, 0x000000008c900000, 0x000000008ca00000|  0%| F|  |TAMS 0x000000008c900000, 0x000000008c900000| Untracked 
| 202|0x000000008ca00000, 0x000000008ca00000, 0x000000008cb00000|  0%| F|  |TAMS 0x000000008ca00000, 0x000000008ca00000| Untracked 
| 203|0x000000008cb00000, 0x000000008cb00000, 0x000000008cc00000|  0%| F|  |TAMS 0x000000008cb00000, 0x000000008cb00000| Untracked 
| 204|0x000000008cc00000, 0x000000008cc00000, 0x000000008cd00000|  0%| F|  |TAMS 0x000000008cc00000, 0x000000008cc00000| Untracked 
| 205|0x000000008cd00000, 0x000000008cdc5950, 0x000000008ce00000| 77%| E|  |TAMS 0x000000008cd00000, 0x000000008cd00000| Complete 
| 206|0x000000008ce00000, 0x000000008cf00000, 0x000000008cf00000|100%| E|CS|TAMS 0x000000008ce00000, 0x000000008ce00000| Complete 
| 207|0x000000008cf00000, 0x000000008d000000, 0x000000008d000000|100%| E|CS|TAMS 0x000000008cf00000, 0x000000008cf00000| Complete 
| 208|0x000000008d000000, 0x000000008d100000, 0x000000008d100000|100%| E|CS|TAMS 0x000000008d000000, 0x000000008d000000| Complete 
| 209|0x000000008d100000, 0x000000008d200000, 0x000000008d200000|100%| E|CS|TAMS 0x000000008d100000, 0x000000008d100000| Complete 
| 210|0x000000008d200000, 0x000000008d300000, 0x000000008d300000|100%| E|  |TAMS 0x000000008d200000, 0x000000008d200000| Complete 
| 211|0x000000008d300000, 0x000000008d400000, 0x000000008d400000|100%| E|CS|TAMS 0x000000008d300000, 0x000000008d300000| Complete 
| 212|0x000000008d400000, 0x000000008d500000, 0x000000008d500000|100%| E|CS|TAMS 0x000000008d400000, 0x000000008d400000| Complete 
| 213|0x000000008d500000, 0x000000008d600000, 0x000000008d600000|100%| E|CS|TAMS 0x000000008d500000, 0x000000008d500000| Complete 
| 214|0x000000008d600000, 0x000000008d700000, 0x000000008d700000|100%| E|CS|TAMS 0x000000008d600000, 0x000000008d600000| Complete 
| 215|0x000000008d700000, 0x000000008d800000, 0x000000008d800000|100%| E|CS|TAMS 0x000000008d700000, 0x000000008d700000| Complete 
| 216|0x000000008d800000, 0x000000008d900000, 0x000000008d900000|100%| E|CS|TAMS 0x000000008d800000, 0x000000008d800000| Complete 
| 217|0x000000008d900000, 0x000000008da00000, 0x000000008da00000|100%| E|CS|TAMS 0x000000008d900000, 0x000000008d900000| Complete 
| 218|0x000000008da00000, 0x000000008db00000, 0x000000008db00000|100%| E|CS|TAMS 0x000000008da00000, 0x000000008da00000| Complete 
| 219|0x000000008db00000, 0x000000008dc00000, 0x000000008dc00000|100%| E|CS|TAMS 0x000000008db00000, 0x000000008db00000| Complete 
| 220|0x000000008dc00000, 0x000000008dd00000, 0x000000008dd00000|100%| E|CS|TAMS 0x000000008dc00000, 0x000000008dc00000| Complete 
| 221|0x000000008dd00000, 0x000000008de00000, 0x000000008de00000|100%| E|CS|TAMS 0x000000008dd00000, 0x000000008dd00000| Complete 
| 222|0x000000008de00000, 0x000000008df00000, 0x000000008df00000|100%| E|CS|TAMS 0x000000008de00000, 0x000000008de00000| Complete 
| 223|0x000000008df00000, 0x000000008e000000, 0x000000008e000000|100%| E|CS|TAMS 0x000000008df00000, 0x000000008df00000| Complete 

Card table byte_map: [0x000001fbd2bd0000,0x000001fbd2fd0000] _byte_map_base: 0x000001fbd27d0000

Marking Bits (Prev, Next): (CMBitMap*) 0x000001fbbfd0cd90, (CMBitMap*) 0x000001fbbfd0cd58
 Prev Bits: [0x000001fbd53d0000, 0x000001fbd73d0000)
 Next Bits: [0x000001fbd33d0000, 0x000001fbd53d0000)

Polling page: 0x000001fbbf4b0000

Metaspace:

Usage:
  Non-class:     91.98 MB capacity,    90.30 MB ( 98%) used,     1.40 MB (  2%) free+waste,   284.38 KB ( <1%) overhead. 
      Class:     13.91 MB capacity,    12.95 MB ( 93%) used,   853.99 KB (  6%) free+waste,   127.63 KB ( <1%) overhead. 
       Both:    105.89 MB capacity,   103.25 MB ( 98%) used,     2.24 MB (  2%) free+waste,   412.00 KB ( <1%) overhead. 

Virtual space:
  Non-class space:       94.00 MB reserved,      92.11 MB ( 98%) committed 
      Class space:        1.00 GB reserved,      14.00 MB (  1%) committed 
             Both:        1.09 GB reserved,     106.11 MB (  9%) committed 

Chunk freelists:
   Non-Class:  9.00 KB
       Class:  0 bytes
        Both:  9.00 KB

MaxMetaspaceSize: 17179869184.00 GB
CompressedClassSpaceSize: 1.00 GB

CodeHeap 'non-profiled nmethods': size=120064Kb used=10658Kb max_used=10658Kb free=109405Kb
 bounds [0x000001fbcb290000, 0x000001fbcbd00000, 0x000001fbd27d0000]
CodeHeap 'profiled nmethods': size=120000Kb used=33575Kb max_used=33575Kb free=86424Kb
 bounds [0x000001fbc3d60000, 0x000001fbc5e40000, 0x000001fbcb290000]
CodeHeap 'non-nmethods': size=5696Kb used=2333Kb max_used=2387Kb free=3362Kb
 bounds [0x000001fbc37d0000, 0x000001fbc3a40000, 0x000001fbc3d60000]
 total_blobs=15340 nmethods=14393 adapters=857
 compilation: enabled
              stopped_count=0, restarted_count=0
 full_count=0

Compilation events (20 events):
Event: 193.011 Thread 0x000001fbd98d2800 15490       2       org.gradle.api.internal.artifacts.repositories.resolver.MavenResolver::lambda$createArtifactResolver$0 (33 bytes)
Event: 193.011 Thread 0x000001fbd98d2800 nmethod 15490 0x000001fbc5e31090 code [0x000001fbc5e31280, 0x000001fbc5e31578]
Event: 193.011 Thread 0x000001fbd98d2800 15491       2       org.gradle.api.internal.artifacts.repositories.resolver.ExternalResourceResolver::createArtifactResolver (5 bytes)
Event: 193.011 Thread 0x000001fbd98d2800 nmethod 15491 0x000001fbc5e31790 code [0x000001fbc5e31940, 0x000001fbc5e31b68]
Event: 193.015 Thread 0x000001fbd98d2800 15492       2       org.gradle.internal.resource.transport.DefaultExternalResourceRepository::resource (7 bytes)
Event: 193.016 Thread 0x000001fbd98d2800 nmethod 15492 0x000001fbc5e31c90 code [0x000001fbc5e31e60, 0x000001fbc5e321a8]
Event: 193.016 Thread 0x000001fbd98d2800 15493       2       sun.security.jca.ProviderList::getIndex (38 bytes)
Event: 193.017 Thread 0x000001fbd98d2800 nmethod 15493 0x000001fbc5e32310 code [0x000001fbc5e324e0, 0x000001fbc5e326f8]
Event: 193.017 Thread 0x000001fbd98d2800 15494       2       org.gradle.internal.resource.BuildOperationFiringExternalResourceDecorator$11::description (8 bytes)
Event: 193.017 Thread 0x000001fbd98d2800 nmethod 15494 0x000001fbc5e32890 code [0x000001fbc5e32a40, 0x000001fbc5e32b68]
Event: 193.017 Thread 0x000001fbd98d2800 15495       2       java.security.Security::getProvider (8 bytes)
Event: 193.018 Thread 0x000001fbd98d2800 nmethod 15495 0x000001fbc5e32c90 code [0x000001fbc5e32e80, 0x000001fbc5e330c8]
Event: 193.018 Thread 0x000001fbd98d2800 15498       2       sun.security.jca.GetInstance::getService (66 bytes)
Event: 193.018 Thread 0x000001fbd98d2800 nmethod 15498 0x000001fbc5e33290 code [0x000001fbc5e334e0, 0x000001fbc5e33a18]
Event: 193.018 Thread 0x000001fbd98d2800 15496       2       javax.crypto.Mac::<init> (36 bytes)
Event: 193.019 Thread 0x000001fbd98d2800 nmethod 15496 0x000001fbc5e33d10 code [0x000001fbc5e33ec0, 0x000001fbc5e34178]
Event: 193.019 Thread 0x000001fbd98d2800 15497       2       javax.crypto.MacSpi::<init> (5 bytes)
Event: 193.019 Thread 0x000001fbd98d2800 nmethod 15497 0x000001fbc5e34210 code [0x000001fbc5e343c0, 0x000001fbc5e344b8]
Event: 193.019 Thread 0x000001fbd98d2800 15499       2       sun.security.ssl.SSLTrafficKeyDerivation$KeySchedule::getKeyLength (40 bytes)
Event: 193.019 Thread 0x000001fbd98d2800 nmethod 15499 0x000001fbc5e34590 code [0x000001fbc5e34740, 0x000001fbc5e348b8]

GC Heap History (20 events):
Event: 183.313 GC heap before
{Heap before GC invocations=53 (full 0):
 garbage-first heap   total 229376K, used 171927K [0x0000000080000000, 0x0000000100000000)
  region size 1024K, 52 young (53248K), 4 survivors (4096K)
 Metaspace       used 105164K, capacity 107772K, committed 107892K, reserved 1142784K
  class space    used 13240K, capacity 14233K, committed 14336K, reserved 1048576K
}
Event: 183.321 GC heap after
{Heap after GC invocations=54 (full 0):
 garbage-first heap   total 229376K, used 123867K [0x0000000080000000, 0x0000000100000000)
  region size 1024K, 4 young (4096K), 4 survivors (4096K)
 Metaspace       used 105164K, capacity 107772K, committed 107892K, reserved 1142784K
  class space    used 13240K, capacity 14233K, committed 14336K, reserved 1048576K
}
Event: 184.262 GC heap before
{Heap before GC invocations=55 (full 0):
 garbage-first heap   total 229376K, used 179163K [0x0000000080000000, 0x0000000100000000)
  region size 1024K, 57 young (58368K), 4 survivors (4096K)
 Metaspace       used 105224K, capacity 107977K, committed 108148K, reserved 1142784K
  class space    used 13241K, capacity 14235K, committed 14336K, reserved 1048576K
}
Event: 184.268 GC heap after
{Heap after GC invocations=56 (full 0):
 garbage-first heap   total 229376K, used 123360K [0x0000000080000000, 0x0000000100000000)
  region size 1024K, 4 young (4096K), 4 survivors (4096K)
 Metaspace       used 105224K, capacity 107977K, committed 108148K, reserved 1142784K
  class space    used 13241K, capacity 14235K, committed 14336K, reserved 1048576K
}
Event: 188.746 GC heap before
{Heap before GC invocations=56 (full 0):
 garbage-first heap   total 229376K, used 179680K [0x0000000080000000, 0x0000000100000000)
  region size 1024K, 60 young (61440K), 4 survivors (4096K)
 Metaspace       used 105374K, capacity 108083K, committed 108404K, reserved 1142784K
  class space    used 13244K, capacity 14241K, committed 14336K, reserved 1048576K
}
Event: 188.753 GC heap after
{Heap after GC invocations=57 (full 0):
 garbage-first heap   total 229376K, used 124215K [0x0000000080000000, 0x0000000100000000)
  region size 1024K, 5 young (5120K), 5 survivors (5120K)
 Metaspace       used 105374K, capacity 108083K, committed 108404K, reserved 1142784K
  class space    used 13244K, capacity 14241K, committed 14336K, reserved 1048576K
}
Event: 191.014 GC heap before
{Heap before GC invocations=58 (full 0):
 garbage-first heap   total 229376K, used 182583K [0x0000000080000000, 0x0000000100000000)
  region size 1024K, 63 young (64512K), 5 survivors (5120K)
 Metaspace       used 105658K, capacity 108361K, committed 108660K, reserved 1144832K
  class space    used 13262K, capacity 14244K, committed 14336K, reserved 1048576K
}
Event: 191.025 GC heap after
{Heap after GC invocations=59 (full 0):
 garbage-first heap   total 229376K, used 125082K [0x0000000080000000, 0x0000000100000000)
  region size 1024K, 5 young (5120K), 5 survivors (5120K)
 Metaspace       used 105658K, capacity 108361K, committed 108660K, reserved 1144832K
  class space    used 13262K, capacity 14244K, committed 14336K, reserved 1048576K
}
Event: 191.026 GC heap before
{Heap before GC invocations=59 (full 0):
 garbage-first heap   total 229376K, used 125082K [0x0000000080000000, 0x0000000100000000)
  region size 1024K, 6 young (6144K), 5 survivors (5120K)
 Metaspace       used 105658K, capacity 108361K, committed 108660K, reserved 1144832K
  class space    used 13262K, capacity 14244K, committed 14336K, reserved 1048576K
}
Event: 191.038 GC heap after
{Heap after GC invocations=60 (full 0):
 garbage-first heap   total 229376K, used 125520K [0x0000000080000000, 0x0000000100000000)
  region size 1024K, 5 young (5120K), 5 survivors (5120K)
 Metaspace       used 105658K, capacity 108361K, committed 108660K, reserved 1144832K
  class space    used 13262K, capacity 14244K, committed 14336K, reserved 1048576K
}
Event: 191.713 GC heap before
{Heap before GC invocations=61 (full 0):
 garbage-first heap   total 229376K, used 140880K [0x0000000080000000, 0x0000000100000000)
  region size 1024K, 20 young (20480K), 5 survivors (5120K)
 Metaspace       used 105698K, capacity 108365K, committed 108660K, reserved 1144832K
  class space    used 13262K, capacity 14244K, committed 14336K, reserved 1048576K
}
Event: 191.722 GC heap after
{Heap after GC invocations=62 (full 0):
 garbage-first heap   total 229376K, used 125290K [0x0000000080000000, 0x0000000100000000)
  region size 1024K, 3 young (3072K), 3 survivors (3072K)
 Metaspace       used 105698K, capacity 108365K, committed 108660K, reserved 1144832K
  class space    used 13262K, capacity 14244K, committed 14336K, reserved 1048576K
}
Event: 192.278 GC heap before
{Heap before GC invocations=63 (full 0):
 garbage-first heap   total 229376K, used 171370K [0x0000000080000000, 0x0000000100000000)
  region size 1024K, 48 young (49152K), 3 survivors (3072K)
 Metaspace       used 105701K, capacity 108365K, committed 108660K, reserved 1144832K
  class space    used 13262K, capacity 14244K, committed 14336K, reserved 1048576K
}
Event: 192.283 GC heap after
{Heap after GC invocations=64 (full 0):
 garbage-first heap   total 229376K, used 125300K [0x0000000080000000, 0x0000000100000000)
  region size 1024K, 3 young (3072K), 3 survivors (3072K)
 Metaspace       used 105701K, capacity 108365K, committed 108660K, reserved 1144832K
  class space    used 13262K, capacity 14244K, committed 14336K, reserved 1048576K
}
Event: 192.313 GC heap before
{Heap before GC invocations=64 (full 0):
 garbage-first heap   total 229376K, used 131444K [0x0000000080000000, 0x0000000100000000)
  region size 1024K, 11 young (11264K), 3 survivors (3072K)
 Metaspace       used 105701K, capacity 108365K, committed 108660K, reserved 1144832K
  class space    used 13262K, capacity 14244K, committed 14336K, reserved 1048576K
}
Event: 192.318 GC heap after
{Heap after GC invocations=65 (full 0):
 garbage-first heap   total 229376K, used 126247K [0x0000000080000000, 0x0000000100000000)
  region size 1024K, 4 young (4096K), 4 survivors (4096K)
 Metaspace       used 105701K, capacity 108365K, committed 108660K, reserved 1144832K
  class space    used 13262K, capacity 14244K, committed 14336K, reserved 1048576K
}
Event: 192.465 GC heap before
{Heap before GC invocations=65 (full 0):
 garbage-first heap   total 229376K, used 178471K [0x0000000080000000, 0x0000000100000000)
  region size 1024K, 53 young (54272K), 4 survivors (4096K)
 Metaspace       used 105704K, capacity 108365K, committed 108660K, reserved 1144832K
  class space    used 13262K, capacity 14244K, committed 14336K, reserved 1048576K
}
Event: 192.471 GC heap after
{Heap after GC invocations=66 (full 0):
 garbage-first heap   total 229376K, used 127781K [0x0000000080000000, 0x0000000100000000)
  region size 1024K, 6 young (6144K), 6 survivors (6144K)
 Metaspace       used 105704K, capacity 108365K, committed 108660K, reserved 1144832K
  class space    used 13262K, capacity 14244K, committed 14336K, reserved 1048576K
}
Event: 192.640 GC heap before
{Heap before GC invocations=66 (full 0):
 garbage-first heap   total 229376K, used 178981K [0x0000000080000000, 0x0000000100000000)
  region size 1024K, 56 young (57344K), 6 survivors (6144K)
 Metaspace       used 105707K, capacity 108365K, committed 108660K, reserved 1144832K
  class space    used 13262K, capacity 14244K, committed 14336K, reserved 1048576K
}
Event: 192.648 GC heap after
{Heap after GC invocations=67 (full 0):
 garbage-first heap   total 229376K, used 127885K [0x0000000080000000, 0x0000000100000000)
  region size 1024K, 4 young (4096K), 4 survivors (4096K)
 Metaspace       used 105707K, capacity 108365K, committed 108660K, reserved 1144832K
  class space    used 13262K, capacity 14244K, committed 14336K, reserved 1048576K
}

Deoptimization events (20 events):
Event: 189.750 Thread 0x000001fbe1abf800 Uncommon trap: trap_request=0xffffff4d fr.pc=0x000001fbcba978d8 relative=0x0000000000000198
Event: 189.750 Thread 0x000001fbe1abf800 Uncommon trap: reason=unstable_if action=reinterpret pc=0x000001fbcba978d8 method=java.util.concurrent.TimeUnit.convert(JLjava/util/concurrent/TimeUnit;)J @ 8 c2
Event: 189.750 Thread 0x000001fbe1abf800 DEOPT PACKING pc=0x000001fbcba978d8 sp=0x0000009ef31fae90
Event: 189.750 Thread 0x000001fbe1abf800 DEOPT UNPACKING pc=0x000001fbc37f662f sp=0x0000009ef31fae40 mode 2
Event: 189.934 Thread 0x000001fbe1ab8000 DEOPT PACKING pc=0x000001fbc45c5ce7 sp=0x0000009ef5afa6a0
Event: 189.934 Thread 0x000001fbe1ab8000 DEOPT UNPACKING pc=0x000001fbc37f6dde sp=0x0000009ef5af9bc8 mode 0
Event: 189.996 Thread 0x000001fbe1abe800 DEOPT PACKING pc=0x000001fbc5c4692a sp=0x0000009ef65fb860
Event: 189.996 Thread 0x000001fbe1abe800 DEOPT UNPACKING pc=0x000001fbc37f6dde sp=0x0000009ef65fae30 mode 0
Event: 192.330 Thread 0x000001fbe1ab3800 Uncommon trap: trap_request=0xffffff4d fr.pc=0x000001fbcbc8e2f8 relative=0x0000000000000f78
Event: 192.330 Thread 0x000001fbe1ab3800 Uncommon trap: reason=unstable_if action=reinterpret pc=0x000001fbcbc8e2f8 method=org.objectweb.asm.SymbolTable.addConstantUtf8(Ljava/lang/String;)I @ 40 c2
Event: 192.330 Thread 0x000001fbe1ab3800 DEOPT PACKING pc=0x000001fbcbc8e2f8 sp=0x0000009ef60fa330
Event: 192.330 Thread 0x000001fbe1ab3800 DEOPT UNPACKING pc=0x000001fbc37f662f sp=0x0000009ef60fa300 mode 2
Event: 192.340 Thread 0x000001fbe1ab3800 Uncommon trap: trap_request=0xffffff4d fr.pc=0x000001fbcbcd9d80 relative=0x0000000000008fe0
Event: 192.340 Thread 0x000001fbe1ab3800 Uncommon trap: reason=unstable_if action=reinterpret pc=0x000001fbcbcd9d80 method=org.objectweb.asm.ClassReader.readCode(Lorg/objectweb/asm/MethodVisitor;Lorg/objectweb/asm/Context;I)V @ 119 c2
Event: 192.340 Thread 0x000001fbe1ab3800 DEOPT PACKING pc=0x000001fbcbcd9d80 sp=0x0000009ef60fa590
Event: 192.340 Thread 0x000001fbe1ab3800 DEOPT UNPACKING pc=0x000001fbc37f662f sp=0x0000009ef60fa4f8 mode 2
Event: 193.016 Thread 0x000001fbdd4cc800 Uncommon trap: trap_request=0xffffffbe fr.pc=0x000001fbcbc821dc relative=0x0000000000000b3c
Event: 193.016 Thread 0x000001fbdd4cc800 Uncommon trap: reason=profile_predicate action=maybe_recompile pc=0x000001fbcbc821dc method=sun.security.ssl.SSLTransport.decode(Lsun/security/ssl/TransportContext;[Ljava/nio/ByteBuffer;II[Ljava/nio/ByteBuffer;II)Lsun/security/ssl/Plaintext; @ 181 c2
Event: 193.016 Thread 0x000001fbdd4cc800 DEOPT PACKING pc=0x000001fbcbc821dc sp=0x0000009ef50fbf00
Event: 193.016 Thread 0x000001fbdd4cc800 DEOPT UNPACKING pc=0x000001fbc37f662f sp=0x0000009ef50fbe88 mode 2

Classes redefined (0 events):
No events

Internal exceptions (20 events):
Event: 189.739 Thread 0x000001fbe1abf800 Exception <a 'sun/nio/fs/WindowsException'{0x000000008bedfb90}> (0x000000008bedfb90) thrown at [./src/hotspot/share/prims/jni.cpp, line 615]
Event: 189.739 Thread 0x000001fbe1abf800 Exception <a 'sun/nio/fs/WindowsException'{0x000000008bedfd20}> (0x000000008bedfd20) thrown at [./src/hotspot/share/prims/jni.cpp, line 615]
Event: 189.739 Thread 0x000001fbe1abf800 Exception <a 'sun/nio/fs/WindowsException'{0x000000008bee1a90}> (0x000000008bee1a90) thrown at [./src/hotspot/share/prims/jni.cpp, line 615]
Event: 189.740 Thread 0x000001fbe1abf800 Exception <a 'sun/nio/fs/WindowsException'{0x000000008bee1d38}> (0x000000008bee1d38) thrown at [./src/hotspot/share/prims/jni.cpp, line 615]
Event: 189.954 Thread 0x000001fbe1ab8000 Exception <a 'sun/nio/fs/WindowsException'{0x000000008b1ad598}> (0x000000008b1ad598) thrown at [./src/hotspot/share/prims/jni.cpp, line 615]
Event: 190.020 Thread 0x000001fbe1abe800 Exception <a 'sun/nio/fs/WindowsException'{0x000000008acafdb8}> (0x000000008acafdb8) thrown at [./src/hotspot/share/prims/jni.cpp, line 615]
Event: 190.309 Thread 0x000001fbe1ab4000 Exception <a 'sun/nio/fs/WindowsException'{0x000000008aae2d10}> (0x000000008aae2d10) thrown at [./src/hotspot/share/prims/jni.cpp, line 615]
Event: 190.341 Thread 0x000001fbe1aba800 Exception <a 'java/net/SocketTimeoutException'{0x000000008a978358}: Read timed out> (0x000000008a978358) thrown at [./src/hotspot/share/prims/jni.cpp, line 636]
Event: 190.564 Thread 0x000001fbe1a53000 Exception <a 'java/net/SocketTimeoutException'{0x000000008c0b2b88}: Read timed out> (0x000000008c0b2b88) thrown at [./src/hotspot/share/prims/jni.cpp, line 636]
Event: 191.044 Thread 0x000001fbe1aba800 Exception <a 'sun/nio/fs/WindowsException'{0x000000008d804130}> (0x000000008d804130) thrown at [./src/hotspot/share/prims/jni.cpp, line 615]
Event: 191.074 Thread 0x000001fbe1a53000 Exception <a 'sun/nio/fs/WindowsException'{0x000000008d6b7d10}> (0x000000008d6b7d10) thrown at [./src/hotspot/share/prims/jni.cpp, line 615]
Event: 191.152 Thread 0x000001fbe1ab6800 Exception <a 'sun/nio/fs/WindowsException'{0x000000008d362938}> (0x000000008d362938) thrown at [./src/hotspot/share/prims/jni.cpp, line 615]
Event: 191.673 Thread 0x000001fbe1a54800 Exception <a 'sun/nio/fs/WindowsException'{0x000000008cd8f508}> (0x000000008cd8f508) thrown at [./src/hotspot/share/prims/jni.cpp, line 615]
Event: 191.827 Thread 0x000001fbe1ac0800 Exception <a 'sun/nio/fs/WindowsException'{0x000000008b4295b8}> (0x000000008b4295b8) thrown at [./src/hotspot/share/prims/jni.cpp, line 615]
Event: 192.455 Thread 0x000001fbe1ab3800 Exception <a 'sun/nio/fs/WindowsException'{0x000000008ad5c848}> (0x000000008ad5c848) thrown at [./src/hotspot/share/prims/jni.cpp, line 615]
Event: 192.653 Thread 0x000001fbdd4ca000 Exception <a 'sun/nio/fs/WindowsException'{0x000000008debaf98}> (0x000000008debaf98) thrown at [./src/hotspot/share/prims/jni.cpp, line 615]
Event: 192.672 Thread 0x000001fbdf421800 Exception <a 'sun/nio/fs/WindowsException'{0x000000008d8b6f90}> (0x000000008d8b6f90) thrown at [./src/hotspot/share/prims/jni.cpp, line 615]
Event: 192.976 Thread 0x000001fbe1a56000 Exception <a 'sun/nio/fs/WindowsException'{0x000000008d3e5028}> (0x000000008d3e5028) thrown at [./src/hotspot/share/prims/jni.cpp, line 615]
Event: 192.990 Thread 0x000001fbdf420800 Exception <a 'sun/nio/fs/WindowsException'{0x000000008ce57f10}> (0x000000008ce57f10) thrown at [./src/hotspot/share/prims/jni.cpp, line 615]
Event: 193.016 Thread 0x000001fbdd4cc800 Implicit null exception at 0x000001fbcbc8176a to 0x000001fbcbc821a4

Events (20 events):
Event: 192.082 Executing VM operation: CGC_Operation
Event: 192.082 Executing VM operation: CGC_Operation done
Event: 192.278 Executing VM operation: G1CollectForAllocation
Event: 192.283 Executing VM operation: G1CollectForAllocation done
Event: 192.298 Executing VM operation: RevokeBias
Event: 192.299 Executing VM operation: RevokeBias done
Event: 192.313 Executing VM operation: G1CollectForAllocation
Event: 192.318 Executing VM operation: G1CollectForAllocation done
Event: 192.465 Executing VM operation: G1CollectForAllocation
Event: 192.471 Executing VM operation: G1CollectForAllocation done
Event: 192.536 Executing VM operation: RevokeBias
Event: 192.537 Executing VM operation: RevokeBias done
Event: 192.569 Executing VM operation: CGC_Operation
Event: 192.584 Executing VM operation: CGC_Operation done
Event: 192.639 Executing VM operation: G1CollectForAllocation
Event: 192.648 Executing VM operation: G1CollectForAllocation done
Event: 192.715 Executing VM operation: CGC_Operation
Event: 192.716 Executing VM operation: CGC_Operation done
Event: 193.041 Executing VM operation: RevokeBias
Event: 193.042 Executing VM operation: RevokeBias done


Dynamic libraries:
0x00007ff642b00000 - 0x00007ff642b0a000 	C:\Program Files\Android\Android Studio\jre\bin\java.exe
0x00007ffade4f0000 - 0x00007ffade6e5000 	C:\WINDOWS\SYSTEM32\ntdll.dll
0x00007ffadcfa0000 - 0x00007ffadd05e000 	C:\WINDOWS\System32\KERNEL32.DLL
0x00007ffadbd20000 - 0x00007ffadbfe8000 	C:\WINDOWS\System32\KERNELBASE.dll
0x00007ffadc070000 - 0x00007ffadc170000 	C:\WINDOWS\System32\ucrtbase.dll
0x00007ffab1030000 - 0x00007ffab1047000 	C:\Program Files\Android\Android Studio\jre\bin\VCRUNTIME140.dll
0x00007ffaaecb0000 - 0x00007ffaaecc9000 	C:\Program Files\Android\Android Studio\jre\bin\jli.dll
0x00007ffade310000 - 0x00007ffade4b0000 	C:\WINDOWS\System32\USER32.dll
0x00007ffadc360000 - 0x00007ffadc382000 	C:\WINDOWS\System32\win32u.dll
0x00007ffadce90000 - 0x00007ffadcebb000 	C:\WINDOWS\System32\GDI32.dll
0x00007ffadbc10000 - 0x00007ffadbd1b000 	C:\WINDOWS\System32\gdi32full.dll
0x00007ffadc4b0000 - 0x00007ffadc54d000 	C:\WINDOWS\System32\msvcp_win.dll
0x00007fface490000 - 0x00007fface72a000 	C:\WINDOWS\WinSxS\amd64_microsoft.windows.common-controls_6595b64144ccf1df_6.0.19041.1110_none_60b5254171f9507e\COMCTL32.dll
0x00007ffadd060000 - 0x00007ffadd0fe000 	C:\WINDOWS\System32\msvcrt.dll
0x00007ffadcec0000 - 0x00007ffadcef0000 	C:\WINDOWS\System32\IMM32.DLL
0x00007ffa8b8c0000 - 0x00007ffa8b95d000 	C:\Program Files\Android\Android Studio\jre\bin\msvcp140.dll
0x00007ffa75500000 - 0x00007ffa75fd5000 	C:\Program Files\Android\Android Studio\jre\bin\server\jvm.dll
0x00007ffadcef0000 - 0x00007ffadcf9e000 	C:\WINDOWS\System32\ADVAPI32.dll
0x00007ffadc980000 - 0x00007ffadca1c000 	C:\WINDOWS\System32\sechost.dll
0x00007ffadd100000 - 0x00007ffadd225000 	C:\WINDOWS\System32\RPCRT4.dll
0x00007ffaddef0000 - 0x00007ffaddef8000 	C:\WINDOWS\System32\PSAPI.DLL
0x00007ffad4080000 - 0x00007ffad408a000 	C:\WINDOWS\SYSTEM32\VERSION.dll
0x00007ffacea30000 - 0x00007ffacea57000 	C:\WINDOWS\SYSTEM32\WINMM.dll
0x00007ffac4d90000 - 0x00007ffac4d99000 	C:\WINDOWS\SYSTEM32\WSOCK32.dll
0x00007ffadc800000 - 0x00007ffadc86b000 	C:\WINDOWS\System32\WS2_32.dll
0x00007ffada4b0000 - 0x00007ffada4c2000 	C:\WINDOWS\SYSTEM32\kernel.appcore.dll
0x00007ffabf090000 - 0x00007ffabf0a1000 	C:\Program Files\Android\Android Studio\jre\bin\verify.dll
0x00007ffac9610000 - 0x00007ffac97f4000 	C:\WINDOWS\SYSTEM32\DBGHELP.DLL
0x00007ffac9430000 - 0x00007ffac945c000 	C:\WINDOWS\SYSTEM32\dbgcore.DLL
0x00007ffadc2d0000 - 0x00007ffadc352000 	C:\WINDOWS\System32\bcryptPrimitives.dll
0x00007ffabd4d0000 - 0x00007ffabd4f9000 	C:\Program Files\Android\Android Studio\jre\bin\java.dll
0x00007ffad7590000 - 0x00007ffad759b000 	C:\Program Files\Android\Android Studio\jre\bin\jimage.dll
0x00007ffabe140000 - 0x00007ffabe158000 	C:\Program Files\Android\Android Studio\jre\bin\zip.dll
0x00007ffadd240000 - 0x00007ffadd984000 	C:\WINDOWS\System32\SHELL32.dll
0x00007ffad9d00000 - 0x00007ffada494000 	C:\WINDOWS\SYSTEM32\windows.storage.dll
0x00007ffaddfb0000 - 0x00007ffade304000 	C:\WINDOWS\System32\combase.dll
0x00007ffadb670000 - 0x00007ffadb69c000 	C:\WINDOWS\SYSTEM32\Wldp.dll
0x00007ffaddf00000 - 0x00007ffaddfad000 	C:\WINDOWS\System32\SHCORE.dll
0x00007ffadddc0000 - 0x00007ffadde15000 	C:\WINDOWS\System32\shlwapi.dll
0x00007ffadbb50000 - 0x00007ffadbb6f000 	C:\WINDOWS\SYSTEM32\profapi.dll
0x00007ffabdac0000 - 0x00007ffabdada000 	C:\Program Files\Android\Android Studio\jre\bin\net.dll
0x00007ffacd800000 - 0x00007ffacd909000 	C:\WINDOWS\SYSTEM32\WINHTTP.dll
0x00007ffadb3d0000 - 0x00007ffadb43a000 	C:\WINDOWS\system32\mswsock.dll
0x00007ffabd9d0000 - 0x00007ffabd9e4000 	C:\Program Files\Android\Android Studio\jre\bin\nio.dll
0x00007ffaa4990000 - 0x00007ffaa49b7000 	C:\Users\TAnh\.gradle\native\e1d6ef7f7dcc3fd88c89a11ec53ec762bb8ba0a96d01ffa2cd45eb1d1d8dd5c5\windows-amd64\native-platform.dll
0x00007ffa7a4e0000 - 0x00007ffa7a624000 	C:\Users\TAnh\.gradle\native\5664cfc778a61ccfe75a443a1ab52a65af34e5dc3c78e0209fed803814484fcb\windows-amd64\native-platform-file-events.dll
0x00007ffacb2b0000 - 0x00007ffacb2ba000 	C:\Program Files\Android\Android Studio\jre\bin\management.dll
0x00007ffac9860000 - 0x00007ffac986d000 	C:\Program Files\Android\Android Studio\jre\bin\management_ext.dll
0x00007ffadb5c0000 - 0x00007ffadb5d8000 	C:\WINDOWS\SYSTEM32\CRYPTSP.dll
0x00007ffadace0000 - 0x00007ffadad14000 	C:\WINDOWS\system32\rsaenh.dll
0x00007ffadc040000 - 0x00007ffadc067000 	C:\WINDOWS\System32\bcrypt.dll
0x00007ffadbb10000 - 0x00007ffadbb3e000 	C:\WINDOWS\SYSTEM32\USERENV.dll
0x00007ffadb5e0000 - 0x00007ffadb5ec000 	C:\WINDOWS\SYSTEM32\CRYPTBASE.dll
0x00007ffadb070000 - 0x00007ffadb0ab000 	C:\WINDOWS\SYSTEM32\IPHLPAPI.DLL
0x00007ffadc550000 - 0x00007ffadc558000 	C:\WINDOWS\System32\NSI.dll
0x00007ffad3590000 - 0x00007ffad35a7000 	C:\WINDOWS\SYSTEM32\dhcpcsvc6.DLL
0x00007ffad4160000 - 0x00007ffad417d000 	C:\WINDOWS\SYSTEM32\dhcpcsvc.DLL
0x00007ffadb0c0000 - 0x00007ffadb18a000 	C:\WINDOWS\SYSTEM32\DNSAPI.dll
0x00007ffab0bc0000 - 0x00007ffab0be7000 	C:\Program Files\Android\Android Studio\jre\bin\sunec.dll
0x00007ffacd2e0000 - 0x00007ffacd2ea000 	C:\Windows\System32\rasadhlp.dll
0x00007ffacd940000 - 0x00007ffacd9bf000 	C:\WINDOWS\System32\fwpuclnt.dll
0x00007ffada910000 - 0x00007ffada943000 	C:\WINDOWS\SYSTEM32\ntmarta.dll

dbghelp: loaded successfully - version: 4.0.5 - missing functions: none
symbol engine: initialized successfully - sym options: 0x614 - pdb path: .;C:\Program Files\Android\Android Studio\jre\bin;C:\WINDOWS\SYSTEM32;C:\WINDOWS\WinSxS\amd64_microsoft.windows.common-controls_6595b64144ccf1df_6.0.19041.1110_none_60b5254171f9507e;C:\Program Files\Android\Android Studio\jre\bin\server;C:\Users\TAnh\.gradle\native\e1d6ef7f7dcc3fd88c89a11ec53ec762bb8ba0a96d01ffa2cd45eb1d1d8dd5c5\windows-amd64;C:\Users\TAnh\.gradle\native\5664cfc778a61ccfe75a443a1ab52a65af34e5dc3c78e0209fed803814484fcb\windows-amd64

VM Arguments:
jvm_args: --add-opens=java.base/java.util=ALL-UNNAMED --add-opens=java.base/java.lang=ALL-UNNAMED --add-opens=java.base/java.lang.invoke=ALL-UNNAMED --add-opens=java.base/java.util=ALL-UNNAMED --add-opens=java.prefs/java.util.prefs=ALL-UNNAMED --add-opens=java.prefs/java.util.prefs=ALL-UNNAMED --add-opens=java.base/java.nio.charset=ALL-UNNAMED --add-opens=java.base/java.net=ALL-UNNAMED --add-opens=java.base/java.util.concurrent.atomic=ALL-UNNAMED -Xmx2048m -Dfile.encoding=UTF-8 -Duser.country=US -Duser.language=en -Duser.variant 
java_command: org.gradle.launcher.daemon.bootstrap.GradleDaemon 7.2
java_class_path (initial): C:\Users\TAnh\.gradle\wrapper\dists\gradle-7.2-bin\2dnblmf4td7x66yl1d74lt32g\gradle-7.2\lib\gradle-launcher-7.2.jar
Launcher Type: SUN_STANDARD

[Global flags]
     intx CICompilerCount                          = 3                                         {product} {ergonomic}
     uint ConcGCThreads                            = 1                                         {product} {ergonomic}
     uint G1ConcRefinementThreads                  = 4                                         {product} {ergonomic}
   size_t G1HeapRegionSize                         = 1048576                                   {product} {ergonomic}
    uintx GCDrainStackTargetSize                   = 64                                        {product} {ergonomic}
   size_t InitialHeapSize                          = 134217728                                 {product} {ergonomic}
   size_t MarkStackSize                            = 4194304                                   {product} {ergonomic}
   size_t MaxHeapSize                              = 2147483648                                {product} {command line}
   size_t MaxNewSize                               = 1287651328                                {product} {ergonomic}
   size_t MinHeapDeltaBytes                        = 1048576                                   {product} {ergonomic}
    uintx NonNMethodCodeHeapSize                   = 5830732                                {pd product} {ergonomic}
    uintx NonProfiledCodeHeapSize                  = 122913754                              {pd product} {ergonomic}
    uintx ProfiledCodeHeapSize                     = 122913754                              {pd product} {ergonomic}
    uintx ReservedCodeCacheSize                    = 251658240                              {pd product} {ergonomic}
     bool SegmentedCodeCache                       = true                                      {product} {ergonomic}
     bool UseCompressedClassPointers               = true                                 {lp64_product} {ergonomic}
     bool UseCompressedOops                        = true                                 {lp64_product} {ergonomic}
     bool UseG1GC                                  = true                                      {product} {ergonomic}
     bool UseLargePagesIndividualAllocation        = false                                  {pd product} {ergonomic}

Logging:
Log output configuration:
 #0: stdout all=warning uptime,level,tags
 #1: stderr all=off uptime,level,tags

Environment Variables:
PATH=C:\Program Files\Common Files\Oracle\Java\javapath;D:\program\orcl\bin;C:\Program Files (x86)\Common Files\Oracle\Java\javapath;C:\WINDOWS\system32;C:\WINDOWS;C:\WINDOWS\System32\Wbem;C:\WINDOWS\System32\WindowsPowerShell\v1.0\;C:\WINDOWS\System32\OpenSSH\;C:\Program Files (x86)\AMD\ATI.ACE\Core-Static;C:\Program Files\nodejs\;C:\Program Files\Git\cmd;C:\Program Files (x86)\Yarn\bin\;C:\Users\TAnh\AppData\Local\Programs\Python\Python310\Scripts\;C:\Users\TAnh\AppData\Local\Programs\Python\Python310\;C:\Users\TAnh\AppData\Local\Microsoft\WindowsApps;C:\Users\TAnh\AppData\Local\Programs\Microsoft VS Code\bin;C:\Users\TAnh\AppData\Roaming\npm;C:\Users\TAnh\AppData\Local\Yarn\bin;C:\Users\TAnh\AppData\Local\Android\Sdk\platform-tools;
USERNAME=TAnh
OS=Windows_NT
PROCESSOR_IDENTIFIER=Intel64 Family 6 Model 60 Stepping 3, GenuineIntel



---------------  S Y S T E M  ---------------

OS: Windows 10 , 64 bit Build 19041 (10.0.19041.1566)
OS uptime: 0 days 1:09 hours

CPU:total 4 (initial active 4) (2 cores per cpu, 2 threads per core) family 6 model 60 stepping 3 microcode 0x27, cmov, cx8, fxsr, mmx, sse, sse2, sse3, ssse3, sse4.1, sse4.2, popcnt, avx, avx2, aes, clmul, erms, lzcnt, ht, tsc, tscinvbit, bmi1, bmi2, fma

Memory: 4k page, system-wide physical 8113M (295M free)
TotalPageFile size 20613M (AvailPageFile size 6M)
current process WorkingSet (physical memory assigned to process): 424M, peak: 436M
current process commit charge ("private bytes"): 545M, peak: 548M

vm_info: OpenJDK 64-Bit Server VM (11.0.11+9-b60-7590822) for windows-amd64 JRE (11.0.11+9-b60-7590822), built on Jul 29 2021 21:43:44 by "builder" with MS VC++ 14.0 (VS2015)

END.
