#
# There is insufficient memory for the Java Runtime Environment to continue.
# Native memory allocation (malloc) failed to allocate 264016 bytes for Chunk::new
# Possible reasons:
#   The system is out of physical RAM or swap space
#   The process is running with CompressedOops enabled, and the Java Heap may be blocking the growth of the native heap
# Possible solutions:
#   Reduce memory load on the system
#   Increase physical memory or swap space
#   Check if swap backing store is full
#   Decrease Java heap size (-Xmx/-Xms)
#   Decrease number of Java threads
#   Decrease Java thread stack sizes (-Xss)
#   Set larger code cache with -XX:ReservedCodeCacheSize=
#   JVM is running with Unscaled Compressed Oops mode in which the Java heap is
#     placed in the first 4GB address space. The Java Heap base address is the
#     maximum limit for the native heap growth. Please use -XX:HeapBaseMinAddress
#     to set the Java Heap base and to place the Java Heap above 4GB virtual address.
# This output file may be truncated or incomplete.
#
#  Out of Memory Error (./src/hotspot/share/memory/arena.cpp:197), pid=12260, tid=12444
#
# JRE version: OpenJDK Runtime Environment (11.0.11+9) (build 11.0.11+9-b60-7590822)
# Java VM: OpenJDK 64-Bit Server VM (11.0.11+9-b60-7590822, mixed mode, tiered, compressed oops, g1 gc, windows-amd64)
# No core dump will be written. Minidumps are not enabled by default on client versions of Windows
#

---------------  S U M M A R Y ------------

Command Line: --add-opens=java.base/java.util=ALL-UNNAMED --add-opens=java.base/java.lang=ALL-UNNAMED --add-opens=java.base/java.lang.invoke=ALL-UNNAMED --add-opens=java.base/java.util=ALL-UNNAMED --add-opens=java.prefs/java.util.prefs=ALL-UNNAMED --add-opens=java.prefs/java.util.prefs=ALL-UNNAMED --add-opens=java.base/java.nio.charset=ALL-UNNAMED --add-opens=java.base/java.net=ALL-UNNAMED --add-opens=java.base/java.util.concurrent.atomic=ALL-UNNAMED -Xmx2048m -Dfile.encoding=UTF-8 -Duser.country=US -Duser.language=en -Duser.variant org.gradle.launcher.daemon.bootstrap.GradleDaemon 7.2

Host: Intel(R) Core(TM) i7-4600M CPU @ 2.90GHz, 4 cores, 7G,  Windows 10 , 64 bit Build 19041 (10.0.19041.1566)
Time: Sat Apr 16 08:18:05 2022 SE Asia Standard Time elapsed time: 5.853926 seconds (0d 0h 0m 5s)

---------------  T H R E A D  ---------------

Current thread (0x000001d4b17f9000):  JavaThread "C2 CompilerThread1" daemon [_thread_in_native, id=12444, stack(0x000000b181a00000,0x000000b181b00000)]


Current CompileTask:
C2:   5853 2520       4       java.io.DataInputStream::readUTF (501 bytes)

Stack: [0x000000b181a00000,0x000000b181b00000]
Native frames: (J=compiled Java code, j=interpreted, Vv=VM code, C=native code)
V  [jvm.dll+0x5f214a]
V  [jvm.dll+0x726fb5]
V  [jvm.dll+0x7285cd]
V  [jvm.dll+0x728c83]
V  [jvm.dll+0x243278]
V  [jvm.dll+0xbc53c]
V  [jvm.dll+0xbca3c]
V  [jvm.dll+0x2b5c34]
V  [jvm.dll+0x508488]
V  [jvm.dll+0x203d53]
V  [jvm.dll+0x1fdbac]
V  [jvm.dll+0x1fb35f]
V  [jvm.dll+0x183d6c]
V  [jvm.dll+0x209a57]
V  [jvm.dll+0x2082a1]
V  [jvm.dll+0x6ef58f]
V  [jvm.dll+0x6e80b5]
V  [jvm.dll+0x5f1036]
C  [ucrtbase.dll+0x21bb2]
C  [KERNEL32.DLL+0x17034]
C  [ntdll.dll+0x52651]


---------------  P R O C E S S  ---------------

Threads class SMR info:
_java_thread_list=0x000001d4b440b110, length=31, elements={
0x000001d496339800, 0x000001d4aff23800, 0x000001d4aff2d000, 0x000001d4aff39800,
0x000001d4aff3d800, 0x000001d4aff3e000, 0x000001d4aff41800, 0x000001d4b08f4000,
0x000001d4b08f7000, 0x000001d4b09ed000, 0x000001d4b2c48000, 0x000001d4b0c4d800,
0x000001d4b1f6e800, 0x000001d4b187c800, 0x000001d4b30bf800, 0x000001d4b2ee6000,
0x000001d4b21a1800, 0x000001d4b184e800, 0x000001d4b2c44800, 0x000001d4b2ef1000,
0x000001d4b2eef000, 0x000001d4b2ef4800, 0x000001d4b2ef2000, 0x000001d4b2ef3000,
0x000001d4b17f9000, 0x000001d4b2eef800, 0x000001d4b2ef0800, 0x000001d4b2ef3800,
0x000001d4b2ef5800, 0x000001d4b29a7800, 0x000001d4b29a6000
}

Java Threads: ( => current thread )
  0x000001d496339800 JavaThread "main" [_thread_blocked, id=13880, stack(0x000000b1ff800000,0x000000b1ff900000)]
  0x000001d4aff23800 JavaThread "Reference Handler" daemon [_thread_blocked, id=8452, stack(0x000000b1fff00000,0x000000b200000000)]
  0x000001d4aff2d000 JavaThread "Finalizer" daemon [_thread_blocked, id=13896, stack(0x000000b180000000,0x000000b180100000)]
  0x000001d4aff39800 JavaThread "Signal Dispatcher" daemon [_thread_blocked, id=13648, stack(0x000000b180100000,0x000000b180200000)]
  0x000001d4aff3d800 JavaThread "Attach Listener" daemon [_thread_blocked, id=12268, stack(0x000000b180200000,0x000000b180300000)]
  0x000001d4aff3e000 JavaThread "Service Thread" daemon [_thread_blocked, id=7332, stack(0x000000b180300000,0x000000b180400000)]
  0x000001d4aff41800 JavaThread "C2 CompilerThread0" daemon [_thread_blocked, id=14068, stack(0x000000b180400000,0x000000b180500000)]
  0x000001d4b08f4000 JavaThread "C1 CompilerThread0" daemon [_thread_blocked, id=11348, stack(0x000000b180500000,0x000000b180600000)]
  0x000001d4b08f7000 JavaThread "Sweeper thread" daemon [_thread_blocked, id=5536, stack(0x000000b180600000,0x000000b180700000)]
  0x000001d4b09ed000 JavaThread "Common-Cleaner" daemon [_thread_blocked, id=7788, stack(0x000000b180700000,0x000000b180800000)]
  0x000001d4b2c48000 JavaThread "Daemon health stats" [_thread_blocked, id=3672, stack(0x000000b180c00000,0x000000b180d00000)]
  0x000001d4b0c4d800 JavaThread "Incoming local TCP Connector on port 54071" [_thread_in_native, id=2332, stack(0x000000b180900000,0x000000b180a00000)]
  0x000001d4b1f6e800 JavaThread "Daemon periodic checks" [_thread_blocked, id=1524, stack(0x000000b180d00000,0x000000b180e00000)]
  0x000001d4b187c800 JavaThread "Daemon" [_thread_blocked, id=12256, stack(0x000000b180e00000,0x000000b180f00000)]
  0x000001d4b30bf800 JavaThread "Handler for socket connection from /127.0.0.1:54071 to /127.0.0.1:54072" [_thread_in_native, id=7428, stack(0x000000b180f00000,0x000000b181000000)]
  0x000001d4b2ee6000 JavaThread "Cancel handler" [_thread_blocked, id=13564, stack(0x000000b181000000,0x000000b181100000)]
  0x000001d4b21a1800 JavaThread "Daemon worker" [_thread_blocked, id=504, stack(0x000000b181100000,0x000000b181200000)]
  0x000001d4b184e800 JavaThread "Asynchronous log dispatcher for DefaultDaemonConnection: socket connection from /127.0.0.1:54071 to /127.0.0.1:54072" [_thread_blocked, id=4884, stack(0x000000b181200000,0x000000b181300000)]
  0x000001d4b2c44800 JavaThread "Stdin handler" [_thread_blocked, id=14308, stack(0x000000b181300000,0x000000b181400000)]
  0x000001d4b2ef1000 JavaThread "Daemon client event forwarder" [_thread_blocked, id=12252, stack(0x000000b181400000,0x000000b181500000)]
  0x000001d4b2eef000 JavaThread "Cache worker for journal cache (C:\Users\TAnh\.gradle\caches\journal-1)" [_thread_blocked, id=13496, stack(0x000000b181600000,0x000000b181700000)]
  0x000001d4b2ef4800 JavaThread "File lock request listener" [_thread_in_native, id=13812, stack(0x000000b181700000,0x000000b181800000)]
  0x000001d4b2ef2000 JavaThread "Cache worker for file hash cache (C:\Users\TAnh\.gradle\caches\7.2\fileHashes)" [_thread_blocked, id=10356, stack(0x000000b181800000,0x000000b181900000)]
  0x000001d4b2ef3000 JavaThread "Cache worker for file hash cache (D:\study\Mobile-App-Development\ChatsApp\.gradle\7.2\fileHashes)" [_thread_blocked, id=9680, stack(0x000000b181900000,0x000000b181a00000)]
=>0x000001d4b17f9000 JavaThread "C2 CompilerThread1" daemon [_thread_in_native, id=12444, stack(0x000000b181a00000,0x000000b181b00000)]
  0x000001d4b2eef800 JavaThread "File watcher server" daemon [_thread_in_native, id=10796, stack(0x000000b181b00000,0x000000b181c00000)]
  0x000001d4b2ef0800 JavaThread "File watcher consumer" daemon [_thread_blocked, id=11100, stack(0x000000b181c00000,0x000000b181d00000)]
  0x000001d4b2ef3800 JavaThread "Cache worker for checksums cache (D:\study\Mobile-App-Development\ChatsApp\.gradle\checksums)" [_thread_blocked, id=6532, stack(0x000000b181d00000,0x000000b181e00000)]
  0x000001d4b2ef5800 JavaThread "Cache worker for cache directory md-supplier (C:\Users\TAnh\.gradle\caches\7.2\md-supplier)" [_thread_blocked, id=10628, stack(0x000000b181e00000,0x000000b181f00000)]
  0x000001d4b29a7800 JavaThread "Cache worker for cache directory md-rule (C:\Users\TAnh\.gradle\caches\7.2\md-rule)" [_thread_blocked, id=10884, stack(0x000000b181f00000,0x000000b182000000)]
  0x000001d4b29a6000 JavaThread "Cache worker for execution history cache (C:\Users\TAnh\.gradle\caches\7.2\executionHistory)" [_thread_blocked, id=13508, stack(0x000000b182000000,0x000000b182100000)]

Other Threads:
  0x000001d4aff1e000 VMThread "VM Thread" [stack: 0x000000b1ffe00000,0x000000b1fff00000] [id=10444]
  0x000001d4b0a26000 WatcherThread [stack: 0x000000b180800000,0x000000b180900000] [id=14100]
  0x000001d496353000 GCTaskThread "GC Thread#0" [stack: 0x000000b1ff900000,0x000000b1ffa00000] [id=12636]
  0x000001d4b0f63000 GCTaskThread "GC Thread#1" [stack: 0x000000b180a00000,0x000000b180b00000] [id=4152]
  0x000001d4b0d40000 GCTaskThread "GC Thread#2" [stack: 0x000000b180b00000,0x000000b180c00000] [id=12824]
  0x000001d4b329b000 GCTaskThread "GC Thread#3" [stack: 0x000000b181500000,0x000000b181600000] [id=3100]
  0x000001d496385000 ConcurrentGCThread "G1 Main Marker" [stack: 0x000000b1ffa00000,0x000000b1ffb00000] [id=11104]
  0x000001d496387000 ConcurrentGCThread "G1 Conc#0" [stack: 0x000000b1ffb00000,0x000000b1ffc00000] [id=12912]
  0x000001d496416800 ConcurrentGCThread "G1 Refine#0" [stack: 0x000000b1ffc00000,0x000000b1ffd00000] [id=5940]
  0x000001d496417800 ConcurrentGCThread "G1 Young RemSet Sampling" [stack: 0x000000b1ffd00000,0x000000b1ffe00000] [id=13064]

Threads with active compile tasks:
C2 CompilerThread1   5885 2520       4       java.io.DataInputStream::readUTF (501 bytes)

VM state:at safepoint (normal execution)

VM Mutex/Monitor currently owned by a thread:  ([mutex/lock_event])
[0x000001d496337a40] Threads_lock - owner thread: 0x000001d4aff1e000
[0x000001d496337530] Heap_lock - owner thread: 0x000001d4b21a1800

Heap address: 0x0000000080000000, size: 2048 MB, Compressed Oops mode: 32-bit
Narrow klass base: 0x0000000000000000, Narrow klass shift: 3
Compressed class space size: 1073741824 Address: 0x0000000100000000

Heap:
 garbage-first heap   total 157696K, used 20463K [0x0000000080000000, 0x0000000100000000)
  region size 1024K, 4 young (4096K), 4 survivors (4096K)
 Metaspace       used 30885K, capacity 31531K, committed 31616K, reserved 1083392K
  class space    used 4140K, capacity 4400K, committed 4480K, reserved 1048576K
Heap Regions: E=young(eden), S=young(survivor), O=old, HS=humongous(starts), HC=humongous(continues), CS=collection set, F=free, A=archive, TAMS=top-at-mark-start (previous, next)
|   0|0x0000000080000000, 0x0000000080100000, 0x0000000080100000|100%| O|  |TAMS 0x0000000080100000, 0x0000000080100000| Untracked 
|   1|0x0000000080100000, 0x0000000080200000, 0x0000000080200000|100%| O|  |TAMS 0x0000000080200000, 0x0000000080200000| Untracked 
|   2|0x0000000080200000, 0x0000000080300000, 0x0000000080300000|100%| O|  |TAMS 0x0000000080300000, 0x0000000080300000| Untracked 
|   3|0x0000000080300000, 0x0000000080400000, 0x0000000080400000|100%|HS|  |TAMS 0x0000000080400000, 0x0000000080400000| Complete 
|   4|0x0000000080400000, 0x0000000080500000, 0x0000000080500000|100%|HC|  |TAMS 0x0000000080500000, 0x0000000080500000| Complete 
|   5|0x0000000080500000, 0x0000000080600000, 0x0000000080600000|100%|HC|  |TAMS 0x0000000080600000, 0x0000000080600000| Complete 
|   6|0x0000000080600000, 0x0000000080700000, 0x0000000080700000|100%| O|  |TAMS 0x0000000080700000, 0x0000000080700000| Untracked 
|   7|0x0000000080700000, 0x0000000080800000, 0x0000000080800000|100%| O|  |TAMS 0x0000000080800000, 0x0000000080800000| Untracked 
|   8|0x0000000080800000, 0x0000000080900000, 0x0000000080900000|100%| O|  |TAMS 0x0000000080900000, 0x0000000080900000| Untracked 
|   9|0x0000000080900000, 0x0000000080a00000, 0x0000000080a00000|100%| O|  |TAMS 0x0000000080a00000, 0x0000000080a00000| Untracked 
|  10|0x0000000080a00000, 0x0000000080b00000, 0x0000000080b00000|100%| O|  |TAMS 0x0000000080b00000, 0x0000000080b00000| Untracked 
|  11|0x0000000080b00000, 0x0000000080c00000, 0x0000000080c00000|100%| O|  |TAMS 0x0000000080c00000, 0x0000000080c00000| Untracked 
|  12|0x0000000080c00000, 0x0000000080d00000, 0x0000000080d00000|100%| O|  |TAMS 0x0000000080d00000, 0x0000000080d00000| Untracked 
|  13|0x0000000080d00000, 0x0000000080e00000, 0x0000000080e00000|100%| O|  |TAMS 0x0000000080e00000, 0x0000000080e00000| Untracked 
|  14|0x0000000080e00000, 0x0000000080f00000, 0x0000000080f00000|100%| O|  |TAMS 0x0000000080f00000, 0x0000000080f00000| Untracked 
|  15|0x0000000080f00000, 0x0000000081000000, 0x0000000081000000|100%| O|  |TAMS 0x0000000080fe2600, 0x0000000081000000| Untracked 
|  16|0x0000000081000000, 0x0000000081074a00, 0x0000000081100000| 45%| O|  |TAMS 0x0000000081000000, 0x0000000081074a00| Untracked 
|  17|0x0000000081100000, 0x0000000081100000, 0x0000000081200000|  0%| F|  |TAMS 0x0000000081100000, 0x0000000081100000| Untracked 
|  18|0x0000000081200000, 0x0000000081200000, 0x0000000081300000|  0%| F|  |TAMS 0x0000000081200000, 0x0000000081200000| Untracked 
|  19|0x0000000081300000, 0x0000000081300000, 0x0000000081400000|  0%| F|  |TAMS 0x0000000081300000, 0x0000000081300000| Untracked 
|  20|0x0000000081400000, 0x0000000081400000, 0x0000000081500000|  0%| F|  |TAMS 0x0000000081400000, 0x0000000081400000| Untracked 
|  21|0x0000000081500000, 0x0000000081500000, 0x0000000081600000|  0%| F|  |TAMS 0x0000000081500000, 0x0000000081500000| Untracked 
|  22|0x0000000081600000, 0x0000000081600000, 0x0000000081700000|  0%| F|  |TAMS 0x0000000081600000, 0x0000000081600000| Untracked 
|  23|0x0000000081700000, 0x0000000081700000, 0x0000000081800000|  0%| F|  |TAMS 0x0000000081700000, 0x0000000081700000| Untracked 
|  24|0x0000000081800000, 0x0000000081800000, 0x0000000081900000|  0%| F|  |TAMS 0x0000000081800000, 0x0000000081800000| Untracked 
|  25|0x0000000081900000, 0x0000000081900000, 0x0000000081a00000|  0%| F|  |TAMS 0x0000000081900000, 0x0000000081900000| Untracked 
|  26|0x0000000081a00000, 0x0000000081a00000, 0x0000000081b00000|  0%| F|  |TAMS 0x0000000081a00000, 0x0000000081a00000| Untracked 
|  27|0x0000000081b00000, 0x0000000081b00000, 0x0000000081c00000|  0%| F|  |TAMS 0x0000000081b00000, 0x0000000081b00000| Untracked 
|  28|0x0000000081c00000, 0x0000000081c00000, 0x0000000081d00000|  0%| F|  |TAMS 0x0000000081c00000, 0x0000000081c00000| Untracked 
|  29|0x0000000081d00000, 0x0000000081d00000, 0x0000000081e00000|  0%| F|  |TAMS 0x0000000081d00000, 0x0000000081d00000| Untracked 
|  30|0x0000000081e00000, 0x0000000081e00000, 0x0000000081f00000|  0%| F|  |TAMS 0x0000000081e00000, 0x0000000081e00000| Untracked 
|  31|0x0000000081f00000, 0x0000000081f00000, 0x0000000082000000|  0%| F|  |TAMS 0x0000000081f00000, 0x0000000081f00000| Untracked 
|  32|0x0000000082000000, 0x0000000082000000, 0x0000000082100000|  0%| F|  |TAMS 0x0000000082000000, 0x0000000082000000| Untracked 
|  33|0x0000000082100000, 0x0000000082100000, 0x0000000082200000|  0%| F|  |TAMS 0x0000000082100000, 0x0000000082100000| Untracked 
|  34|0x0000000082200000, 0x0000000082200000, 0x0000000082300000|  0%| F|  |TAMS 0x0000000082200000, 0x0000000082200000| Untracked 
|  35|0x0000000082300000, 0x0000000082300000, 0x0000000082400000|  0%| F|  |TAMS 0x0000000082300000, 0x0000000082300000| Untracked 
|  36|0x0000000082400000, 0x0000000082400000, 0x0000000082500000|  0%| F|  |TAMS 0x0000000082400000, 0x0000000082400000| Untracked 
|  37|0x0000000082500000, 0x0000000082500000, 0x0000000082600000|  0%| F|  |TAMS 0x0000000082500000, 0x0000000082500000| Untracked 
|  38|0x0000000082600000, 0x0000000082600000, 0x0000000082700000|  0%| F|  |TAMS 0x0000000082600000, 0x0000000082600000| Untracked 
|  39|0x0000000082700000, 0x0000000082700000, 0x0000000082800000|  0%| F|  |TAMS 0x0000000082700000, 0x0000000082700000| Untracked 
|  40|0x0000000082800000, 0x0000000082800000, 0x0000000082900000|  0%| F|  |TAMS 0x0000000082800000, 0x0000000082800000| Untracked 
|  41|0x0000000082900000, 0x0000000082900000, 0x0000000082a00000|  0%| F|  |TAMS 0x0000000082900000, 0x0000000082900000| Untracked 
|  42|0x0000000082a00000, 0x0000000082a00000, 0x0000000082b00000|  0%| F|  |TAMS 0x0000000082a00000, 0x0000000082a00000| Untracked 
|  43|0x0000000082b00000, 0x0000000082b00000, 0x0000000082c00000|  0%| F|  |TAMS 0x0000000082b00000, 0x0000000082b00000| Untracked 
|  44|0x0000000082c00000, 0x0000000082c00000, 0x0000000082d00000|  0%| F|  |TAMS 0x0000000082c00000, 0x0000000082c00000| Untracked 
|  45|0x0000000082d00000, 0x0000000082d00000, 0x0000000082e00000|  0%| F|  |TAMS 0x0000000082d00000, 0x0000000082d00000| Untracked 
|  46|0x0000000082e00000, 0x0000000082e00000, 0x0000000082f00000|  0%| F|  |TAMS 0x0000000082e00000, 0x0000000082e00000| Untracked 
|  47|0x0000000082f00000, 0x0000000082f00000, 0x0000000083000000|  0%| F|  |TAMS 0x0000000082f00000, 0x0000000082f00000| Untracked 
|  48|0x0000000083000000, 0x0000000083000000, 0x0000000083100000|  0%| F|  |TAMS 0x0000000083000000, 0x0000000083000000| Untracked 
|  49|0x0000000083100000, 0x0000000083100000, 0x0000000083200000|  0%| F|  |TAMS 0x0000000083100000, 0x0000000083100000| Untracked 
|  50|0x0000000083200000, 0x0000000083200000, 0x0000000083300000|  0%| F|  |TAMS 0x0000000083200000, 0x0000000083200000| Untracked 
|  51|0x0000000083300000, 0x0000000083300000, 0x0000000083400000|  0%| F|  |TAMS 0x0000000083300000, 0x0000000083300000| Untracked 
|  52|0x0000000083400000, 0x0000000083400000, 0x0000000083500000|  0%| F|  |TAMS 0x0000000083400000, 0x0000000083400000| Untracked 
|  53|0x0000000083500000, 0x0000000083500000, 0x0000000083600000|  0%| F|  |TAMS 0x0000000083500000, 0x0000000083500000| Untracked 
|  54|0x0000000083600000, 0x0000000083600000, 0x0000000083700000|  0%| F|  |TAMS 0x0000000083600000, 0x0000000083600000| Untracked 
|  55|0x0000000083700000, 0x0000000083700000, 0x0000000083800000|  0%| F|  |TAMS 0x0000000083700000, 0x0000000083700000| Untracked 
|  56|0x0000000083800000, 0x0000000083800000, 0x0000000083900000|  0%| F|  |TAMS 0x0000000083800000, 0x0000000083800000| Untracked 
|  57|0x0000000083900000, 0x0000000083900000, 0x0000000083a00000|  0%| F|  |TAMS 0x0000000083900000, 0x0000000083900000| Untracked 
|  58|0x0000000083a00000, 0x0000000083a00000, 0x0000000083b00000|  0%| F|  |TAMS 0x0000000083a00000, 0x0000000083a00000| Untracked 
|  59|0x0000000083b00000, 0x0000000083b00000, 0x0000000083c00000|  0%| F|  |TAMS 0x0000000083b00000, 0x0000000083b00000| Untracked 
|  60|0x0000000083c00000, 0x0000000083c00000, 0x0000000083d00000|  0%| F|  |TAMS 0x0000000083c00000, 0x0000000083c00000| Untracked 
|  61|0x0000000083d00000, 0x0000000083d00000, 0x0000000083e00000|  0%| F|  |TAMS 0x0000000083d00000, 0x0000000083d00000| Untracked 
|  62|0x0000000083e00000, 0x0000000083e00000, 0x0000000083f00000|  0%| F|  |TAMS 0x0000000083e00000, 0x0000000083e00000| Untracked 
|  63|0x0000000083f00000, 0x0000000083f00000, 0x0000000084000000|  0%| F|  |TAMS 0x0000000083f00000, 0x0000000083f00000| Untracked 
|  64|0x0000000084000000, 0x0000000084000000, 0x0000000084100000|  0%| F|  |TAMS 0x0000000084000000, 0x0000000084000000| Untracked 
|  65|0x0000000084100000, 0x0000000084100000, 0x0000000084200000|  0%| F|  |TAMS 0x0000000084100000, 0x0000000084100000| Untracked 
|  66|0x0000000084200000, 0x0000000084200000, 0x0000000084300000|  0%| F|  |TAMS 0x0000000084200000, 0x0000000084200000| Untracked 
|  67|0x0000000084300000, 0x0000000084300000, 0x0000000084400000|  0%| F|  |TAMS 0x0000000084300000, 0x0000000084300000| Untracked 
|  68|0x0000000084400000, 0x0000000084400000, 0x0000000084500000|  0%| F|  |TAMS 0x0000000084400000, 0x0000000084400000| Untracked 
|  69|0x0000000084500000, 0x0000000084500000, 0x0000000084600000|  0%| F|  |TAMS 0x0000000084500000, 0x0000000084500000| Untracked 
|  70|0x0000000084600000, 0x0000000084600000, 0x0000000084700000|  0%| F|  |TAMS 0x0000000084600000, 0x0000000084600000| Untracked 
|  71|0x0000000084700000, 0x0000000084700000, 0x0000000084800000|  0%| F|  |TAMS 0x0000000084700000, 0x0000000084700000| Untracked 
|  72|0x0000000084800000, 0x0000000084800000, 0x0000000084900000|  0%| F|  |TAMS 0x0000000084800000, 0x0000000084800000| Untracked 
|  73|0x0000000084900000, 0x0000000084900000, 0x0000000084a00000|  0%| F|  |TAMS 0x0000000084900000, 0x0000000084900000| Untracked 
|  74|0x0000000084a00000, 0x0000000084a00000, 0x0000000084b00000|  0%| F|  |TAMS 0x0000000084a00000, 0x0000000084a00000| Untracked 
|  75|0x0000000084b00000, 0x0000000084b00000, 0x0000000084c00000|  0%| F|  |TAMS 0x0000000084b00000, 0x0000000084b00000| Untracked 
|  76|0x0000000084c00000, 0x0000000084c00000, 0x0000000084d00000|  0%| F|  |TAMS 0x0000000084c00000, 0x0000000084c00000| Untracked 
|  77|0x0000000084d00000, 0x0000000084d00000, 0x0000000084e00000|  0%| F|  |TAMS 0x0000000084d00000, 0x0000000084d00000| Untracked 
|  78|0x0000000084e00000, 0x0000000084e00000, 0x0000000084f00000|  0%| F|  |TAMS 0x0000000084e00000, 0x0000000084e00000| Untracked 
|  79|0x0000000084f00000, 0x0000000084f00000, 0x0000000085000000|  0%| F|  |TAMS 0x0000000084f00000, 0x0000000084f00000| Untracked 
|  80|0x0000000085000000, 0x0000000085000000, 0x0000000085100000|  0%| F|  |TAMS 0x0000000085000000, 0x0000000085000000| Untracked 
|  81|0x0000000085100000, 0x0000000085100000, 0x0000000085200000|  0%| F|  |TAMS 0x0000000085100000, 0x0000000085100000| Untracked 
|  82|0x0000000085200000, 0x0000000085200000, 0x0000000085300000|  0%| F|  |TAMS 0x0000000085200000, 0x0000000085200000| Untracked 
|  83|0x0000000085300000, 0x0000000085300000, 0x0000000085400000|  0%| F|  |TAMS 0x0000000085300000, 0x0000000085300000| Untracked 
|  84|0x0000000085400000, 0x0000000085400000, 0x0000000085500000|  0%| F|  |TAMS 0x0000000085400000, 0x0000000085400000| Untracked 
|  85|0x0000000085500000, 0x0000000085500000, 0x0000000085600000|  0%| F|  |TAMS 0x0000000085500000, 0x0000000085500000| Untracked 
|  86|0x0000000085600000, 0x0000000085600000, 0x0000000085700000|  0%| F|  |TAMS 0x0000000085600000, 0x0000000085600000| Untracked 
|  87|0x0000000085700000, 0x0000000085700000, 0x0000000085800000|  0%| F|  |TAMS 0x0000000085700000, 0x0000000085700000| Untracked 
|  88|0x0000000085800000, 0x0000000085800000, 0x0000000085900000|  0%| F|  |TAMS 0x0000000085800000, 0x0000000085800000| Untracked 
|  89|0x0000000085900000, 0x0000000085900000, 0x0000000085a00000|  0%| F|  |TAMS 0x0000000085900000, 0x0000000085900000| Untracked 
|  90|0x0000000085a00000, 0x0000000085a00000, 0x0000000085b00000|  0%| F|  |TAMS 0x0000000085a00000, 0x0000000085a00000| Untracked 
|  91|0x0000000085b00000, 0x0000000085b00000, 0x0000000085c00000|  0%| F|  |TAMS 0x0000000085b00000, 0x0000000085b00000| Untracked 
|  92|0x0000000085c00000, 0x0000000085c00000, 0x0000000085d00000|  0%| F|  |TAMS 0x0000000085c00000, 0x0000000085c00000| Untracked 
|  93|0x0000000085d00000, 0x0000000085d00000, 0x0000000085e00000|  0%| F|  |TAMS 0x0000000085d00000, 0x0000000085d00000| Untracked 
|  94|0x0000000085e00000, 0x0000000085e00000, 0x0000000085f00000|  0%| F|  |TAMS 0x0000000085e00000, 0x0000000085e00000| Untracked 
|  95|0x0000000085f00000, 0x0000000085f00000, 0x0000000086000000|  0%| F|  |TAMS 0x0000000085f00000, 0x0000000085f00000| Untracked 
|  96|0x0000000086000000, 0x0000000086000000, 0x0000000086100000|  0%| F|  |TAMS 0x0000000086000000, 0x0000000086000000| Untracked 
|  97|0x0000000086100000, 0x0000000086100000, 0x0000000086200000|  0%| F|  |TAMS 0x0000000086100000, 0x0000000086100000| Untracked 
|  98|0x0000000086200000, 0x0000000086200000, 0x0000000086300000|  0%| F|  |TAMS 0x0000000086200000, 0x0000000086200000| Untracked 
|  99|0x0000000086300000, 0x0000000086300000, 0x0000000086400000|  0%| F|  |TAMS 0x0000000086300000, 0x0000000086300000| Untracked 
| 100|0x0000000086400000, 0x0000000086400000, 0x0000000086500000|  0%| F|  |TAMS 0x0000000086400000, 0x0000000086400000| Untracked 
| 101|0x0000000086500000, 0x0000000086500000, 0x0000000086600000|  0%| F|  |TAMS 0x0000000086500000, 0x0000000086500000| Untracked 
| 102|0x0000000086600000, 0x0000000086600000, 0x0000000086700000|  0%| F|  |TAMS 0x0000000086600000, 0x0000000086600000| Untracked 
| 103|0x0000000086700000, 0x0000000086700000, 0x0000000086800000|  0%| F|  |TAMS 0x0000000086700000, 0x0000000086700000| Untracked 
| 104|0x0000000086800000, 0x0000000086800000, 0x0000000086900000|  0%| F|  |TAMS 0x0000000086800000, 0x0000000086800000| Untracked 
| 105|0x0000000086900000, 0x0000000086900000, 0x0000000086a00000|  0%| F|  |TAMS 0x0000000086900000, 0x0000000086900000| Untracked 
| 106|0x0000000086a00000, 0x0000000086a00000, 0x0000000086b00000|  0%| F|  |TAMS 0x0000000086a00000, 0x0000000086a00000| Untracked 
| 107|0x0000000086b00000, 0x0000000086b00000, 0x0000000086c00000|  0%| F|  |TAMS 0x0000000086b00000, 0x0000000086b00000| Untracked 
| 108|0x0000000086c00000, 0x0000000086c00000, 0x0000000086d00000|  0%| F|  |TAMS 0x0000000086c00000, 0x0000000086c00000| Untracked 
| 109|0x0000000086d00000, 0x0000000086d00000, 0x0000000086e00000|  0%| F|  |TAMS 0x0000000086d00000, 0x0000000086d00000| Untracked 
| 110|0x0000000086e00000, 0x0000000086e00000, 0x0000000086f00000|  0%| F|  |TAMS 0x0000000086e00000, 0x0000000086e00000| Untracked 
| 111|0x0000000086f00000, 0x0000000086f00000, 0x0000000087000000|  0%| F|  |TAMS 0x0000000086f00000, 0x0000000086f00000| Untracked 
| 112|0x0000000087000000, 0x0000000087000000, 0x0000000087100000|  0%| F|  |TAMS 0x0000000087000000, 0x0000000087000000| Untracked 
| 113|0x0000000087100000, 0x0000000087100000, 0x0000000087200000|  0%| F|  |TAMS 0x0000000087100000, 0x0000000087100000| Untracked 
| 114|0x0000000087200000, 0x0000000087200000, 0x0000000087300000|  0%| F|  |TAMS 0x0000000087200000, 0x0000000087200000| Untracked 
| 115|0x0000000087300000, 0x0000000087300000, 0x0000000087400000|  0%| F|  |TAMS 0x0000000087300000, 0x0000000087300000| Untracked 
| 116|0x0000000087400000, 0x0000000087400000, 0x0000000087500000|  0%| F|  |TAMS 0x0000000087400000, 0x0000000087400000| Untracked 
| 117|0x0000000087500000, 0x0000000087500000, 0x0000000087600000|  0%| F|  |TAMS 0x0000000087500000, 0x0000000087500000| Untracked 
| 118|0x0000000087600000, 0x0000000087600000, 0x0000000087700000|  0%| F|  |TAMS 0x0000000087600000, 0x0000000087600000| Untracked 
| 119|0x0000000087700000, 0x0000000087700000, 0x0000000087800000|  0%| F|  |TAMS 0x0000000087700000, 0x0000000087700000| Untracked 
| 120|0x0000000087800000, 0x0000000087800000, 0x0000000087900000|  0%| F|  |TAMS 0x0000000087800000, 0x0000000087800000| Untracked 
| 121|0x0000000087900000, 0x0000000087900000, 0x0000000087a00000|  0%| F|  |TAMS 0x0000000087900000, 0x0000000087900000| Untracked 
| 122|0x0000000087a00000, 0x0000000087a00000, 0x0000000087b00000|  0%| F|  |TAMS 0x0000000087a00000, 0x0000000087a00000| Untracked 
| 123|0x0000000087b00000, 0x0000000087b87588, 0x0000000087c00000| 52%| S|CS|TAMS 0x0000000087b00000, 0x0000000087b00000| Complete 
| 124|0x0000000087c00000, 0x0000000087d00000, 0x0000000087d00000|100%| S|CS|TAMS 0x0000000087c00000, 0x0000000087c00000| Complete 
| 125|0x0000000087d00000, 0x0000000087e00000, 0x0000000087e00000|100%| S|CS|TAMS 0x0000000087d00000, 0x0000000087d00000| Complete 
| 126|0x0000000087e00000, 0x0000000087f00000, 0x0000000087f00000|100%| S|CS|TAMS 0x0000000087e00000, 0x0000000087e00000| Complete 
| 127|0x0000000087f00000, 0x0000000087f00000, 0x0000000088000000|  0%| F|  |TAMS 0x0000000087f00000, 0x0000000087f00000| Untracked 

Card table byte_map: [0x000001d4a9240000,0x000001d4a9640000] _byte_map_base: 0x000001d4a8e40000

Marking Bits (Prev, Next): (CMBitMap*) 0x000001d49637c010, (CMBitMap*) 0x000001d49637bfd8
 Prev Bits: [0x000001d4aba40000, 0x000001d4ada40000)
 Next Bits: [0x000001d4a9a40000, 0x000001d4aba40000)

Polling page: 0x000001d494200000

Metaspace:

Usage:
  Non-class:     26.50 MB capacity,    26.12 MB ( 99%) used,   324.53 KB (  1%) free+waste,    61.44 KB ( <1%) overhead. 
      Class:      4.30 MB capacity,     4.04 MB ( 94%) used,   228.57 KB (  5%) free+waste,    30.81 KB ( <1%) overhead. 
       Both:     30.79 MB capacity,    30.16 MB ( 98%) used,   553.10 KB (  2%) free+waste,    92.25 KB ( <1%) overhead. 

Virtual space:
  Non-class space:       34.00 MB reserved,      26.50 MB ( 78%) committed 
      Class space:        1.00 GB reserved,       4.38 MB ( <1%) committed 
             Both:        1.03 GB reserved,      30.88 MB (  3%) committed 

Chunk freelists:
   Non-Class:  5.00 KB
       Class:  16.00 KB
        Both:  21.00 KB

MaxMetaspaceSize: 17179869184.00 GB
CompressedClassSpaceSize: 1.00 GB

CodeHeap 'non-profiled nmethods': size=120064Kb used=1297Kb max_used=1297Kb free=118766Kb
 bounds [0x000001d4a1900000, 0x000001d4a1b70000, 0x000001d4a8e40000]
CodeHeap 'profiled nmethods': size=120000Kb used=5494Kb max_used=5494Kb free=114505Kb
 bounds [0x000001d49a3d0000, 0x000001d49a930000, 0x000001d4a1900000]
CodeHeap 'non-nmethods': size=5696Kb used=1166Kb max_used=1198Kb free=4529Kb
 bounds [0x000001d499e40000, 0x000001d49a0b0000, 0x000001d49a3d0000]
 total_blobs=3031 nmethods=2522 adapters=420
 compilation: enabled
              stopped_count=0, restarted_count=0
 full_count=0

Compilation events (20 events):
Event: 5.723 Thread 0x000001d4b08f4000 nmethod 2514 0x000001d49a92b710 code [0x000001d49a92b940, 0x000001d49a92bda8]
Event: 5.723 Thread 0x000001d4b08f4000 2515       3       org.gradle.internal.service.DefaultServiceRegistry$InstanceUnpackingVisitor::visit (39 bytes)
Event: 5.724 Thread 0x000001d4b08f4000 nmethod 2515 0x000001d49a92c090 code [0x000001d49a92c2a0, 0x000001d49a92c848]
Event: 5.730 Thread 0x000001d4aff41800 2516   !   4       java.util.concurrent.ConcurrentHashMap::putVal (432 bytes)
Event: 5.732 Thread 0x000001d4b17f9000 2517       4       java.lang.Class::getPackageName (81 bytes)
Event: 5.747 Thread 0x000001d4b17f9000 nmethod 2517 0x000001d4a1a40090 code [0x000001d4a1a40260, 0x000001d4a1a40a58]
Event: 5.768 Thread 0x000001d4aff41800 nmethod 2516 0x000001d4a1a40e90 code [0x000001d4a1a410c0, 0x000001d4a1a427b0]
Event: 5.779 Thread 0x000001d4b08f4000 2518       3       java.util.concurrent.locks.LockSupport::setBlocker (12 bytes)
Event: 5.779 Thread 0x000001d4b08f4000 nmethod 2518 0x000001d49a92ca90 code [0x000001d49a92cc40, 0x000001d49a92cd78]
Event: 5.836 Thread 0x000001d4b08f4000 2519       3       java.io.DataInputStream::readInt (72 bytes)
Event: 5.836 Thread 0x000001d4b08f4000 nmethod 2519 0x000001d49a92ce10 code [0x000001d49a92d020, 0x000001d49a92d588]
Event: 5.837 Thread 0x000001d4b17f9000 2520       4       java.io.DataInputStream::readUTF (501 bytes)
Event: 5.837 Thread 0x000001d4b08f4000 2521       3       org.codehaus.groovy.reflection.GeneratedMetaMethod$DgmMethodRecord::<init> (5 bytes)
Event: 5.837 Thread 0x000001d4b08f4000 nmethod 2521 0x000001d49a92d790 code [0x000001d49a92d940, 0x000001d49a92da98]
Event: 5.839 Thread 0x000001d4aff41800 2522       4       java.lang.Integer::hashCode (8 bytes)
Event: 5.839 Thread 0x000001d4aff41800 nmethod 2522 0x000001d4a1a43490 code [0x000001d4a1a43620, 0x000001d4a1a43678]
Event: 5.845 Thread 0x000001d4aff41800 2523       4       sun.net.util.IPAddressUtil::checkHostString (53 bytes)
Event: 5.846 Thread 0x000001d4aff41800 nmethod 2523 0x000001d4a1a43710 code [0x000001d4a1a438a0, 0x000001d4a1a43918]
Event: 5.846 Thread 0x000001d4aff41800 2524       4       sun.net.util.IPAddressUtil::scan (92 bytes)
Event: 5.848 Thread 0x000001d4aff41800 nmethod 2524 0x000001d4a1a43a90 code [0x000001d4a1a43c20, 0x000001d4a1a43cb8]

GC Heap History (12 events):
Event: 0.959 GC heap before
{Heap before GC invocations=0 (full 0):
 garbage-first heap   total 131072K, used 19456K [0x0000000080000000, 0x0000000100000000)
  region size 1024K, 14 young (14336K), 0 survivors (0K)
 Metaspace       used 6747K, capacity 6925K, committed 7168K, reserved 1056768K
  class space    used 582K, capacity 650K, committed 768K, reserved 1048576K
}
Event: 0.972 GC heap after
{Heap after GC invocations=1 (full 0):
 garbage-first heap   total 131072K, used 8156K [0x0000000080000000, 0x0000000100000000)
  region size 1024K, 2 young (2048K), 2 survivors (2048K)
 Metaspace       used 6747K, capacity 6925K, committed 7168K, reserved 1056768K
  class space    used 582K, capacity 650K, committed 768K, reserved 1048576K
}
Event: 1.518 GC heap before
{Heap before GC invocations=1 (full 0):
 garbage-first heap   total 131072K, used 24540K [0x0000000080000000, 0x0000000100000000)
  region size 1024K, 18 young (18432K), 2 survivors (2048K)
 Metaspace       used 10560K, capacity 10781K, committed 11008K, reserved 1058816K
  class space    used 1111K, capacity 1174K, committed 1280K, reserved 1048576K
}
Event: 1.522 GC heap after
{Heap after GC invocations=2 (full 0):
 garbage-first heap   total 131072K, used 9537K [0x0000000080000000, 0x0000000100000000)
  region size 1024K, 2 young (2048K), 2 survivors (2048K)
 Metaspace       used 10560K, capacity 10781K, committed 11008K, reserved 1058816K
  class space    used 1111K, capacity 1174K, committed 1280K, reserved 1048576K
}
Event: 1.844 GC heap before
{Heap before GC invocations=2 (full 0):
 garbage-first heap   total 131072K, used 33089K [0x0000000080000000, 0x0000000100000000)
  region size 1024K, 25 young (25600K), 2 survivors (2048K)
 Metaspace       used 10859K, capacity 11073K, committed 11264K, reserved 1058816K
  class space    used 1131K, capacity 1207K, committed 1280K, reserved 1048576K
}
Event: 1.848 GC heap after
{Heap after GC invocations=3 (full 0):
 garbage-first heap   total 131072K, used 12097K [0x0000000080000000, 0x0000000100000000)
  region size 1024K, 3 young (3072K), 3 survivors (3072K)
 Metaspace       used 10859K, capacity 11073K, committed 11264K, reserved 1058816K
  class space    used 1131K, capacity 1207K, committed 1280K, reserved 1048576K
}
Event: 3.537 GC heap before
{Heap before GC invocations=3 (full 0):
 garbage-first heap   total 131072K, used 61249K [0x0000000080000000, 0x0000000100000000)
  region size 1024K, 52 young (53248K), 3 survivors (3072K)
 Metaspace       used 18601K, capacity 18966K, committed 19072K, reserved 1067008K
  class space    used 2226K, capacity 2351K, committed 2432K, reserved 1048576K
}
Event: 3.549 GC heap after
{Heap after GC invocations=4 (full 0):
 garbage-first heap   total 131072K, used 16428K [0x0000000080000000, 0x0000000100000000)
  region size 1024K, 7 young (7168K), 7 survivors (7168K)
 Metaspace       used 18601K, capacity 18966K, committed 19072K, reserved 1067008K
  class space    used 2226K, capacity 2351K, committed 2432K, reserved 1048576K
}
Event: 3.923 GC heap before
{Heap before GC invocations=4 (full 0):
 garbage-first heap   total 131072K, used 35884K [0x0000000080000000, 0x0000000100000000)
  region size 1024K, 27 young (27648K), 7 survivors (7168K)
 Metaspace       used 20696K, capacity 21076K, committed 21248K, reserved 1067008K
  class space    used 2538K, capacity 2692K, committed 2816K, reserved 1048576K
}
Event: 3.937 GC heap after
{Heap after GC invocations=5 (full 0):
 garbage-first heap   total 131072K, used 17113K [0x0000000080000000, 0x0000000100000000)
  region size 1024K, 1 young (1024K), 1 survivors (1024K)
 Metaspace       used 20696K, capacity 21076K, committed 21248K, reserved 1067008K
  class space    used 2538K, capacity 2692K, committed 2816K, reserved 1048576K
}
Event: 4.954 GC heap before
{Heap before GC invocations=6 (full 0):
 garbage-first heap   total 131072K, used 66265K [0x0000000080000000, 0x0000000100000000)
  region size 1024K, 49 young (50176K), 1 survivors (1024K)
 Metaspace       used 25748K, capacity 26331K, committed 26368K, reserved 1073152K
  class space    used 3356K, capacity 3578K, committed 3584K, reserved 1048576K
}
Event: 4.959 GC heap after
{Heap after GC invocations=7 (full 0):
 garbage-first heap   total 131072K, used 18897K [0x0000000080000000, 0x0000000100000000)
  region size 1024K, 3 young (3072K), 3 survivors (3072K)
 Metaspace       used 25748K, capacity 26331K, committed 26368K, reserved 1073152K
  class space    used 3356K, capacity 3578K, committed 3584K, reserved 1048576K
}

Deoptimization events (20 events):
Event: 5.291 Thread 0x000001d4b21a1800 Uncommon trap: trap_request=0xffffff4d fr.pc=0x000001d4a19a932c relative=0x000000000000008c
Event: 5.291 Thread 0x000001d4b21a1800 Uncommon trap: reason=unstable_if action=reinterpret pc=0x000001d4a19a932c method=java.util.HashMap.hash(Ljava/lang/Object;)I @ 1 c2
Event: 5.291 Thread 0x000001d4b21a1800 DEOPT PACKING pc=0x000001d4a19a932c sp=0x000000b1811f8700
Event: 5.291 Thread 0x000001d4b21a1800 DEOPT UNPACKING pc=0x000001d499e6662f sp=0x000000b1811f8698 mode 2
Event: 5.651 Thread 0x000001d4b21a1800 Uncommon trap: trap_request=0xffffff4d fr.pc=0x000001d4a1a36264 relative=0x00000000000001a4
Event: 5.651 Thread 0x000001d4b21a1800 Uncommon trap: reason=unstable_if action=reinterpret pc=0x000001d4a1a36264 method=java.util.regex.Pattern$BmpCharProperty.match(Ljava/util/regex/Matcher;ILjava/lang/CharSequence;)Z @ 39 c2
Event: 5.651 Thread 0x000001d4b21a1800 DEOPT PACKING pc=0x000001d4a1a36264 sp=0x000000b1811f93d0
Event: 5.651 Thread 0x000001d4b21a1800 DEOPT UNPACKING pc=0x000001d499e6662f sp=0x000000b1811f9380 mode 2
Event: 5.696 Thread 0x000001d4b21a1800 Uncommon trap: trap_request=0xffffff6e fr.pc=0x000001d4a1a3d7cc relative=0x000000000000078c
Event: 5.696 Thread 0x000001d4b21a1800 Uncommon trap: reason=speculate_class_check action=maybe_recompile pc=0x000001d4a1a3d7cc method=java.lang.reflect.Executable.declaredAnnotations()Ljava/util/Map; @ 23 c2
Event: 5.696 Thread 0x000001d4b21a1800 DEOPT PACKING pc=0x000001d4a1a3d7cc sp=0x000000b1811f96a0
Event: 5.696 Thread 0x000001d4b21a1800 DEOPT UNPACKING pc=0x000001d499e6662f sp=0x000000b1811f95e0 mode 2
Event: 5.715 Thread 0x000001d4b21a1800 Uncommon trap: trap_request=0xffffff4d fr.pc=0x000001d4a19fd5d0 relative=0x00000000000001f0
Event: 5.715 Thread 0x000001d4b21a1800 Uncommon trap: reason=unstable_if action=reinterpret pc=0x000001d4a19fd5d0 method=java.util.HashMap.putVal(ILjava/lang/Object;Ljava/lang/Object;ZZ)Ljava/lang/Object; @ 162 c2
Event: 5.715 Thread 0x000001d4b21a1800 DEOPT PACKING pc=0x000001d4a19fd5d0 sp=0x000000b1811fa4f0
Event: 5.715 Thread 0x000001d4b21a1800 DEOPT UNPACKING pc=0x000001d499e6662f sp=0x000000b1811fa470 mode 2
Event: 5.720 Thread 0x000001d4b21a1800 Uncommon trap: trap_request=0xffffff6e fr.pc=0x000001d4a1a3d7cc relative=0x000000000000078c
Event: 5.720 Thread 0x000001d4b21a1800 Uncommon trap: reason=speculate_class_check action=maybe_recompile pc=0x000001d4a1a3d7cc method=java.lang.reflect.Executable.declaredAnnotations()Ljava/util/Map; @ 23 c2
Event: 5.720 Thread 0x000001d4b21a1800 DEOPT PACKING pc=0x000001d4a1a3d7cc sp=0x000000b1811fa6c0
Event: 5.720 Thread 0x000001d4b21a1800 DEOPT UNPACKING pc=0x000001d499e6662f sp=0x000000b1811fa600 mode 2

Classes redefined (0 events):
No events

Internal exceptions (20 events):
Event: 4.518 Thread 0x000001d4b21a1800 Exception <a 'java/lang/NoSuchMethodError'{0x00000000863a62b0}: 'void java.lang.invoke.DirectMethodHandle$Holder.invokeSpecial(java.lang.Object, java.lang.Object, java.lang.Object, java.lang.Object, java.lang.Object, java.lang.Object, java.lang.Object)'> (0x00000000863a62b0) thrown at [./src/hotspot/share/interpreter/linkResolver.cpp, line 773]
Event: 4.519 Thread 0x000001d4b21a1800 Exception <a 'java/lang/NoSuchMethodError'{0x00000000863ae7a0}: 'java.lang.Object java.lang.invoke.Invokers$Holder.linkToTargetMethod(java.lang.Object, java.lang.Object, java.lang.Object, java.lang.Object, java.lang.Object, java.lang.Object)'> (0x00000000863ae7a0) thrown at [./src/hotspot/share/interpreter/linkResolver.cpp, line 773]
Event: 4.648 Thread 0x000001d4b21a1800 Exception <a 'java/lang/NoSuchMethodError'{0x0000000085ade170}: 'int java.lang.invoke.DirectMethodHandle$Holder.invokeStaticInit(java.lang.Object, java.lang.Object, java.lang.Object)'> (0x0000000085ade170) thrown at [./src/hotspot/share/interpreter/linkResolver.cpp, line 773]
Event: 4.826 Thread 0x000001d4b21a1800 Exception <a 'java/lang/NoSuchMethodError'{0x0000000085411dd8}: 'void java.lang.invoke.DirectMethodHandle$Holder.invokeStaticInit(java.lang.Object, java.lang.Object)'> (0x0000000085411dd8) thrown at [./src/hotspot/share/interpreter/linkResolver.cpp, line 773]
Event: 4.943 Thread 0x000001d4b21a1800 Exception <a 'java/lang/NoSuchMethodError'{0x0000000084f4bb48}: 'void java.lang.invoke.DirectMethodHandle$Holder.invokeStatic(java.lang.Object, java.lang.Object, java.lang.Object, java.lang.Object)'> (0x0000000084f4bb48) thrown at [./src/hotspot/share/interpreter/linkResolver.cpp, line 773]
Event: 4.946 Thread 0x000001d4b21a1800 Exception <a 'java/lang/NoSuchMethodError'{0x0000000084f5f598}: 'int java.lang.invoke.DirectMethodHandle$Holder.invokeInterface(java.lang.Object, java.lang.Object)'> (0x0000000084f5f598) thrown at [./src/hotspot/share/interpreter/linkResolver.cpp, line 773]
Event: 5.133 Thread 0x000001d4b21a1800 Exception <a 'java/lang/NoSuchMethodError'{0x0000000087590d28}: 'java.lang.Object java.lang.invoke.DirectMethodHandle$Holder.invokeSpecialIFC(java.lang.Object, java.lang.Object, java.lang.Object, java.lang.Object)'> (0x0000000087590d28) thrown at [./src/hotspot/share/interpreter/linkResolver.cpp, line 773]
Event: 5.144 Thread 0x000001d4b21a1800 Exception <a 'java/lang/NoSuchMethodError'{0x000000008747f978}: 'java.lang.Object java.lang.invoke.DirectMethodHandle$Holder.invokeSpecial(java.lang.Object, java.lang.Object, java.lang.Object, java.lang.Object, java.lang.Object, java.lang.Object, java.lang.Object, java.lang.Object, java.lang.Object, java.lang.Object, java.lang.Object, java.lang.Object, java.lang.Object)'> (0x000000008747f978) thrown at [./src/hotspot/share/interpreter/linkResolver.cpp, line 773]
Event: 5.145 Thread 0x000001d4b21a1800 Exception <a 'java/lang/NoSuchMethodError'{0x00000000874bc2f8}: 'java.lang.Object java.lang.invoke.DirectMethodHandle$Holder.invokeSpecial(java.lang.Object, java.lang.Object, java.lang.Object, java.lang.Object, java.lang.Object, java.lang.Object, java.lang.Object, java.lang.Object, java.lang.Object, java.lang.Object, java.lang.Object, java.lang.Object)'> (0x00000000874bc2f8) thrown at [./src/hotspot/share/interpreter/linkResolver.cpp, line 773]
Event: 5.145 Thread 0x000001d4b21a1800 Exception <a 'java/lang/NoSuchMethodError'{0x00000000874c1420}: 'java.lang.Object java.lang.invoke.Invokers$Holder.linkToTargetMethod(java.lang.Object, java.lang.Object, java.lang.Object, java.lang.Object, java.lang.Object, java.lang.Object, java.lang.Object, java.lang.Object, java.lang.Object, java.lang.Object, java.lang.Object)'> (0x00000000874c1420) thrown at [./src/hotspot/share/interpreter/linkResolver.cpp, line 773]
Event: 5.156 Thread 0x000001d4b21a1800 Exception <a 'java/lang/NoSuchMethodError'{0x0000000087223180}: 'java.lang.Object java.lang.invoke.DirectMethodHandle$Holder.invokeSpecial(java.lang.Object, java.lang.Object, java.lang.Object, java.lang.Object, java.lang.Object, java.lang.Object, java.lang.Object, java.lang.Object, java.lang.Object, java.lang.Object, java.lang.Object, java.lang.Object, java.lang.Object, java.lang.Object)'> (0x0000000087223180) thrown at [./src/hotspot/share/interpreter/linkResolver.cpp, line 773]
Event: 5.158 Thread 0x000001d4b21a1800 Exception <a 'java/lang/NoSuchMethodError'{0x00000000872347f8}: 'java.lang.Object java.lang.invoke.Invokers$Holder.linkToTargetMethod(java.lang.Object, java.lang.Object, java.lang.Object, java.lang.Object, java.lang.Object, java.lang.Object, java.lang.Object, java.lang.Object, java.lang.Object, java.lang.Object, java.lang.Object, java.lang.Object)'> (0x00000000872347f8) thrown at [./src/hotspot/share/interpreter/linkResolver.cpp, line 773]
Event: 5.166 Thread 0x000001d4b21a1800 Exception <a 'java/lang/NoSuchMethodError'{0x00000000872cf6f0}: 'java.lang.Object java.lang.invoke.DirectMethodHandle$Holder.invokeStaticInit(java.lang.Object, java.lang.Object, java.lang.Object, java.lang.Object)'> (0x00000000872cf6f0) thrown at [./src/hotspot/share/interpreter/linkResolver.cpp, line 773]
Event: 5.291 Thread 0x000001d4b21a1800 Implicit null exception at 0x000001d4a19dbaf5 to 0x000001d4a19dbcbc
Event: 5.291 Thread 0x000001d4b21a1800 Implicit null exception at 0x000001d4a19a92af to 0x000001d4a19a931d
Event: 5.466 Thread 0x000001d4b21a1800 Exception <a 'java/lang/NoSuchMethodError'{0x00000000860f5e80}: 'java.lang.Object java.lang.invoke.Invokers$Holder.linkToTargetMethod(java.lang.Object, java.lang.Object, java.lang.Object, java.lang.Object, java.lang.Object, java.lang.Object, java.lang.Object, java.lang.Object)'> (0x00000000860f5e80) thrown at [./src/hotspot/share/interpreter/linkResolver.cpp, line 773]
Event: 5.470 Thread 0x000001d4b21a1800 Exception <a 'java/lang/NoSuchMethodError'{0x0000000085f2bfb8}: 'java.lang.Object java.lang.invoke.DirectMethodHandle$Holder.invokeVirtual(java.lang.Object, java.lang.Object, java.lang.Object)'> (0x0000000085f2bfb8) thrown at [./src/hotspot/share/interpreter/linkResolver.cpp, line 773]
Event: 5.487 Thread 0x000001d4b21a1800 Exception <a 'java/lang/NoSuchMethodError'{0x0000000085e073b0}: 'java.lang.Object java.lang.invoke.Invokers$Holder.linkToTargetMethod(java.lang.Object, java.lang.Object, java.lang.Object, java.lang.Object, java.lang.Object, java.lang.Object, java.lang.Object)'> (0x0000000085e073b0) thrown at [./src/hotspot/share/interpreter/linkResolver.cpp, line 773]
Event: 5.494 Thread 0x000001d4b21a1800 Exception <a 'java/lang/IncompatibleClassChangeError'{0x0000000085e47288}: Found class java.lang.Object, but interface was expected> (0x0000000085e47288) thrown at [./src/hotspot/share/interpreter/linkResolver.cpp, line 839]
Event: 5.552 Thread 0x000001d4b21a1800 Exception <a 'java/lang/NoSuchMethodError'{0x0000000085bed360}: 'int java.lang.invoke.DirectMethodHandle$Holder.invokeVirtual(java.lang.Object, java.lang.Object)'> (0x0000000085bed360) thrown at [./src/hotspot/share/interpreter/linkResolver.cpp, line 773]

Events (20 events):
Event: 5.833 loading class groovy/lang/SpreadMap
Event: 5.833 loading class groovy/lang/SpreadMap done
Event: 5.834 loading class java/lang/Process
Event: 5.834 loading class java/lang/Process done
Event: 5.834 loading class groovy/io/FileType
Event: 5.834 loading class groovy/io/FileType done
Event: 5.835 loading class org/codehaus/groovy/runtime/GStringImpl
Event: 5.835 loading class org/codehaus/groovy/runtime/GStringImpl done
Event: 5.845 loading class org/codehaus/groovy/reflection/ReflectionCache
Event: 5.845 loading class org/codehaus/groovy/reflection/ReflectionCache done
Event: 5.847 loading class org/codehaus/groovy/util/TripleKeyHashMap
Event: 5.847 loading class org/codehaus/groovy/util/TripleKeyHashMap done
Event: 5.850 loading class org/codehaus/groovy/util/ComplexKeyHashMap$EntryIterator
Event: 5.850 loading class org/codehaus/groovy/util/ComplexKeyHashMap$EntryIterator done
Event: 5.851 loading class org/codehaus/groovy/util/ComplexKeyHashMap$Entry
Event: 5.851 loading class org/codehaus/groovy/util/ComplexKeyHashMap$Entry done
Event: 5.851 loading class org/codehaus/groovy/reflection/GroovyClassValue$ComputeValue
Event: 5.851 loading class org/codehaus/groovy/reflection/GroovyClassValue$ComputeValue done
Event: 5.852 loading class org/codehaus/groovy/reflection/stdclasses/ObjectCachedClass
Event: 5.852 loading class org/codehaus/groovy/reflection/stdclasses/ObjectCachedClass done


Dynamic libraries:
0x00007ff642b00000 - 0x00007ff642b0a000 	C:\Program Files\Android\Android Studio\jre\bin\java.exe
0x00007ffade4f0000 - 0x00007ffade6e5000 	C:\WINDOWS\SYSTEM32\ntdll.dll
0x00007ffadcfa0000 - 0x00007ffadd05e000 	C:\WINDOWS\System32\KERNEL32.DLL
0x00007ffadbd20000 - 0x00007ffadbfe8000 	C:\WINDOWS\System32\KERNELBASE.dll
0x00007ffadc070000 - 0x00007ffadc170000 	C:\WINDOWS\System32\ucrtbase.dll
0x00007ffab1030000 - 0x00007ffab1047000 	C:\Program Files\Android\Android Studio\jre\bin\VCRUNTIME140.dll
0x00007ffaaecb0000 - 0x00007ffaaecc9000 	C:\Program Files\Android\Android Studio\jre\bin\jli.dll
0x00007ffade310000 - 0x00007ffade4b0000 	C:\WINDOWS\System32\USER32.dll
0x00007ffadc360000 - 0x00007ffadc382000 	C:\WINDOWS\System32\win32u.dll
0x00007ffadce90000 - 0x00007ffadcebb000 	C:\WINDOWS\System32\GDI32.dll
0x00007ffadbc10000 - 0x00007ffadbd1b000 	C:\WINDOWS\System32\gdi32full.dll
0x00007ffadc4b0000 - 0x00007ffadc54d000 	C:\WINDOWS\System32\msvcp_win.dll
0x00007fface490000 - 0x00007fface72a000 	C:\WINDOWS\WinSxS\amd64_microsoft.windows.common-controls_6595b64144ccf1df_6.0.19041.1110_none_60b5254171f9507e\COMCTL32.dll
0x00007ffadd060000 - 0x00007ffadd0fe000 	C:\WINDOWS\System32\msvcrt.dll
0x00007ffadcec0000 - 0x00007ffadcef0000 	C:\WINDOWS\System32\IMM32.DLL
0x00007ffa8b8c0000 - 0x00007ffa8b95d000 	C:\Program Files\Android\Android Studio\jre\bin\msvcp140.dll
0x00007ffa75500000 - 0x00007ffa75fd5000 	C:\Program Files\Android\Android Studio\jre\bin\server\jvm.dll
0x00007ffadcef0000 - 0x00007ffadcf9e000 	C:\WINDOWS\System32\ADVAPI32.dll
0x00007ffadc980000 - 0x00007ffadca1c000 	C:\WINDOWS\System32\sechost.dll
0x00007ffadd100000 - 0x00007ffadd225000 	C:\WINDOWS\System32\RPCRT4.dll
0x00007ffaddef0000 - 0x00007ffaddef8000 	C:\WINDOWS\System32\PSAPI.DLL
0x00007ffac4d90000 - 0x00007ffac4d99000 	C:\WINDOWS\SYSTEM32\WSOCK32.dll
0x00007ffacea30000 - 0x00007ffacea57000 	C:\WINDOWS\SYSTEM32\WINMM.dll
0x00007ffadc800000 - 0x00007ffadc86b000 	C:\WINDOWS\System32\WS2_32.dll
0x00007ffad4080000 - 0x00007ffad408a000 	C:\WINDOWS\SYSTEM32\VERSION.dll
0x00007ffada4b0000 - 0x00007ffada4c2000 	C:\WINDOWS\SYSTEM32\kernel.appcore.dll
0x00007ffabf090000 - 0x00007ffabf0a1000 	C:\Program Files\Android\Android Studio\jre\bin\verify.dll
0x00007ffac9610000 - 0x00007ffac97f4000 	C:\WINDOWS\SYSTEM32\DBGHELP.DLL
0x00007ffac9430000 - 0x00007ffac945c000 	C:\WINDOWS\SYSTEM32\dbgcore.DLL
0x00007ffadc2d0000 - 0x00007ffadc352000 	C:\WINDOWS\System32\bcryptPrimitives.dll
0x00007ffabd4d0000 - 0x00007ffabd4f9000 	C:\Program Files\Android\Android Studio\jre\bin\java.dll
0x00007ffad7590000 - 0x00007ffad759b000 	C:\Program Files\Android\Android Studio\jre\bin\jimage.dll
0x00007ffabe140000 - 0x00007ffabe158000 	C:\Program Files\Android\Android Studio\jre\bin\zip.dll
0x00007ffadd240000 - 0x00007ffadd984000 	C:\WINDOWS\System32\SHELL32.dll
0x00007ffad9d00000 - 0x00007ffada494000 	C:\WINDOWS\SYSTEM32\windows.storage.dll
0x00007ffaddfb0000 - 0x00007ffade304000 	C:\WINDOWS\System32\combase.dll
0x00007ffadb670000 - 0x00007ffadb69c000 	C:\WINDOWS\SYSTEM32\Wldp.dll
0x00007ffaddf00000 - 0x00007ffaddfad000 	C:\WINDOWS\System32\SHCORE.dll
0x00007ffadddc0000 - 0x00007ffadde15000 	C:\WINDOWS\System32\shlwapi.dll
0x00007ffadbb50000 - 0x00007ffadbb6f000 	C:\WINDOWS\SYSTEM32\profapi.dll
0x00007ffabdac0000 - 0x00007ffabdada000 	C:\Program Files\Android\Android Studio\jre\bin\net.dll
0x00007ffacd800000 - 0x00007ffacd909000 	C:\WINDOWS\SYSTEM32\WINHTTP.dll
0x00007ffadb3d0000 - 0x00007ffadb43a000 	C:\WINDOWS\system32\mswsock.dll
0x00007ffabd9d0000 - 0x00007ffabd9e4000 	C:\Program Files\Android\Android Studio\jre\bin\nio.dll
0x00007ffab1c00000 - 0x00007ffab1c27000 	C:\Users\TAnh\.gradle\native\e1d6ef7f7dcc3fd88c89a11ec53ec762bb8ba0a96d01ffa2cd45eb1d1d8dd5c5\windows-amd64\native-platform.dll
0x00007ffaab5a0000 - 0x00007ffaab6e4000 	C:\Users\TAnh\.gradle\native\5664cfc778a61ccfe75a443a1ab52a65af34e5dc3c78e0209fed803814484fcb\windows-amd64\native-platform-file-events.dll
0x00007ffacb2b0000 - 0x00007ffacb2ba000 	C:\Program Files\Android\Android Studio\jre\bin\management.dll
0x00007ffac9860000 - 0x00007ffac986d000 	C:\Program Files\Android\Android Studio\jre\bin\management_ext.dll
0x00007ffadb5c0000 - 0x00007ffadb5d8000 	C:\WINDOWS\SYSTEM32\CRYPTSP.dll
0x00007ffadace0000 - 0x00007ffadad14000 	C:\WINDOWS\system32\rsaenh.dll
0x00007ffadc040000 - 0x00007ffadc067000 	C:\WINDOWS\System32\bcrypt.dll
0x00007ffadbb10000 - 0x00007ffadbb3e000 	C:\WINDOWS\SYSTEM32\USERENV.dll
0x00007ffadb5e0000 - 0x00007ffadb5ec000 	C:\WINDOWS\SYSTEM32\CRYPTBASE.dll
0x00007ffadb070000 - 0x00007ffadb0ab000 	C:\WINDOWS\SYSTEM32\IPHLPAPI.DLL
0x00007ffadc550000 - 0x00007ffadc558000 	C:\WINDOWS\System32\NSI.dll
0x00007ffad3590000 - 0x00007ffad35a7000 	C:\WINDOWS\SYSTEM32\dhcpcsvc6.DLL
0x00007ffad4160000 - 0x00007ffad417d000 	C:\WINDOWS\SYSTEM32\dhcpcsvc.DLL
0x00007ffadb0c0000 - 0x00007ffadb18a000 	C:\WINDOWS\SYSTEM32\DNSAPI.dll

dbghelp: loaded successfully - version: 4.0.5 - missing functions: none
symbol engine: initialized successfully - sym options: 0x614 - pdb path: .;C:\Program Files\Android\Android Studio\jre\bin;C:\WINDOWS\SYSTEM32;C:\WINDOWS\WinSxS\amd64_microsoft.windows.common-controls_6595b64144ccf1df_6.0.19041.1110_none_60b5254171f9507e;C:\Program Files\Android\Android Studio\jre\bin\server;C:\Users\TAnh\.gradle\native\e1d6ef7f7dcc3fd88c89a11ec53ec762bb8ba0a96d01ffa2cd45eb1d1d8dd5c5\windows-amd64;C:\Users\TAnh\.gradle\native\5664cfc778a61ccfe75a443a1ab52a65af34e5dc3c78e0209fed803814484fcb\windows-amd64

VM Arguments:
jvm_args: --add-opens=java.base/java.util=ALL-UNNAMED --add-opens=java.base/java.lang=ALL-UNNAMED --add-opens=java.base/java.lang.invoke=ALL-UNNAMED --add-opens=java.base/java.util=ALL-UNNAMED --add-opens=java.prefs/java.util.prefs=ALL-UNNAMED --add-opens=java.prefs/java.util.prefs=ALL-UNNAMED --add-opens=java.base/java.nio.charset=ALL-UNNAMED --add-opens=java.base/java.net=ALL-UNNAMED --add-opens=java.base/java.util.concurrent.atomic=ALL-UNNAMED -Xmx2048m -Dfile.encoding=UTF-8 -Duser.country=US -Duser.language=en -Duser.variant 
java_command: org.gradle.launcher.daemon.bootstrap.GradleDaemon 7.2
java_class_path (initial): C:\Users\TAnh\.gradle\wrapper\dists\gradle-7.2-bin\2dnblmf4td7x66yl1d74lt32g\gradle-7.2\lib\gradle-launcher-7.2.jar
Launcher Type: SUN_STANDARD

[Global flags]
     intx CICompilerCount                          = 3                                         {product} {ergonomic}
     uint ConcGCThreads                            = 1                                         {product} {ergonomic}
     uint G1ConcRefinementThreads                  = 4                                         {product} {ergonomic}
   size_t G1HeapRegionSize                         = 1048576                                   {product} {ergonomic}
    uintx GCDrainStackTargetSize                   = 64                                        {product} {ergonomic}
   size_t InitialHeapSize                          = 134217728                                 {product} {ergonomic}
   size_t MarkStackSize                            = 4194304                                   {product} {ergonomic}
   size_t MaxHeapSize                              = 2147483648                                {product} {command line}
   size_t MaxNewSize                               = 1287651328                                {product} {ergonomic}
   size_t MinHeapDeltaBytes                        = 1048576                                   {product} {ergonomic}
    uintx NonNMethodCodeHeapSize                   = 5830732                                {pd product} {ergonomic}
    uintx NonProfiledCodeHeapSize                  = 122913754                              {pd product} {ergonomic}
    uintx ProfiledCodeHeapSize                     = 122913754                              {pd product} {ergonomic}
    uintx ReservedCodeCacheSize                    = 251658240                              {pd product} {ergonomic}
     bool SegmentedCodeCache                       = true                                      {product} {ergonomic}
     bool UseCompressedClassPointers               = true                                 {lp64_product} {ergonomic}
     bool UseCompressedOops                        = true                                 {lp64_product} {ergonomic}
     bool UseG1GC                                  = true                                      {product} {ergonomic}
     bool UseLargePagesIndividualAllocation        = false                                  {pd product} {ergonomic}

Logging:
Log output configuration:
 #0: stdout all=warning uptime,level,tags
 #1: stderr all=off uptime,level,tags

Environment Variables:
PATH=C:\Program Files\Common Files\Oracle\Java\javapath;D:\program\orcl\bin;C:\Program Files (x86)\Common Files\Oracle\Java\javapath;C:\WINDOWS\system32;C:\WINDOWS;C:\WINDOWS\System32\Wbem;C:\WINDOWS\System32\WindowsPowerShell\v1.0\;C:\WINDOWS\System32\OpenSSH\;C:\Program Files (x86)\AMD\ATI.ACE\Core-Static;C:\Program Files\nodejs\;C:\Program Files\Git\cmd;C:\Program Files (x86)\Yarn\bin\;C:\Users\TAnh\AppData\Local\Programs\Python\Python310\Scripts\;C:\Users\TAnh\AppData\Local\Programs\Python\Python310\;C:\Users\TAnh\AppData\Local\Microsoft\WindowsApps;C:\Users\TAnh\AppData\Local\Programs\Microsoft VS Code\bin;C:\Users\TAnh\AppData\Roaming\npm;C:\Users\TAnh\AppData\Local\Yarn\bin;C:\Users\TAnh\AppData\Local\Android\Sdk\platform-tools;
USERNAME=TAnh
OS=Windows_NT
PROCESSOR_IDENTIFIER=Intel64 Family 6 Model 60 Stepping 3, GenuineIntel



---------------  S Y S T E M  ---------------

OS: Windows 10 , 64 bit Build 19041 (10.0.19041.1566)
OS uptime: 0 days 1:16 hours

CPU:total 4 (initial active 4) (2 cores per cpu, 2 threads per core) family 6 model 60 stepping 3 microcode 0x27, cmov, cx8, fxsr, mmx, sse, sse2, sse3, ssse3, sse4.1, sse4.2, popcnt, avx, avx2, aes, clmul, erms, lzcnt, ht, tsc, tscinvbit, bmi1, bmi2, fma

Memory: 4k page, system-wide physical 8113M (532M free)
TotalPageFile size 20613M (AvailPageFile size 0M)
current process WorkingSet (physical memory assigned to process): 206M, peak: 211M
current process commit charge ("private bytes"): 289M, peak: 315M

vm_info: OpenJDK 64-Bit Server VM (11.0.11+9-b60-7590822) for windows-amd64 JRE (11.0.11+9-b60-7590822), built on Jul 29 2021 21:43:44 by "builder" with MS VC++ 14.0 (VS2015)

END.
