#
# There is insufficient memory for the Java Runtime Environment to continue.
# Native memory allocation (malloc) failed to allocate 1068096 bytes for Chunk::new
# Possible reasons:
#   The system is out of physical RAM or swap space
#   The process is running with CompressedOops enabled, and the Java Heap may be blocking the growth of the native heap
# Possible solutions:
#   Reduce memory load on the system
#   Increase physical memory or swap space
#   Check if swap backing store is full
#   Decrease Java heap size (-Xmx/-Xms)
#   Decrease number of Java threads
#   Decrease Java thread stack sizes (-Xss)
#   Set larger code cache with -XX:ReservedCodeCacheSize=
#   JVM is running with Unscaled Compressed Oops mode in which the Java heap is
#     placed in the first 4GB address space. The Java Heap base address is the
#     maximum limit for the native heap growth. Please use -XX:HeapBaseMinAddress
#     to set the Java Heap base and to place the Java Heap above 4GB virtual address.
# This output file may be truncated or incomplete.
#
#  Out of Memory Error (./src/hotspot/share/memory/arena.cpp:197), pid=12824, tid=13500
#
# JRE version: OpenJDK Runtime Environment (11.0.11+9) (build 11.0.11+9-b60-7590822)
# Java VM: OpenJDK 64-Bit Server VM (11.0.11+9-b60-7590822, mixed mode, tiered, compressed oops, g1 gc, windows-amd64)
# No core dump will be written. Minidumps are not enabled by default on client versions of Windows
#

---------------  S U M M A R Y ------------

Command Line: --add-opens=java.base/java.util=ALL-UNNAMED --add-opens=java.base/java.lang=ALL-UNNAMED --add-opens=java.base/java.lang.invoke=ALL-UNNAMED --add-opens=java.base/java.util=ALL-UNNAMED --add-opens=java.prefs/java.util.prefs=ALL-UNNAMED --add-opens=java.prefs/java.util.prefs=ALL-UNNAMED --add-opens=java.base/java.nio.charset=ALL-UNNAMED --add-opens=java.base/java.net=ALL-UNNAMED --add-opens=java.base/java.util.concurrent.atomic=ALL-UNNAMED -Xmx2048m -Dfile.encoding=UTF-8 -Duser.country=US -Duser.language=en -Duser.variant org.gradle.launcher.daemon.bootstrap.GradleDaemon 7.2

Host: Intel(R) Core(TM) i7-4600M CPU @ 2.90GHz, 4 cores, 7G,  Windows 10 , 64 bit Build 19041 (10.0.19041.1566)
Time: Sat Apr 16 08:17:12 2022 SE Asia Standard Time elapsed time: 169.177295 seconds (0d 0h 2m 49s)

---------------  T H R E A D  ---------------

Current thread (0x000002015b789800):  JavaThread "C2 CompilerThread1" daemon [_thread_in_native, id=13500, stack(0x0000004f42800000,0x0000004f42900000)]


Current CompileTask:
C2: 169177 17364       4       org.apache.xerces.impl.XMLNSDocumentScannerImpl::scanStartElement (873 bytes)

Stack: [0x0000004f42800000,0x0000004f42900000]
Native frames: (J=compiled Java code, j=interpreted, Vv=VM code, C=native code)
V  [jvm.dll+0x5f214a]
V  [jvm.dll+0x726fb5]
V  [jvm.dll+0x7285cd]
V  [jvm.dll+0x728c83]
V  [jvm.dll+0x243278]
V  [jvm.dll+0xbc53c]
V  [jvm.dll+0xbca3c]
V  [jvm.dll+0x2b5c34]
V  [jvm.dll+0x508488]
V  [jvm.dll+0x203d53]
V  [jvm.dll+0x1fdbac]
V  [jvm.dll+0x1fb35f]
V  [jvm.dll+0x183d6c]
V  [jvm.dll+0x209a57]
V  [jvm.dll+0x2082a1]
V  [jvm.dll+0x6ef58f]
V  [jvm.dll+0x6e80b5]
V  [jvm.dll+0x5f1036]
C  [ucrtbase.dll+0x21bb2]
C  [KERNEL32.DLL+0x17034]
C  [ntdll.dll+0x52651]


---------------  P R O C E S S  ---------------

Threads class SMR info:
_java_thread_list=0x00000201566e59a0, length=87, elements={
0x000002013aaab800, 0x0000020154e35000, 0x0000020154e36000, 0x0000020154e4b800,
0x0000020154e4e800, 0x0000020154e50800, 0x0000020154e53800, 0x0000020154e56800,
0x0000020154e7c000, 0x0000020155915000, 0x0000020157d97800, 0x0000020156e8d000,
0x00000201570e1800, 0x0000020157e83000, 0x0000020157740000, 0x0000020158158800,
0x0000020158156000, 0x0000020158159000, 0x000002015815b000, 0x0000020158155000,
0x000002015815b800, 0x0000020158157000, 0x0000020159336800, 0x0000020159337000,
0x000002015933d000, 0x0000020159339000, 0x000002015e465000, 0x000002015b78b800,
0x000002015b786000, 0x000002015b78a000, 0x000002015b787000, 0x000002015b78c800,
0x000002015b78d800, 0x000002015b787800, 0x000002015b78e000, 0x000002015b788800,
0x000002015b78f000, 0x000002015b789800, 0x000002015b791800, 0x000002015b794000,
0x000002015b792800, 0x000002015b794800, 0x000002015b790800, 0x000002015b793000,
0x000002015b790000, 0x000002015e458000, 0x000002015e45b000, 0x000002015e456800,
0x000002015e45c000, 0x000002015e45d000, 0x000002015e45a800, 0x000002015e457000,
0x000002015e45d800, 0x000002015e45e800, 0x000002015e458800, 0x000002015e459800,
0x000002015e461000, 0x000002015e464000, 0x000002015e460000, 0x000002015e463800,
0x000002015e461800, 0x000002015e462800, 0x000002015933e000, 0x000002015933a800,
0x0000020159341000, 0x000002015933c000, 0x000002015933b800, 0x0000020159342000,
0x0000020159342800, 0x0000020159343800, 0x0000020159345000, 0x0000020159344800,
0x0000020158157800, 0x000002015815a000, 0x00000201594cc000, 0x00000201594ca800,
0x00000201594c6000, 0x00000201594cb000, 0x00000201594c8000, 0x00000201594c8800,
0x00000201594c7000, 0x00000201594cd000, 0x00000201594c9800, 0x000002015eb4a800,
0x000002015eb4b800, 0x000002015eb4d000, 0x000002015eb49800
}

Java Threads: ( => current thread )
  0x000002013aaab800 JavaThread "main" [_thread_blocked, id=6128, stack(0x0000004f3ff00000,0x0000004f40000000)]
  0x0000020154e35000 JavaThread "Reference Handler" daemon [_thread_blocked, id=14184, stack(0x0000004f40600000,0x0000004f40700000)]
  0x0000020154e36000 JavaThread "Finalizer" daemon [_thread_blocked, id=8876, stack(0x0000004f40700000,0x0000004f40800000)]
  0x0000020154e4b800 JavaThread "Signal Dispatcher" daemon [_thread_blocked, id=11500, stack(0x0000004f40800000,0x0000004f40900000)]
  0x0000020154e4e800 JavaThread "Attach Listener" daemon [_thread_blocked, id=6760, stack(0x0000004f40900000,0x0000004f40a00000)]
  0x0000020154e50800 JavaThread "Service Thread" daemon [_thread_blocked, id=8592, stack(0x0000004f40a00000,0x0000004f40b00000)]
  0x0000020154e53800 JavaThread "C2 CompilerThread0" daemon [_thread_in_native, id=14304, stack(0x0000004f40b00000,0x0000004f40c00000)]
  0x0000020154e56800 JavaThread "C1 CompilerThread0" daemon [_thread_blocked, id=4808, stack(0x0000004f40c00000,0x0000004f40d00000)]
  0x0000020154e7c000 JavaThread "Sweeper thread" daemon [_thread_blocked, id=9472, stack(0x0000004f40d00000,0x0000004f40e00000)]
  0x0000020155915000 JavaThread "Common-Cleaner" daemon [_thread_blocked, id=14168, stack(0x0000004f40e00000,0x0000004f40f00000)]
  0x0000020157d97800 JavaThread "Daemon health stats" [_thread_blocked, id=7296, stack(0x0000004f41300000,0x0000004f41400000)]
  0x0000020156e8d000 JavaThread "Incoming local TCP Connector on port 54014" [_thread_in_native, id=7304, stack(0x0000004f41400000,0x0000004f41500000)]
  0x00000201570e1800 JavaThread "Daemon periodic checks" [_thread_blocked, id=7292, stack(0x0000004f41500000,0x0000004f41600000)]
  0x0000020157e83000 JavaThread "Daemon" [_thread_blocked, id=7248, stack(0x0000004f41600000,0x0000004f41700000)]
  0x0000020157740000 JavaThread "Daemon worker" [_thread_blocked, id=9948, stack(0x0000004f41900000,0x0000004f41a00000)]
  0x0000020158158800 JavaThread "Cache worker for journal cache (C:\Users\TAnh\.gradle\caches\journal-1)" [_thread_blocked, id=2992, stack(0x0000004f41d00000,0x0000004f41e00000)]
  0x0000020158156000 JavaThread "File lock request listener" [_thread_in_native, id=13956, stack(0x0000004f41e00000,0x0000004f41f00000)]
  0x0000020158159000 JavaThread "Cache worker for file hash cache (C:\Users\TAnh\.gradle\caches\7.2\fileHashes)" [_thread_blocked, id=8344, stack(0x0000004f42000000,0x0000004f42100000)]
  0x000002015815b000 JavaThread "File watcher server" daemon [_thread_in_native, id=1188, stack(0x0000004f42200000,0x0000004f42300000)]
  0x0000020158155000 JavaThread "File watcher consumer" daemon [_thread_blocked, id=5528, stack(0x0000004f42300000,0x0000004f42400000)]
  0x000002015815b800 JavaThread "jar transforms" [_thread_blocked, id=8496, stack(0x0000004f42400000,0x0000004f42500000)]
  0x0000020158157000 JavaThread "jar transforms Thread 2" [_thread_blocked, id=7264, stack(0x0000004f42500000,0x0000004f42600000)]
  0x0000020159336800 JavaThread "jar transforms Thread 3" [_thread_blocked, id=5208, stack(0x0000004f42600000,0x0000004f42700000)]
  0x0000020159337000 JavaThread "jar transforms Thread 4" [_thread_blocked, id=7268, stack(0x0000004f42700000,0x0000004f42800000)]
  0x000002015933d000 JavaThread "Cache worker for execution history cache (C:\Users\TAnh\.gradle\caches\7.2\executionHistory)" [_thread_blocked, id=5168, stack(0x0000004f42b00000,0x0000004f42c00000)]
  0x0000020159339000 JavaThread "Cache worker for file content cache (C:\Users\TAnh\.gradle\caches\7.2\fileContent)" [_thread_blocked, id=12856, stack(0x0000004f42c00000,0x0000004f42d00000)]
  0x000002015e465000 JavaThread "Memory manager" [_thread_blocked, id=7424, stack(0x0000004f45700000,0x0000004f45800000)]
  0x000002015b78b800 JavaThread "Handler for socket connection from /127.0.0.1:54014 to /127.0.0.1:54057" [_thread_in_native, id=12244, stack(0x0000004f3fc00000,0x0000004f3fd00000)]
  0x000002015b786000 JavaThread "Cancel handler" [_thread_blocked, id=5744, stack(0x0000004f3fd00000,0x0000004f3fe00000)]
  0x000002015b78a000 JavaThread "Asynchronous log dispatcher for DefaultDaemonConnection: socket connection from /127.0.0.1:54014 to /127.0.0.1:54057" [_thread_blocked, id=7716, stack(0x0000004f3fe00000,0x0000004f3ff00000)]
  0x000002015b787000 JavaThread "Stdin handler" [_thread_blocked, id=1864, stack(0x0000004f41000000,0x0000004f41100000)]
  0x000002015b78c800 JavaThread "Daemon client event forwarder" [_thread_blocked, id=14084, stack(0x0000004f41700000,0x0000004f41800000)]
  0x000002015b78d800 JavaThread "Cache worker for file hash cache (D:\study\Mobile-App-Development\ChatsApp\.gradle\7.2\fileHashes)" [_thread_blocked, id=14080, stack(0x0000004f41800000,0x0000004f41900000)]
  0x000002015b787800 JavaThread "Cache worker for checksums cache (D:\study\Mobile-App-Development\ChatsApp\.gradle\checksums)" [_thread_blocked, id=13492, stack(0x0000004f41a00000,0x0000004f41b00000)]
  0x000002015b78e000 JavaThread "Cache worker for cache directory md-supplier (C:\Users\TAnh\.gradle\caches\7.2\md-supplier)" [_thread_blocked, id=9192, stack(0x0000004f41b00000,0x0000004f41c00000)]
  0x000002015b788800 JavaThread "Cache worker for cache directory md-rule (C:\Users\TAnh\.gradle\caches\7.2\md-rule)" [_thread_blocked, id=7092, stack(0x0000004f41c00000,0x0000004f41d00000)]
  0x000002015b78f000 JavaThread "Cache worker for dependencies-accessors (D:\study\Mobile-App-Development\ChatsApp\.gradle\7.2\dependencies-accessors)" [_thread_blocked, id=2692, stack(0x0000004f42100000,0x0000004f42200000)]
=>0x000002015b789800 JavaThread "C2 CompilerThread1" daemon [_thread_in_native, id=13500, stack(0x0000004f42800000,0x0000004f42900000)]
  0x000002015b791800 JavaThread "Cache worker for Build Output Cleanup Cache (D:\study\Mobile-App-Development\ChatsApp\.gradle\buildOutputCleanup)" [_thread_blocked, id=8508, stack(0x0000004f42900000,0x0000004f42a00000)]
  0x000002015b794000 JavaThread "Unconstrained build operations" [_thread_blocked, id=14156, stack(0x0000004f42a00000,0x0000004f42b00000)]
  0x000002015b792800 JavaThread "Unconstrained build operations Thread 2" [_thread_blocked, id=8148, stack(0x0000004f42d00000,0x0000004f42e00000)]
  0x000002015b794800 JavaThread "Unconstrained build operations Thread 3" [_thread_blocked, id=9136, stack(0x0000004f42e00000,0x0000004f42f00000)]
  0x000002015b790800 JavaThread "Unconstrained build operations Thread 4" [_thread_blocked, id=14040, stack(0x0000004f42f00000,0x0000004f43000000)]
  0x000002015b793000 JavaThread "Unconstrained build operations Thread 5" [_thread_blocked, id=14076, stack(0x0000004f43000000,0x0000004f43100000)]
  0x000002015b790000 JavaThread "Unconstrained build operations Thread 6" [_thread_blocked, id=6596, stack(0x0000004f43100000,0x0000004f43200000)]
  0x000002015e458000 JavaThread "Unconstrained build operations Thread 7" [_thread_blocked, id=8560, stack(0x0000004f43200000,0x0000004f43300000)]
  0x000002015e45b000 JavaThread "Unconstrained build operations Thread 8" [_thread_blocked, id=7996, stack(0x0000004f43300000,0x0000004f43400000)]
  0x000002015e456800 JavaThread "Unconstrained build operations Thread 9" [_thread_blocked, id=11992, stack(0x0000004f43400000,0x0000004f43500000)]
  0x000002015e45c000 JavaThread "Unconstrained build operations Thread 10" [_thread_blocked, id=10532, stack(0x0000004f43500000,0x0000004f43600000)]
  0x000002015e45d000 JavaThread "Unconstrained build operations Thread 11" [_thread_blocked, id=13880, stack(0x0000004f43600000,0x0000004f43700000)]
  0x000002015e45a800 JavaThread "Unconstrained build operations Thread 12" [_thread_blocked, id=12636, stack(0x0000004f43700000,0x0000004f43800000)]
  0x000002015e457000 JavaThread "Unconstrained build operations Thread 13" [_thread_blocked, id=11104, stack(0x0000004f43800000,0x0000004f43900000)]
  0x000002015e45d800 JavaThread "Unconstrained build operations Thread 14" [_thread_blocked, id=12912, stack(0x0000004f43900000,0x0000004f43a00000)]
  0x000002015e45e800 JavaThread "Unconstrained build operations Thread 15" [_thread_blocked, id=5940, stack(0x0000004f43a00000,0x0000004f43b00000)]
  0x000002015e458800 JavaThread "Unconstrained build operations Thread 16" [_thread_blocked, id=13064, stack(0x0000004f43b00000,0x0000004f43c00000)]
  0x000002015e459800 JavaThread "Unconstrained build operations Thread 17" [_thread_blocked, id=10444, stack(0x0000004f43c00000,0x0000004f43d00000)]
  0x000002015e461000 JavaThread "Unconstrained build operations Thread 18" [_thread_blocked, id=8452, stack(0x0000004f43d00000,0x0000004f43e00000)]
  0x000002015e464000 JavaThread "Unconstrained build operations Thread 19" [_thread_blocked, id=11840, stack(0x0000004f43e00000,0x0000004f43f00000)]
  0x000002015e460000 JavaThread "Unconstrained build operations Thread 20" [_thread_blocked, id=7536, stack(0x0000004f43f00000,0x0000004f44000000)]
  0x000002015e463800 JavaThread "Unconstrained build operations Thread 21" [_thread_blocked, id=1144, stack(0x0000004f44000000,0x0000004f44100000)]
  0x000002015e461800 JavaThread "Unconstrained build operations Thread 22" [_thread_blocked, id=12712, stack(0x0000004f44100000,0x0000004f44200000)]
  0x000002015e462800 JavaThread "Unconstrained build operations Thread 23" [_thread_blocked, id=11224, stack(0x0000004f44200000,0x0000004f44300000)]
  0x000002015933e000 JavaThread "Unconstrained build operations Thread 24" [_thread_blocked, id=4676, stack(0x0000004f44300000,0x0000004f44400000)]
  0x000002015933a800 JavaThread "Unconstrained build operations Thread 25" [_thread_blocked, id=10104, stack(0x0000004f44400000,0x0000004f44500000)]
  0x0000020159341000 JavaThread "Unconstrained build operations Thread 26" [_thread_blocked, id=13724, stack(0x0000004f44500000,0x0000004f44600000)]
  0x000002015933c000 JavaThread "Unconstrained build operations Thread 27" [_thread_blocked, id=12260, stack(0x0000004f44600000,0x0000004f44700000)]
  0x000002015933b800 JavaThread "Unconstrained build operations Thread 28" [_thread_blocked, id=9380, stack(0x0000004f44700000,0x0000004f44800000)]
  0x0000020159342000 JavaThread "Unconstrained build operations Thread 29" [_thread_blocked, id=13908, stack(0x0000004f44800000,0x0000004f44900000)]
  0x0000020159342800 JavaThread "Unconstrained build operations Thread 30" [_thread_blocked, id=9028, stack(0x0000004f44900000,0x0000004f44a00000)]
  0x0000020159343800 JavaThread "Unconstrained build operations Thread 31" [_thread_blocked, id=6544, stack(0x0000004f44a00000,0x0000004f44b00000)]
  0x0000020159345000 JavaThread "Unconstrained build operations Thread 32" [_thread_blocked, id=7588, stack(0x0000004f44b00000,0x0000004f44c00000)]
  0x0000020159344800 JavaThread "Unconstrained build operations Thread 33" [_thread_blocked, id=4488, stack(0x0000004f44c00000,0x0000004f44d00000)]
  0x0000020158157800 JavaThread "Unconstrained build operations Thread 34" [_thread_blocked, id=13840, stack(0x0000004f44d00000,0x0000004f44e00000)]
  0x000002015815a000 JavaThread "Unconstrained build operations Thread 35" [_thread_blocked, id=7216, stack(0x0000004f44e00000,0x0000004f44f00000)]
  0x00000201594cc000 JavaThread "Unconstrained build operations Thread 36" [_thread_blocked, id=13012, stack(0x0000004f44f00000,0x0000004f45000000)]
  0x00000201594ca800 JavaThread "Unconstrained build operations Thread 37" [_thread_blocked, id=4296, stack(0x0000004f45000000,0x0000004f45100000)]
  0x00000201594c6000 JavaThread "Unconstrained build operations Thread 38" [_thread_blocked, id=14264, stack(0x0000004f45100000,0x0000004f45200000)]
  0x00000201594cb000 JavaThread "Unconstrained build operations Thread 39" [_thread_blocked, id=7340, stack(0x0000004f45200000,0x0000004f45300000)]
  0x00000201594c8000 JavaThread "Unconstrained build operations Thread 40" [_thread_blocked, id=13696, stack(0x0000004f45300000,0x0000004f45400000)]
  0x00000201594c8800 JavaThread "build event listener" [_thread_blocked, id=11688, stack(0x0000004f45400000,0x0000004f45500000)]
  0x00000201594c7000 JavaThread "Execution worker for ':'" [_thread_in_vm, id=11384, stack(0x0000004f45500000,0x0000004f45600000)]
  0x00000201594cd000 JavaThread "Execution worker for ':' Thread 2" [_thread_blocked, id=3208, stack(0x0000004f45600000,0x0000004f45700000)]
  0x00000201594c9800 JavaThread "Execution worker for ':' Thread 3" [_thread_blocked, id=4904, stack(0x0000004f45900000,0x0000004f45a00000)]
  0x000002015eb4a800 JavaThread "Cache worker for execution history cache (D:\study\Mobile-App-Development\ChatsApp\.gradle\7.2\executionHistory)" [_thread_blocked, id=2996, stack(0x0000004f45a00000,0x0000004f45b00000)]
  0x000002015eb4b800 JavaThread "WorkerExecutor Queue" [_thread_blocked, id=6808, stack(0x0000004f45b00000,0x0000004f45c00000)]
  0x000002015eb4d000 JavaThread "WorkerExecutor Queue Thread 2" [_thread_blocked, id=12708, stack(0x0000004f45c00000,0x0000004f45d00000)]
  0x000002015eb49800 JavaThread "WorkerExecutor Queue Thread 3" [_thread_blocked, id=2956, stack(0x0000004f45d00000,0x0000004f45e00000)]

Other Threads:
  0x0000020154e2d800 VMThread "VM Thread" [stack: 0x0000004f40500000,0x0000004f40600000] [id=1932]
  0x0000020155935800 WatcherThread [stack: 0x0000004f40f00000,0x0000004f41000000] [id=8092]
  0x000002013aac6000 GCTaskThread "GC Thread#0" [stack: 0x0000004f40000000,0x0000004f40100000] [id=1356]
  0x0000020155eb7000 GCTaskThread "GC Thread#1" [stack: 0x0000004f41100000,0x0000004f41200000] [id=13800]
  0x0000020155a80000 GCTaskThread "GC Thread#2" [stack: 0x0000004f41200000,0x0000004f41300000] [id=8884]
  0x0000020157be2800 GCTaskThread "GC Thread#3" [stack: 0x0000004f41f00000,0x0000004f42000000] [id=7244]
  0x000002013aaf6000 ConcurrentGCThread "G1 Main Marker" [stack: 0x0000004f40100000,0x0000004f40200000] [id=13016]
  0x000002013aaf8000 ConcurrentGCThread "G1 Conc#0" [stack: 0x0000004f40200000,0x0000004f40300000] [id=13700]
  0x000002013ab87800 ConcurrentGCThread "G1 Refine#0" [stack: 0x0000004f40300000,0x0000004f40400000] [id=11428]
  0x000002013ab88800 ConcurrentGCThread "G1 Young RemSet Sampling" [stack: 0x0000004f40400000,0x0000004f40500000] [id=13796]

Threads with active compile tasks:
C2 CompilerThread0 169202 17365       4       org.apache.xerces.util.XMLAttributesImpl::addAttributeNS (169 bytes)
C2 CompilerThread1 169202 17364       4       org.apache.xerces.impl.XMLNSDocumentScannerImpl::scanStartElement (873 bytes)

VM state:not at safepoint (normal execution)

VM Mutex/Monitor currently owned by a thread: None

Heap address: 0x0000000080000000, size: 2048 MB, Compressed Oops mode: 32-bit
Narrow klass base: 0x0000000000000000, Narrow klass shift: 3
Compressed class space size: 1073741824 Address: 0x0000000100000000

Heap:
 garbage-first heap   total 273408K, used 185099K [0x0000000080000000, 0x0000000100000000)
  region size 1024K, 47 young (48128K), 5 survivors (5120K)
 Metaspace       used 116058K, capacity 119494K, committed 119744K, reserved 1153024K
  class space    used 14662K, capacity 15882K, committed 16000K, reserved 1048576K
Heap Regions: E=young(eden), S=young(survivor), O=old, HS=humongous(starts), HC=humongous(continues), CS=collection set, F=free, A=archive, TAMS=top-at-mark-start (previous, next)
|   0|0x0000000080000000, 0x0000000080100000, 0x0000000080100000|100%| O|  |TAMS 0x0000000080100000, 0x0000000080000000| Complete 
|   1|0x0000000080100000, 0x0000000080200000, 0x0000000080200000|100%| O|  |TAMS 0x0000000080200000, 0x0000000080100000| Untracked 
|   2|0x0000000080200000, 0x0000000080300000, 0x0000000080300000|100%| O|  |TAMS 0x0000000080300000, 0x0000000080200000| Untracked 
|   3|0x0000000080300000, 0x0000000080400000, 0x0000000080400000|100%|HS|  |TAMS 0x0000000080400000, 0x0000000080300000| Complete 
|   4|0x0000000080400000, 0x0000000080500000, 0x0000000080500000|100%|HC|  |TAMS 0x0000000080500000, 0x0000000080400000| Complete 
|   5|0x0000000080500000, 0x0000000080600000, 0x0000000080600000|100%|HC|  |TAMS 0x0000000080600000, 0x0000000080500000| Complete 
|   6|0x0000000080600000, 0x0000000080700000, 0x0000000080700000|100%| O|  |TAMS 0x0000000080700000, 0x0000000080600000| Untracked 
|   7|0x0000000080700000, 0x0000000080800000, 0x0000000080800000|100%| O|  |TAMS 0x0000000080800000, 0x0000000080700000| Untracked 
|   8|0x0000000080800000, 0x0000000080900000, 0x0000000080900000|100%| O|  |TAMS 0x0000000080900000, 0x0000000080800000| Untracked 
|   9|0x0000000080900000, 0x0000000080a00000, 0x0000000080a00000|100%|HS|  |TAMS 0x0000000080a00000, 0x0000000080900000| Complete 
|  10|0x0000000080a00000, 0x0000000080b00000, 0x0000000080b00000|100%|HC|  |TAMS 0x0000000080b00000, 0x0000000080a00000| Complete 
|  11|0x0000000080b00000, 0x0000000080c00000, 0x0000000080c00000|100%|HS|  |TAMS 0x0000000080c00000, 0x0000000080b00000| Complete 
|  12|0x0000000080c00000, 0x0000000080d00000, 0x0000000080d00000|100%|HC|  |TAMS 0x0000000080d00000, 0x0000000080c00000| Complete 
|  13|0x0000000080d00000, 0x0000000080e00000, 0x0000000080e00000|100%|HC|  |TAMS 0x0000000080e00000, 0x0000000080d00000| Complete 
|  14|0x0000000080e00000, 0x0000000080f00000, 0x0000000080f00000|100%|HS|  |TAMS 0x0000000080f00000, 0x0000000080e00000| Complete 
|  15|0x0000000080f00000, 0x0000000081000000, 0x0000000081000000|100%|HC|  |TAMS 0x0000000081000000, 0x0000000080f00000| Complete 
|  16|0x0000000081000000, 0x0000000081100000, 0x0000000081100000|100%|HC|  |TAMS 0x0000000081100000, 0x0000000081000000| Complete 
|  17|0x0000000081100000, 0x0000000081200000, 0x0000000081200000|100%|HC|  |TAMS 0x0000000081200000, 0x0000000081100000| Complete 
|  18|0x0000000081200000, 0x0000000081300000, 0x0000000081300000|100%| O|  |TAMS 0x0000000081300000, 0x0000000081200000| Untracked 
|  19|0x0000000081300000, 0x0000000081400000, 0x0000000081400000|100%| O|  |TAMS 0x0000000081400000, 0x0000000081300000| Complete 
|  20|0x0000000081400000, 0x0000000081500000, 0x0000000081500000|100%| O|  |TAMS 0x0000000081500000, 0x0000000081400000| Untracked 
|  21|0x0000000081500000, 0x0000000081600000, 0x0000000081600000|100%| O|  |TAMS 0x0000000081600000, 0x0000000081500000| Untracked 
|  22|0x0000000081600000, 0x0000000081700000, 0x0000000081700000|100%| O|  |TAMS 0x0000000081700000, 0x0000000081600000| Untracked 
|  23|0x0000000081700000, 0x0000000081800000, 0x0000000081800000|100%| O|  |TAMS 0x0000000081800000, 0x0000000081700000| Untracked 
|  24|0x0000000081800000, 0x0000000081900000, 0x0000000081900000|100%| O|  |TAMS 0x0000000081900000, 0x0000000081800000| Untracked 
|  25|0x0000000081900000, 0x0000000081a00000, 0x0000000081a00000|100%| O|  |TAMS 0x0000000081a00000, 0x0000000081900000| Untracked 
|  26|0x0000000081a00000, 0x0000000081b00000, 0x0000000081b00000|100%| O|  |TAMS 0x0000000081b00000, 0x0000000081a00000| Complete 
|  27|0x0000000081b00000, 0x0000000081c00000, 0x0000000081c00000|100%| O|  |TAMS 0x0000000081c00000, 0x0000000081b00000| Untracked 
|  28|0x0000000081c00000, 0x0000000081d00000, 0x0000000081d00000|100%| O|  |TAMS 0x0000000081d00000, 0x0000000081c00000| Untracked 
|  29|0x0000000081d00000, 0x0000000081e00000, 0x0000000081e00000|100%| O|  |TAMS 0x0000000081e00000, 0x0000000081d00000| Complete 
|  30|0x0000000081e00000, 0x0000000081f00000, 0x0000000081f00000|100%| O|  |TAMS 0x0000000081f00000, 0x0000000081e00000| Untracked 
|  31|0x0000000081f00000, 0x0000000082000000, 0x0000000082000000|100%| O|  |TAMS 0x0000000082000000, 0x0000000081f00000| Complete 
|  32|0x0000000082000000, 0x0000000082100000, 0x0000000082100000|100%| O|  |TAMS 0x0000000082100000, 0x0000000082000000| Untracked 
|  33|0x0000000082100000, 0x0000000082200000, 0x0000000082200000|100%| O|  |TAMS 0x0000000082200000, 0x0000000082100000| Untracked 
|  34|0x0000000082200000, 0x0000000082300000, 0x0000000082300000|100%| O|  |TAMS 0x0000000082300000, 0x0000000082200000| Untracked 
|  35|0x0000000082300000, 0x0000000082400000, 0x0000000082400000|100%|HS|  |TAMS 0x0000000082400000, 0x0000000082300000| Complete 
|  36|0x0000000082400000, 0x0000000082500000, 0x0000000082500000|100%|HC|  |TAMS 0x0000000082500000, 0x0000000082400000| Complete 
|  37|0x0000000082500000, 0x0000000082600000, 0x0000000082600000|100%|HC|  |TAMS 0x0000000082600000, 0x0000000082500000| Complete 
|  38|0x0000000082600000, 0x0000000082700000, 0x0000000082700000|100%| O|  |TAMS 0x0000000082700000, 0x0000000082600000| Untracked 
|  39|0x0000000082700000, 0x0000000082800000, 0x0000000082800000|100%| O|  |TAMS 0x0000000082800000, 0x0000000082700000| Untracked 
|  40|0x0000000082800000, 0x0000000082900000, 0x0000000082900000|100%| O|  |TAMS 0x0000000082900000, 0x0000000082800000| Untracked 
|  41|0x0000000082900000, 0x0000000082a00000, 0x0000000082a00000|100%| O|  |TAMS 0x0000000082a00000, 0x0000000082900000| Untracked 
|  42|0x0000000082a00000, 0x0000000082b00000, 0x0000000082b00000|100%| O|  |TAMS 0x0000000082b00000, 0x0000000082a00000| Complete 
|  43|0x0000000082b00000, 0x0000000082c00000, 0x0000000082c00000|100%|HS|  |TAMS 0x0000000082c00000, 0x0000000082b00000| Complete 
|  44|0x0000000082c00000, 0x0000000082d00000, 0x0000000082d00000|100%|HS|  |TAMS 0x0000000082d00000, 0x0000000082c00000| Complete 
|  45|0x0000000082d00000, 0x0000000082e00000, 0x0000000082e00000|100%|HC|  |TAMS 0x0000000082e00000, 0x0000000082d00000| Complete 
|  46|0x0000000082e00000, 0x0000000082f00000, 0x0000000082f00000|100%|HC|  |TAMS 0x0000000082f00000, 0x0000000082e00000| Complete 
|  47|0x0000000082f00000, 0x0000000083000000, 0x0000000083000000|100%|HC|  |TAMS 0x0000000083000000, 0x0000000082f00000| Complete 
|  48|0x0000000083000000, 0x0000000083100000, 0x0000000083100000|100%| O|  |TAMS 0x0000000083100000, 0x0000000083000000| Untracked 
|  49|0x0000000083100000, 0x0000000083200000, 0x0000000083200000|100%| O|  |TAMS 0x0000000083200000, 0x0000000083100000| Untracked 
|  50|0x0000000083200000, 0x0000000083300000, 0x0000000083300000|100%| O|  |TAMS 0x0000000083300000, 0x0000000083200000| Untracked 
|  51|0x0000000083300000, 0x0000000083400000, 0x0000000083400000|100%|HS|  |TAMS 0x0000000083400000, 0x0000000083300000| Complete 
|  52|0x0000000083400000, 0x0000000083500000, 0x0000000083500000|100%|HS|  |TAMS 0x0000000083500000, 0x0000000083400000| Complete 
|  53|0x0000000083500000, 0x0000000083600000, 0x0000000083600000|100%|HS|  |TAMS 0x0000000083600000, 0x0000000083500000| Complete 
|  54|0x0000000083600000, 0x0000000083700000, 0x0000000083700000|100%|HC|  |TAMS 0x0000000083700000, 0x0000000083600000| Complete 
|  55|0x0000000083700000, 0x0000000083800000, 0x0000000083800000|100%| O|  |TAMS 0x0000000083800000, 0x0000000083700000| Untracked 
|  56|0x0000000083800000, 0x0000000083900000, 0x0000000083900000|100%| O|  |TAMS 0x0000000083900000, 0x0000000083800000| Untracked 
|  57|0x0000000083900000, 0x0000000083a00000, 0x0000000083a00000|100%| O|  |TAMS 0x0000000083a00000, 0x0000000083900000| Untracked 
|  58|0x0000000083a00000, 0x0000000083b00000, 0x0000000083b00000|100%| O|  |TAMS 0x0000000083b00000, 0x0000000083a00000| Complete 
|  59|0x0000000083b00000, 0x0000000083c00000, 0x0000000083c00000|100%| O|  |TAMS 0x0000000083c00000, 0x0000000083b00000| Untracked 
|  60|0x0000000083c00000, 0x0000000083d00000, 0x0000000083d00000|100%| O|  |TAMS 0x0000000083d00000, 0x0000000083c00000| Untracked 
|  61|0x0000000083d00000, 0x0000000083e00000, 0x0000000083e00000|100%| O|  |TAMS 0x0000000083e00000, 0x0000000083d00000| Untracked 
|  62|0x0000000083e00000, 0x0000000083f00000, 0x0000000083f00000|100%| O|  |TAMS 0x0000000083f00000, 0x0000000083e00000| Complete 
|  63|0x0000000083f00000, 0x0000000084000000, 0x0000000084000000|100%| O|  |TAMS 0x0000000084000000, 0x0000000083f00000| Untracked 
|  64|0x0000000084000000, 0x0000000084100000, 0x0000000084100000|100%| O|  |TAMS 0x0000000084100000, 0x0000000084000000| Complete 
|  65|0x0000000084100000, 0x0000000084200000, 0x0000000084200000|100%| O|  |TAMS 0x0000000084200000, 0x0000000084100000| Untracked 
|  66|0x0000000084200000, 0x0000000084300000, 0x0000000084300000|100%| O|  |TAMS 0x0000000084300000, 0x0000000084200000| Complete 
|  67|0x0000000084300000, 0x0000000084400000, 0x0000000084400000|100%| O|  |TAMS 0x0000000084400000, 0x0000000084300000| Untracked 
|  68|0x0000000084400000, 0x0000000084500000, 0x0000000084500000|100%| O|  |TAMS 0x0000000084500000, 0x0000000084400000| Untracked 
|  69|0x0000000084500000, 0x0000000084600000, 0x0000000084600000|100%| O|  |TAMS 0x0000000084600000, 0x0000000084500000| Untracked 
|  70|0x0000000084600000, 0x0000000084700000, 0x0000000084700000|100%| O|  |TAMS 0x0000000084700000, 0x0000000084600000| Complete 
|  71|0x0000000084700000, 0x0000000084800000, 0x0000000084800000|100%| O|  |TAMS 0x0000000084800000, 0x0000000084700000| Complete 
|  72|0x0000000084800000, 0x0000000084900000, 0x0000000084900000|100%| O|  |TAMS 0x0000000084900000, 0x0000000084800000| Untracked 
|  73|0x0000000084900000, 0x0000000084a00000, 0x0000000084a00000|100%| O|  |TAMS 0x0000000084a00000, 0x0000000084900000| Untracked 
|  74|0x0000000084a00000, 0x0000000084b00000, 0x0000000084b00000|100%| O|  |TAMS 0x0000000084b00000, 0x0000000084a00000| Complete 
|  75|0x0000000084b00000, 0x0000000084c00000, 0x0000000084c00000|100%| O|  |TAMS 0x0000000084c00000, 0x0000000084b00000| Untracked 
|  76|0x0000000084c00000, 0x0000000084d00000, 0x0000000084d00000|100%| O|  |TAMS 0x0000000084d00000, 0x0000000084c00000| Untracked 
|  77|0x0000000084d00000, 0x0000000084e00000, 0x0000000084e00000|100%| O|  |TAMS 0x0000000084e00000, 0x0000000084d00000| Untracked 
|  78|0x0000000084e00000, 0x0000000084f00000, 0x0000000084f00000|100%| O|  |TAMS 0x0000000084f00000, 0x0000000084e00000| Untracked 
|  79|0x0000000084f00000, 0x0000000085000000, 0x0000000085000000|100%|HS|  |TAMS 0x0000000085000000, 0x0000000084f00000| Complete 
|  80|0x0000000085000000, 0x0000000085100000, 0x0000000085100000|100%|HC|  |TAMS 0x0000000085100000, 0x0000000085000000| Complete 
|  81|0x0000000085100000, 0x0000000085200000, 0x0000000085200000|100%|HS|  |TAMS 0x0000000085200000, 0x0000000085100000| Complete 
|  82|0x0000000085200000, 0x0000000085300000, 0x0000000085300000|100%|HC|  |TAMS 0x0000000085300000, 0x0000000085200000| Complete 
|  83|0x0000000085300000, 0x0000000085400000, 0x0000000085400000|100%|HC|  |TAMS 0x0000000085400000, 0x0000000085300000| Complete 
|  84|0x0000000085400000, 0x0000000085500000, 0x0000000085500000|100%|HS|  |TAMS 0x0000000085500000, 0x0000000085400000| Complete 
|  85|0x0000000085500000, 0x0000000085600000, 0x0000000085600000|100%|HC|  |TAMS 0x0000000085600000, 0x0000000085500000| Complete 
|  86|0x0000000085600000, 0x0000000085700000, 0x0000000085700000|100%|HC|  |TAMS 0x0000000085700000, 0x0000000085600000| Complete 
|  87|0x0000000085700000, 0x0000000085800000, 0x0000000085800000|100%|HC|  |TAMS 0x0000000085800000, 0x0000000085700000| Complete 
|  88|0x0000000085800000, 0x0000000085900000, 0x0000000085900000|100%| O|  |TAMS 0x0000000085900000, 0x0000000085800000| Untracked 
|  89|0x0000000085900000, 0x0000000085a00000, 0x0000000085a00000|100%| O|  |TAMS 0x0000000085a00000, 0x0000000085900000| Complete 
|  90|0x0000000085a00000, 0x0000000085b00000, 0x0000000085b00000|100%| O|  |TAMS 0x0000000085b00000, 0x0000000085a00000| Complete 
|  91|0x0000000085b00000, 0x0000000085c00000, 0x0000000085c00000|100%| O|  |TAMS 0x0000000085c00000, 0x0000000085b00000| Untracked 
|  92|0x0000000085c00000, 0x0000000085d00000, 0x0000000085d00000|100%| O|  |TAMS 0x0000000085d00000, 0x0000000085c00000| Untracked 
|  93|0x0000000085d00000, 0x0000000085e00000, 0x0000000085e00000|100%| O|  |TAMS 0x0000000085e00000, 0x0000000085d00000| Untracked 
|  94|0x0000000085e00000, 0x0000000085f00000, 0x0000000085f00000|100%| O|  |TAMS 0x0000000085f00000, 0x0000000085e00000| Untracked 
|  95|0x0000000085f00000, 0x0000000086000000, 0x0000000086000000|100%| O|  |TAMS 0x0000000086000000, 0x0000000085f00000| Untracked 
|  96|0x0000000086000000, 0x0000000086100000, 0x0000000086100000|100%| O|  |TAMS 0x0000000086100000, 0x0000000086000000| Untracked 
|  97|0x0000000086100000, 0x0000000086200000, 0x0000000086200000|100%| O|  |TAMS 0x0000000086200000, 0x0000000086100000| Complete 
|  98|0x0000000086200000, 0x0000000086300000, 0x0000000086300000|100%| O|  |TAMS 0x0000000086300000, 0x0000000086200000| Untracked 
|  99|0x0000000086300000, 0x0000000086400000, 0x0000000086400000|100%| O|  |TAMS 0x0000000086400000, 0x0000000086300000| Complete 
| 100|0x0000000086400000, 0x0000000086500000, 0x0000000086500000|100%| O|  |TAMS 0x0000000086500000, 0x0000000086400000| Complete 
| 101|0x0000000086500000, 0x0000000086600000, 0x0000000086600000|100%| O|  |TAMS 0x0000000086600000, 0x0000000086500000| Complete 
| 102|0x0000000086600000, 0x0000000086700000, 0x0000000086700000|100%| O|  |TAMS 0x0000000086700000, 0x0000000086600000| Complete 
| 103|0x0000000086700000, 0x0000000086800000, 0x0000000086800000|100%| O|  |TAMS 0x0000000086800000, 0x0000000086700000| Complete 
| 104|0x0000000086800000, 0x0000000086900000, 0x0000000086900000|100%| O|  |TAMS 0x0000000086900000, 0x0000000086800000| Untracked 
| 105|0x0000000086900000, 0x0000000086a00000, 0x0000000086a00000|100%| O|  |TAMS 0x0000000086a00000, 0x0000000086900000| Complete 
| 106|0x0000000086a00000, 0x0000000086b00000, 0x0000000086b00000|100%| O|  |TAMS 0x0000000086b00000, 0x0000000086a00000| Complete 
| 107|0x0000000086b00000, 0x0000000086c00000, 0x0000000086c00000|100%| O|  |TAMS 0x0000000086c00000, 0x0000000086b00000| Complete 
| 108|0x0000000086c00000, 0x0000000086d00000, 0x0000000086d00000|100%| O|  |TAMS 0x0000000086d00000, 0x0000000086c00000| Complete 
| 109|0x0000000086d00000, 0x0000000086e00000, 0x0000000086e00000|100%| O|  |TAMS 0x0000000086e00000, 0x0000000086d00000| Complete 
| 110|0x0000000086e00000, 0x0000000086f00000, 0x0000000086f00000|100%| O|  |TAMS 0x0000000086f00000, 0x0000000086e00000| Complete 
| 111|0x0000000086f00000, 0x0000000087000000, 0x0000000087000000|100%| O|  |TAMS 0x0000000087000000, 0x0000000086f00000| Untracked 
| 112|0x0000000087000000, 0x0000000087100000, 0x0000000087100000|100%| O|  |TAMS 0x0000000087100000, 0x0000000087000000| Complete 
| 113|0x0000000087100000, 0x0000000087200000, 0x0000000087200000|100%| O|  |TAMS 0x0000000087200000, 0x0000000087100000| Complete 
| 114|0x0000000087200000, 0x0000000087300000, 0x0000000087300000|100%| O|  |TAMS 0x0000000087300000, 0x0000000087200000| Complete 
| 115|0x0000000087300000, 0x0000000087400000, 0x0000000087400000|100%| O|  |TAMS 0x0000000087400000, 0x0000000087300000| Untracked 
| 116|0x0000000087400000, 0x0000000087500000, 0x0000000087500000|100%| O|  |TAMS 0x0000000087500000, 0x0000000087400000| Complete 
| 117|0x0000000087500000, 0x0000000087600000, 0x0000000087600000|100%| O|  |TAMS 0x0000000087600000, 0x0000000087500000| Complete 
| 118|0x0000000087600000, 0x0000000087700000, 0x0000000087700000|100%| O|  |TAMS 0x0000000087700000, 0x0000000087600000| Untracked 
| 119|0x0000000087700000, 0x0000000087800000, 0x0000000087800000|100%| O|  |TAMS 0x0000000087800000, 0x0000000087700000| Complete 
| 120|0x0000000087800000, 0x0000000087900000, 0x0000000087900000|100%| O|  |TAMS 0x0000000087900000, 0x0000000087800000| Complete 
| 121|0x0000000087900000, 0x0000000087a00000, 0x0000000087a00000|100%| O|  |TAMS 0x0000000087a00000, 0x0000000087900000| Untracked 
| 122|0x0000000087a00000, 0x0000000087b00000, 0x0000000087b00000|100%| O|  |TAMS 0x0000000087b00000, 0x0000000087a00000| Untracked 
| 123|0x0000000087b00000, 0x0000000087c00000, 0x0000000087c00000|100%| O|  |TAMS 0x0000000087c00000, 0x0000000087b00000| Untracked 
| 124|0x0000000087c00000, 0x0000000087d00000, 0x0000000087d00000|100%| O|  |TAMS 0x0000000087d00000, 0x0000000087c00000| Complete 
| 125|0x0000000087d00000, 0x0000000087e00000, 0x0000000087e00000|100%| O|  |TAMS 0x0000000087e00000, 0x0000000087d00000| Complete 
| 126|0x0000000087e00000, 0x0000000087f00000, 0x0000000087f00000|100%| O|  |TAMS 0x0000000087f00000, 0x0000000087e00000| Untracked 
| 127|0x0000000087f00000, 0x0000000088000000, 0x0000000088000000|100%| O|  |TAMS 0x0000000088000000, 0x0000000087f00000| Untracked 
| 128|0x0000000088000000, 0x0000000088100000, 0x0000000088100000|100%| O|  |TAMS 0x0000000088100000, 0x0000000088000000| Untracked 
| 129|0x0000000088100000, 0x0000000088200000, 0x0000000088200000|100%| O|  |TAMS 0x0000000088200000, 0x0000000088100000| Untracked 
| 130|0x0000000088200000, 0x0000000088300000, 0x0000000088300000|100%| O|  |TAMS 0x0000000088300000, 0x0000000088200000| Complete 
| 131|0x0000000088300000, 0x0000000088400000, 0x0000000088400000|100%| O|  |TAMS 0x0000000088400000, 0x0000000088300000| Complete 
| 132|0x0000000088400000, 0x0000000088500000, 0x0000000088500000|100%| O|  |TAMS 0x0000000088500000, 0x0000000088400000| Complete 
| 133|0x0000000088500000, 0x0000000088600000, 0x0000000088600000|100%| O|  |TAMS 0x0000000088600000, 0x0000000088500000| Complete 
| 134|0x0000000088600000, 0x0000000088700000, 0x0000000088700000|100%| O|  |TAMS 0x0000000088700000, 0x0000000088600000| Complete 
| 135|0x0000000088700000, 0x00000000887c2e00, 0x0000000088800000| 76%| O|  |TAMS 0x00000000887c2e00, 0x0000000088700000| Untracked 
| 136|0x0000000088800000, 0x0000000088800000, 0x0000000088900000|  0%| F|  |TAMS 0x0000000088800000, 0x0000000088800000| Untracked 
| 137|0x0000000088900000, 0x0000000088900000, 0x0000000088a00000|  0%| F|  |TAMS 0x0000000088900000, 0x0000000088900000| Untracked 
| 138|0x0000000088a00000, 0x0000000088a00000, 0x0000000088b00000|  0%| F|  |TAMS 0x0000000088a00000, 0x0000000088a00000| Untracked 
| 139|0x0000000088b00000, 0x0000000088b00000, 0x0000000088c00000|  0%| F|  |TAMS 0x0000000088b00000, 0x0000000088b00000| Untracked 
| 140|0x0000000088c00000, 0x0000000088c00000, 0x0000000088d00000|  0%| F|  |TAMS 0x0000000088c00000, 0x0000000088c00000| Untracked 
| 141|0x0000000088d00000, 0x0000000088d00000, 0x0000000088e00000|  0%| F|  |TAMS 0x0000000088d00000, 0x0000000088d00000| Untracked 
| 142|0x0000000088e00000, 0x0000000088e00000, 0x0000000088f00000|  0%| F|  |TAMS 0x0000000088e00000, 0x0000000088e00000| Untracked 
| 143|0x0000000088f00000, 0x0000000088f00000, 0x0000000089000000|  0%| F|  |TAMS 0x0000000088f00000, 0x0000000088f00000| Untracked 
| 144|0x0000000089000000, 0x0000000089000000, 0x0000000089100000|  0%| F|  |TAMS 0x0000000089000000, 0x0000000089000000| Untracked 
| 145|0x0000000089100000, 0x0000000089100000, 0x0000000089200000|  0%| F|  |TAMS 0x0000000089100000, 0x0000000089100000| Untracked 
| 146|0x0000000089200000, 0x0000000089200000, 0x0000000089300000|  0%| F|  |TAMS 0x0000000089200000, 0x0000000089200000| Untracked 
| 147|0x0000000089300000, 0x0000000089300000, 0x0000000089400000|  0%| F|  |TAMS 0x0000000089300000, 0x0000000089300000| Untracked 
| 148|0x0000000089400000, 0x0000000089400000, 0x0000000089500000|  0%| F|  |TAMS 0x0000000089400000, 0x0000000089400000| Untracked 
| 149|0x0000000089500000, 0x0000000089500000, 0x0000000089600000|  0%| F|  |TAMS 0x0000000089500000, 0x0000000089500000| Untracked 
| 150|0x0000000089600000, 0x0000000089600000, 0x0000000089700000|  0%| F|  |TAMS 0x0000000089600000, 0x0000000089600000| Untracked 
| 151|0x0000000089700000, 0x0000000089700000, 0x0000000089800000|  0%| F|  |TAMS 0x0000000089700000, 0x0000000089700000| Untracked 
| 152|0x0000000089800000, 0x0000000089800000, 0x0000000089900000|  0%| F|  |TAMS 0x0000000089800000, 0x0000000089800000| Untracked 
| 153|0x0000000089900000, 0x0000000089900000, 0x0000000089a00000|  0%| F|  |TAMS 0x0000000089900000, 0x0000000089900000| Untracked 
| 154|0x0000000089a00000, 0x0000000089a00000, 0x0000000089b00000|  0%| F|  |TAMS 0x0000000089a00000, 0x0000000089a00000| Untracked 
| 155|0x0000000089b00000, 0x0000000089b00000, 0x0000000089c00000|  0%| F|  |TAMS 0x0000000089b00000, 0x0000000089b00000| Untracked 
| 156|0x0000000089c00000, 0x0000000089c00000, 0x0000000089d00000|  0%| F|  |TAMS 0x0000000089c00000, 0x0000000089c00000| Untracked 
| 157|0x0000000089d00000, 0x0000000089d00000, 0x0000000089e00000|  0%| F|  |TAMS 0x0000000089d00000, 0x0000000089d00000| Untracked 
| 158|0x0000000089e00000, 0x0000000089e00000, 0x0000000089f00000|  0%| F|  |TAMS 0x0000000089e00000, 0x0000000089e00000| Untracked 
| 159|0x0000000089f00000, 0x0000000089f00000, 0x000000008a000000|  0%| F|  |TAMS 0x0000000089f00000, 0x0000000089f00000| Untracked 
| 160|0x000000008a000000, 0x000000008a000000, 0x000000008a100000|  0%| F|  |TAMS 0x000000008a000000, 0x000000008a000000| Untracked 
| 161|0x000000008a100000, 0x000000008a100000, 0x000000008a200000|  0%| F|  |TAMS 0x000000008a100000, 0x000000008a100000| Untracked 
| 162|0x000000008a200000, 0x000000008a200000, 0x000000008a300000|  0%| F|  |TAMS 0x000000008a200000, 0x000000008a200000| Untracked 
| 163|0x000000008a300000, 0x000000008a300000, 0x000000008a400000|  0%| F|  |TAMS 0x000000008a300000, 0x000000008a300000| Untracked 
| 164|0x000000008a400000, 0x000000008a400000, 0x000000008a500000|  0%| F|  |TAMS 0x000000008a400000, 0x000000008a400000| Untracked 
| 165|0x000000008a500000, 0x000000008a500000, 0x000000008a600000|  0%| F|  |TAMS 0x000000008a500000, 0x000000008a500000| Untracked 
| 166|0x000000008a600000, 0x000000008a600000, 0x000000008a700000|  0%| F|  |TAMS 0x000000008a600000, 0x000000008a600000| Untracked 
| 167|0x000000008a700000, 0x000000008a700000, 0x000000008a800000|  0%| F|  |TAMS 0x000000008a700000, 0x000000008a700000| Untracked 
| 168|0x000000008a800000, 0x000000008a800000, 0x000000008a900000|  0%| F|  |TAMS 0x000000008a800000, 0x000000008a800000| Untracked 
| 169|0x000000008a900000, 0x000000008a900000, 0x000000008aa00000|  0%| F|  |TAMS 0x000000008a900000, 0x000000008a900000| Untracked 
| 170|0x000000008aa00000, 0x000000008aa00000, 0x000000008ab00000|  0%| F|  |TAMS 0x000000008aa00000, 0x000000008aa00000| Untracked 
| 171|0x000000008ab00000, 0x000000008ab00000, 0x000000008ac00000|  0%| F|  |TAMS 0x000000008ab00000, 0x000000008ab00000| Untracked 
| 172|0x000000008ac00000, 0x000000008ac00000, 0x000000008ad00000|  0%| F|  |TAMS 0x000000008ac00000, 0x000000008ac00000| Untracked 
| 173|0x000000008ad00000, 0x000000008ad00000, 0x000000008ae00000|  0%| F|  |TAMS 0x000000008ad00000, 0x000000008ad00000| Untracked 
| 174|0x000000008ae00000, 0x000000008af00000, 0x000000008af00000|100%| S|CS|TAMS 0x000000008ae00000, 0x000000008ae00000| Complete 
| 175|0x000000008af00000, 0x000000008b000000, 0x000000008b000000|100%| S|CS|TAMS 0x000000008af00000, 0x000000008af00000| Complete 
| 176|0x000000008b000000, 0x000000008b100000, 0x000000008b100000|100%| S|CS|TAMS 0x000000008b000000, 0x000000008b000000| Complete 
| 177|0x000000008b100000, 0x000000008b200000, 0x000000008b200000|100%| S|CS|TAMS 0x000000008b100000, 0x000000008b100000| Complete 
| 178|0x000000008b200000, 0x000000008b300000, 0x000000008b300000|100%| S|CS|TAMS 0x000000008b200000, 0x000000008b200000| Complete 
| 179|0x000000008b300000, 0x000000008b300000, 0x000000008b400000|  0%| F|  |TAMS 0x000000008b300000, 0x000000008b300000| Untracked 
| 180|0x000000008b400000, 0x000000008b400000, 0x000000008b500000|  0%| F|  |TAMS 0x000000008b400000, 0x000000008b400000| Untracked 
| 181|0x000000008b500000, 0x000000008b500000, 0x000000008b600000|  0%| F|  |TAMS 0x000000008b500000, 0x000000008b500000| Untracked 
| 182|0x000000008b600000, 0x000000008b600000, 0x000000008b700000|  0%| F|  |TAMS 0x000000008b600000, 0x000000008b600000| Untracked 
| 183|0x000000008b700000, 0x000000008b700000, 0x000000008b800000|  0%| F|  |TAMS 0x000000008b700000, 0x000000008b700000| Untracked 
| 184|0x000000008b800000, 0x000000008b800000, 0x000000008b900000|  0%| F|  |TAMS 0x000000008b800000, 0x000000008b800000| Untracked 
| 185|0x000000008b900000, 0x000000008b900000, 0x000000008ba00000|  0%| F|  |TAMS 0x000000008b900000, 0x000000008b900000| Untracked 
| 186|0x000000008ba00000, 0x000000008ba00000, 0x000000008bb00000|  0%| F|  |TAMS 0x000000008ba00000, 0x000000008ba00000| Untracked 
| 187|0x000000008bb00000, 0x000000008bb00000, 0x000000008bc00000|  0%| F|  |TAMS 0x000000008bb00000, 0x000000008bb00000| Untracked 
| 188|0x000000008bc00000, 0x000000008bc00000, 0x000000008bd00000|  0%| F|  |TAMS 0x000000008bc00000, 0x000000008bc00000| Untracked 
| 189|0x000000008bd00000, 0x000000008bd00000, 0x000000008be00000|  0%| F|  |TAMS 0x000000008bd00000, 0x000000008bd00000| Untracked 
| 190|0x000000008be00000, 0x000000008be00000, 0x000000008bf00000|  0%| F|  |TAMS 0x000000008be00000, 0x000000008be00000| Untracked 
| 191|0x000000008bf00000, 0x000000008bf00000, 0x000000008c000000|  0%| F|  |TAMS 0x000000008bf00000, 0x000000008bf00000| Untracked 
| 192|0x000000008c000000, 0x000000008c000000, 0x000000008c100000|  0%| F|  |TAMS 0x000000008c000000, 0x000000008c000000| Untracked 
| 193|0x000000008c100000, 0x000000008c100000, 0x000000008c200000|  0%| F|  |TAMS 0x000000008c100000, 0x000000008c100000| Untracked 
| 194|0x000000008c200000, 0x000000008c200000, 0x000000008c300000|  0%| F|  |TAMS 0x000000008c200000, 0x000000008c200000| Untracked 
| 195|0x000000008c300000, 0x000000008c300000, 0x000000008c400000|  0%| F|  |TAMS 0x000000008c300000, 0x000000008c300000| Untracked 
| 196|0x000000008c400000, 0x000000008c400000, 0x000000008c500000|  0%| F|  |TAMS 0x000000008c400000, 0x000000008c400000| Untracked 
| 197|0x000000008c500000, 0x000000008c500000, 0x000000008c600000|  0%| F|  |TAMS 0x000000008c500000, 0x000000008c500000| Untracked 
| 198|0x000000008c600000, 0x000000008c600000, 0x000000008c700000|  0%| F|  |TAMS 0x000000008c600000, 0x000000008c600000| Untracked 
| 199|0x000000008c700000, 0x000000008c700000, 0x000000008c800000|  0%| F|  |TAMS 0x000000008c700000, 0x000000008c700000| Untracked 
| 200|0x000000008c800000, 0x000000008c800000, 0x000000008c900000|  0%| F|  |TAMS 0x000000008c800000, 0x000000008c800000| Untracked 
| 201|0x000000008c900000, 0x000000008c900000, 0x000000008ca00000|  0%| F|  |TAMS 0x000000008c900000, 0x000000008c900000| Untracked 
| 202|0x000000008ca00000, 0x000000008ca00000, 0x000000008cb00000|  0%| F|  |TAMS 0x000000008ca00000, 0x000000008ca00000| Untracked 
| 203|0x000000008cb00000, 0x000000008cb00000, 0x000000008cc00000|  0%| F|  |TAMS 0x000000008cb00000, 0x000000008cb00000| Untracked 
| 204|0x000000008cc00000, 0x000000008cc00000, 0x000000008cd00000|  0%| F|  |TAMS 0x000000008cc00000, 0x000000008cc00000| Untracked 
| 205|0x000000008cd00000, 0x000000008cd00000, 0x000000008ce00000|  0%| F|  |TAMS 0x000000008cd00000, 0x000000008cd00000| Untracked 
| 206|0x000000008ce00000, 0x000000008ce00000, 0x000000008cf00000|  0%| F|  |TAMS 0x000000008ce00000, 0x000000008ce00000| Untracked 
| 207|0x000000008cf00000, 0x000000008cf00000, 0x000000008d000000|  0%| F|  |TAMS 0x000000008cf00000, 0x000000008cf00000| Untracked 
| 208|0x000000008d000000, 0x000000008d000000, 0x000000008d100000|  0%| F|  |TAMS 0x000000008d000000, 0x000000008d000000| Untracked 
| 209|0x000000008d100000, 0x000000008d100000, 0x000000008d200000|  0%| F|  |TAMS 0x000000008d100000, 0x000000008d100000| Untracked 
| 210|0x000000008d200000, 0x000000008d200000, 0x000000008d300000|  0%| F|  |TAMS 0x000000008d200000, 0x000000008d200000| Untracked 
| 211|0x000000008d300000, 0x000000008d300000, 0x000000008d400000|  0%| F|  |TAMS 0x000000008d300000, 0x000000008d300000| Untracked 
| 212|0x000000008d400000, 0x000000008d400000, 0x000000008d500000|  0%| F|  |TAMS 0x000000008d400000, 0x000000008d400000| Untracked 
| 213|0x000000008d500000, 0x000000008d500000, 0x000000008d600000|  0%| F|  |TAMS 0x000000008d500000, 0x000000008d500000| Untracked 
| 214|0x000000008d600000, 0x000000008d600000, 0x000000008d700000|  0%| F|  |TAMS 0x000000008d600000, 0x000000008d600000| Untracked 
| 215|0x000000008d700000, 0x000000008d700000, 0x000000008d800000|  0%| F|  |TAMS 0x000000008d700000, 0x000000008d700000| Untracked 
| 216|0x000000008d800000, 0x000000008d800000, 0x000000008d900000|  0%| F|  |TAMS 0x000000008d800000, 0x000000008d800000| Untracked 
| 217|0x000000008d900000, 0x000000008d900000, 0x000000008da00000|  0%| F|  |TAMS 0x000000008d900000, 0x000000008d900000| Untracked 
| 218|0x000000008da00000, 0x000000008da00000, 0x000000008db00000|  0%| F|  |TAMS 0x000000008da00000, 0x000000008da00000| Untracked 
| 219|0x000000008db00000, 0x000000008db00000, 0x000000008dc00000|  0%| F|  |TAMS 0x000000008db00000, 0x000000008db00000| Untracked 
| 220|0x000000008dc00000, 0x000000008dc00000, 0x000000008dd00000|  0%| F|  |TAMS 0x000000008dc00000, 0x000000008dc00000| Untracked 
| 221|0x000000008dd00000, 0x000000008dd00000, 0x000000008de00000|  0%| F|  |TAMS 0x000000008dd00000, 0x000000008dd00000| Untracked 
| 222|0x000000008de00000, 0x000000008de00000, 0x000000008df00000|  0%| F|  |TAMS 0x000000008de00000, 0x000000008de00000| Untracked 
| 223|0x000000008df00000, 0x000000008df00000, 0x000000008e000000|  0%| F|  |TAMS 0x000000008df00000, 0x000000008df00000| Untracked 
| 224|0x000000008e000000, 0x000000008e000000, 0x000000008e100000|  0%| F|  |TAMS 0x000000008e000000, 0x000000008e000000| Untracked 
| 225|0x000000008e100000, 0x000000008e1ceb40, 0x000000008e200000| 80%| E|  |TAMS 0x000000008e100000, 0x000000008e100000| Complete 
| 226|0x000000008e200000, 0x000000008e300000, 0x000000008e300000|100%| E|CS|TAMS 0x000000008e200000, 0x000000008e200000| Complete 
| 227|0x000000008e300000, 0x000000008e400000, 0x000000008e400000|100%| E|CS|TAMS 0x000000008e300000, 0x000000008e300000| Complete 
| 228|0x000000008e400000, 0x000000008e500000, 0x000000008e500000|100%| E|CS|TAMS 0x000000008e400000, 0x000000008e400000| Complete 
| 229|0x000000008e500000, 0x000000008e600000, 0x000000008e600000|100%| E|CS|TAMS 0x000000008e500000, 0x000000008e500000| Complete 
| 230|0x000000008e600000, 0x000000008e700000, 0x000000008e700000|100%| E|CS|TAMS 0x000000008e600000, 0x000000008e600000| Complete 
| 231|0x000000008e700000, 0x000000008e800000, 0x000000008e800000|100%| E|CS|TAMS 0x000000008e700000, 0x000000008e700000| Complete 
| 232|0x000000008e800000, 0x000000008e900000, 0x000000008e900000|100%| E|CS|TAMS 0x000000008e800000, 0x000000008e800000| Complete 
| 233|0x000000008e900000, 0x000000008ea00000, 0x000000008ea00000|100%| E|CS|TAMS 0x000000008e900000, 0x000000008e900000| Complete 
| 234|0x000000008ea00000, 0x000000008eb00000, 0x000000008eb00000|100%| E|CS|TAMS 0x000000008ea00000, 0x000000008ea00000| Complete 
| 235|0x000000008eb00000, 0x000000008ec00000, 0x000000008ec00000|100%| E|CS|TAMS 0x000000008eb00000, 0x000000008eb00000| Complete 
| 236|0x000000008ec00000, 0x000000008ed00000, 0x000000008ed00000|100%| E|CS|TAMS 0x000000008ec00000, 0x000000008ec00000| Complete 
| 237|0x000000008ed00000, 0x000000008ee00000, 0x000000008ee00000|100%| E|CS|TAMS 0x000000008ed00000, 0x000000008ed00000| Complete 
| 238|0x000000008ee00000, 0x000000008ef00000, 0x000000008ef00000|100%| E|  |TAMS 0x000000008ee00000, 0x000000008ee00000| Complete 
| 239|0x000000008ef00000, 0x000000008f000000, 0x000000008f000000|100%| E|CS|TAMS 0x000000008ef00000, 0x000000008ef00000| Complete 
| 240|0x000000008f000000, 0x000000008f100000, 0x000000008f100000|100%| E|CS|TAMS 0x000000008f000000, 0x000000008f000000| Complete 
| 241|0x000000008f100000, 0x000000008f200000, 0x000000008f200000|100%| E|CS|TAMS 0x000000008f100000, 0x000000008f100000| Complete 
| 242|0x000000008f200000, 0x000000008f300000, 0x000000008f300000|100%| E|CS|TAMS 0x000000008f200000, 0x000000008f200000| Complete 
| 243|0x000000008f300000, 0x000000008f400000, 0x000000008f400000|100%| E|CS|TAMS 0x000000008f300000, 0x000000008f300000| Complete 
| 244|0x000000008f400000, 0x000000008f500000, 0x000000008f500000|100%| E|CS|TAMS 0x000000008f400000, 0x000000008f400000| Complete 
| 245|0x000000008f500000, 0x000000008f600000, 0x000000008f600000|100%| E|CS|TAMS 0x000000008f500000, 0x000000008f500000| Complete 
| 246|0x000000008f600000, 0x000000008f700000, 0x000000008f700000|100%| E|CS|TAMS 0x000000008f600000, 0x000000008f600000| Complete 
| 247|0x000000008f700000, 0x000000008f800000, 0x000000008f800000|100%| E|CS|TAMS 0x000000008f700000, 0x000000008f700000| Complete 
| 248|0x000000008f800000, 0x000000008f900000, 0x000000008f900000|100%| E|CS|TAMS 0x000000008f800000, 0x000000008f800000| Complete 
| 249|0x000000008f900000, 0x000000008fa00000, 0x000000008fa00000|100%| E|CS|TAMS 0x000000008f900000, 0x000000008f900000| Complete 
| 250|0x000000008fa00000, 0x000000008fb00000, 0x000000008fb00000|100%| E|CS|TAMS 0x000000008fa00000, 0x000000008fa00000| Complete 
| 251|0x000000008fb00000, 0x000000008fc00000, 0x000000008fc00000|100%| E|CS|TAMS 0x000000008fb00000, 0x000000008fb00000| Complete 
| 252|0x000000008fc00000, 0x000000008fd00000, 0x000000008fd00000|100%| E|CS|TAMS 0x000000008fc00000, 0x000000008fc00000| Complete 
| 253|0x000000008fd00000, 0x000000008fe00000, 0x000000008fe00000|100%| E|CS|TAMS 0x000000008fd00000, 0x000000008fd00000| Complete 
| 254|0x000000008fe00000, 0x000000008ff00000, 0x000000008ff00000|100%| E|CS|TAMS 0x000000008fe00000, 0x000000008fe00000| Complete 
| 255|0x000000008ff00000, 0x0000000090000000, 0x0000000090000000|100%| E|CS|TAMS 0x000000008ff00000, 0x000000008ff00000| Complete 
| 256|0x0000000090000000, 0x0000000090100000, 0x0000000090100000|100%| E|CS|TAMS 0x0000000090000000, 0x0000000090000000| Complete 
| 257|0x0000000090100000, 0x0000000090200000, 0x0000000090200000|100%| E|CS|TAMS 0x0000000090100000, 0x0000000090100000| Complete 
| 258|0x0000000090200000, 0x0000000090300000, 0x0000000090300000|100%| E|CS|TAMS 0x0000000090200000, 0x0000000090200000| Complete 
| 259|0x0000000090300000, 0x0000000090400000, 0x0000000090400000|100%| E|CS|TAMS 0x0000000090300000, 0x0000000090300000| Complete 
| 260|0x0000000090400000, 0x0000000090500000, 0x0000000090500000|100%| E|CS|TAMS 0x0000000090400000, 0x0000000090400000| Complete 
| 261|0x0000000090500000, 0x0000000090600000, 0x0000000090600000|100%| E|CS|TAMS 0x0000000090500000, 0x0000000090500000| Complete 
| 262|0x0000000090600000, 0x0000000090700000, 0x0000000090700000|100%| E|CS|TAMS 0x0000000090600000, 0x0000000090600000| Complete 
| 263|0x0000000090700000, 0x0000000090800000, 0x0000000090800000|100%| E|CS|TAMS 0x0000000090700000, 0x0000000090700000| Complete 
| 264|0x0000000090800000, 0x0000000090900000, 0x0000000090900000|100%| E|CS|TAMS 0x0000000090800000, 0x0000000090800000| Complete 
| 265|0x0000000090900000, 0x0000000090a00000, 0x0000000090a00000|100%| E|CS|TAMS 0x0000000090900000, 0x0000000090900000| Complete 
| 266|0x0000000090a00000, 0x0000000090b00000, 0x0000000090b00000|100%| E|CS|TAMS 0x0000000090a00000, 0x0000000090a00000| Complete 

Card table byte_map: [0x000002014dff0000,0x000002014e3f0000] _byte_map_base: 0x000002014dbf0000

Marking Bits (Prev, Next): (CMBitMap*) 0x000002013aaed018, (CMBitMap*) 0x000002013aaed050
 Prev Bits: [0x000002014e7f0000, 0x00000201507f0000)
 Next Bits: [0x00000201507f0000, 0x00000201527f0000)

Polling page: 0x0000020139460000

Metaspace:

Usage:
  Non-class:    101.18 MB capacity,    99.02 MB ( 98%) used,     1.81 MB (  2%) free+waste,   360.44 KB ( <1%) overhead. 
      Class:     15.51 MB capacity,    14.32 MB ( 92%) used,     1.03 MB (  7%) free+waste,   163.81 KB (  1%) overhead. 
       Both:    116.69 MB capacity,   113.34 MB ( 97%) used,     2.84 MB (  2%) free+waste,   524.25 KB ( <1%) overhead. 

Virtual space:
  Non-class space:      102.00 MB reserved,     101.31 MB (>99%) committed 
      Class space:        1.00 GB reserved,      15.63 MB (  2%) committed 
             Both:        1.10 GB reserved,     116.94 MB ( 10%) committed 

Chunk freelists:
   Non-Class:  4.00 KB
       Class:  22.00 KB
        Both:  26.00 KB

MaxMetaspaceSize: 17179869184.00 GB
CompressedClassSpaceSize: 1.00 GB

CodeHeap 'non-profiled nmethods': size=120064Kb used=11460Kb max_used=11460Kb free=108604Kb
 bounds [0x0000020146080000, 0x0000020146bc0000, 0x000002014d5c0000]
CodeHeap 'profiled nmethods': size=120000Kb used=35997Kb max_used=35997Kb free=84002Kb
 bounds [0x000002013eb50000, 0x0000020140eb0000, 0x0000020146080000]
CodeHeap 'non-nmethods': size=5696Kb used=2349Kb max_used=2432Kb free=3346Kb
 bounds [0x000002013e5c0000, 0x000002013e830000, 0x000002013eb50000]
 total_blobs=17269 nmethods=16297 adapters=883
 compilation: enabled
              stopped_count=0, restarted_count=0
 full_count=0

Compilation events (20 events):
Event: 169.133 Thread 0x0000020154e56800 17395   !   3       org.apache.xerces.impl.dv.SecuritySupport$1::run (15 bytes)
Event: 169.134 Thread 0x0000020154e56800 nmethod 17395 0x000002013f47c390 code [0x000002013f47c5e0, 0x000002013f47cf98]
Event: 169.136 Thread 0x0000020154e56800 17396       3       org.apache.xerces.impl.dv.SecuritySupport::getSystemClassLoader (14 bytes)
Event: 169.136 Thread 0x0000020154e56800 nmethod 17396 0x000002013f453610 code [0x000002013f4537e0, 0x000002013f453ae8]
Event: 169.138 Thread 0x0000020154e56800 17397       3       org.apache.xerces.impl.dv.SecuritySupport$2::<init> (5 bytes)
Event: 169.138 Thread 0x0000020154e56800 nmethod 17397 0x000002013f31fa10 code [0x000002013f31fbc0, 0x000002013f31fd18]
Event: 169.142 Thread 0x0000020154e56800 17398   !   3       org.apache.xerces.impl.dv.SecuritySupport$2::run (12 bytes)
Event: 169.142 Thread 0x0000020154e56800 nmethod 17398 0x000002013f365810 code [0x000002013f3659c0, 0x000002013f365b28]
Event: 169.145 Thread 0x0000020154e56800 17399   !   3       org.apache.xerces.impl.dv.ObjectFactory::newInstance (128 bytes)
Event: 169.146 Thread 0x0000020154e56800 nmethod 17399 0x0000020140ea2c90 code [0x0000020140ea2fe0, 0x0000020140ea4878]
Event: 169.146 Thread 0x0000020154e56800 17400   !   3       org.apache.xerces.impl.dv.ObjectFactory::findProviderClass (137 bytes)
Event: 169.148 Thread 0x0000020154e56800 nmethod 17400 0x0000020140ea4f90 code [0x0000020140ea5340, 0x0000020140ea6b88]
Event: 169.149 Thread 0x0000020154e56800 17401       3       org.apache.xerces.impl.XMLVersionDetector::<init> (126 bytes)
Event: 169.149 Thread 0x0000020154e56800 nmethod 17401 0x000002013f46a710 code [0x000002013f46a8c0, 0x000002013f46abf8]
Event: 169.152 Thread 0x0000020154e56800 17402       3       org.apache.xerces.parsers.AbstractXMLDocumentParser::<init> (27 bytes)
Event: 169.152 Thread 0x0000020154e56800 nmethod 17402 0x000002013f46ef90 code [0x000002013f46f180, 0x000002013f46f7d8]
Event: 169.154 Thread 0x0000020154e56800 17403       3       org.apache.xerces.parsers.XMLParser::<init> (22 bytes)
Event: 169.154 Thread 0x0000020154e56800 nmethod 17403 0x000002013f471a90 code [0x000002013f471c60, 0x000002013f471f28]
Event: 169.167 Thread 0x0000020154e56800 17405       3       com.google.common.base.Splitter$SplittingIterator::<init> (39 bytes)
Event: 169.167 Thread 0x0000020154e56800 nmethod 17405 0x000002013f477a90 code [0x000002013f477c60, 0x000002013f477f98]

GC Heap History (20 events):
Event: 51.101 GC heap before
{Heap before GC invocations=31 (full 0):
 garbage-first heap   total 273408K, used 170735K [0x0000000080000000, 0x0000000100000000)
  region size 1024K, 48 young (49152K), 4 survivors (4096K)
 Metaspace       used 103766K, capacity 106556K, committed 106816K, reserved 1142784K
  class space    used 13263K, capacity 14254K, committed 14336K, reserved 1048576K
}
Event: 51.107 GC heap after
{Heap after GC invocations=32 (full 0):
 garbage-first heap   total 273408K, used 130172K [0x0000000080000000, 0x0000000100000000)
  region size 1024K, 7 young (7168K), 7 survivors (7168K)
 Metaspace       used 103766K, capacity 106556K, committed 106816K, reserved 1142784K
  class space    used 13263K, capacity 14254K, committed 14336K, reserved 1048576K
}
Event: 51.593 GC heap before
{Heap before GC invocations=33 (full 0):
 garbage-first heap   total 273408K, used 214140K [0x0000000080000000, 0x0000000100000000)
  region size 1024K, 88 young (90112K), 7 survivors (7168K)
 Metaspace       used 103667K, capacity 106386K, committed 106816K, reserved 1142784K
  class space    used 13231K, capacity 14196K, committed 14336K, reserved 1048576K
}
Event: 51.598 GC heap after
{Heap after GC invocations=34 (full 0):
 garbage-first heap   total 273408K, used 127307K [0x0000000080000000, 0x0000000100000000)
  region size 1024K, 4 young (4096K), 4 survivors (4096K)
 Metaspace       used 103667K, capacity 106386K, committed 106816K, reserved 1142784K
  class space    used 13231K, capacity 14196K, committed 14336K, reserved 1048576K
}
Event: 52.416 GC heap before
{Heap before GC invocations=34 (full 0):
 garbage-first heap   total 273408K, used 215371K [0x0000000080000000, 0x0000000100000000)
  region size 1024K, 91 young (93184K), 4 survivors (4096K)
 Metaspace       used 104647K, capacity 107340K, committed 107584K, reserved 1142784K
  class space    used 13331K, capacity 14293K, committed 14336K, reserved 1048576K
}
Event: 52.425 GC heap after
{Heap after GC invocations=35 (full 0):
 garbage-first heap   total 273408K, used 129630K [0x0000000080000000, 0x0000000100000000)
  region size 1024K, 6 young (6144K), 6 survivors (6144K)
 Metaspace       used 104647K, capacity 107340K, committed 107584K, reserved 1142784K
  class space    used 13331K, capacity 14293K, committed 14336K, reserved 1048576K
}
Event: 53.133 GC heap before
{Heap before GC invocations=36 (full 0):
 garbage-first heap   total 273408K, used 205406K [0x0000000080000000, 0x0000000100000000)
  region size 1024K, 82 young (83968K), 6 survivors (6144K)
 Metaspace       used 104873K, capacity 107623K, committed 107840K, reserved 1142784K
  class space    used 13342K, capacity 14300K, committed 14336K, reserved 1048576K
}
Event: 53.142 GC heap after
{Heap after GC invocations=37 (full 0):
 garbage-first heap   total 273408K, used 129607K [0x0000000080000000, 0x0000000100000000)
  region size 1024K, 6 young (6144K), 6 survivors (6144K)
 Metaspace       used 104873K, capacity 107623K, committed 107840K, reserved 1142784K
  class space    used 13342K, capacity 14300K, committed 14336K, reserved 1048576K
}
Event: 53.908 GC heap before
{Heap before GC invocations=38 (full 0):
 garbage-first heap   total 273408K, used 219719K [0x0000000080000000, 0x0000000100000000)
  region size 1024K, 93 young (95232K), 6 survivors (6144K)
 Metaspace       used 105105K, capacity 107815K, committed 108096K, reserved 1142784K
  class space    used 13357K, capacity 14300K, committed 14336K, reserved 1048576K
}
Event: 53.921 GC heap after
{Heap after GC invocations=39 (full 0):
 garbage-first heap   total 273408K, used 134809K [0x0000000080000000, 0x0000000100000000)
  region size 1024K, 9 young (9216K), 9 survivors (9216K)
 Metaspace       used 105105K, capacity 107815K, committed 108096K, reserved 1142784K
  class space    used 13357K, capacity 14300K, committed 14336K, reserved 1048576K
}
Event: 54.423 GC heap before
{Heap before GC invocations=39 (full 0):
 garbage-first heap   total 273408K, used 223897K [0x0000000080000000, 0x0000000100000000)
  region size 1024K, 96 young (98304K), 9 survivors (9216K)
 Metaspace       used 105109K, capacity 107879K, committed 108096K, reserved 1142784K
  class space    used 13357K, capacity 14300K, committed 14336K, reserved 1048576K
}
Event: 54.430 GC heap after
{Heap after GC invocations=40 (full 0):
 garbage-first heap   total 273408K, used 135264K [0x0000000080000000, 0x0000000100000000)
  region size 1024K, 7 young (7168K), 7 survivors (7168K)
 Metaspace       used 105109K, capacity 107879K, committed 108096K, reserved 1142784K
  class space    used 13357K, capacity 14300K, committed 14336K, reserved 1048576K
}
Event: 55.392 GC heap before
{Heap before GC invocations=41 (full 0):
 garbage-first heap   total 273408K, used 223328K [0x0000000080000000, 0x0000000100000000)
  region size 1024K, 95 young (97280K), 7 survivors (7168K)
 Metaspace       used 107768K, capacity 110518K, committed 110528K, reserved 1144832K
  class space    used 13741K, capacity 14716K, committed 14720K, reserved 1048576K
}
Event: 55.399 GC heap after
{Heap after GC invocations=42 (full 0):
 garbage-first heap   total 273408K, used 128756K [0x0000000080000000, 0x0000000100000000)
  region size 1024K, 3 young (3072K), 3 survivors (3072K)
 Metaspace       used 107768K, capacity 110518K, committed 110528K, reserved 1144832K
  class space    used 13741K, capacity 14716K, committed 14720K, reserved 1048576K
}
Event: 90.816 GC heap before
{Heap before GC invocations=42 (full 0):
 garbage-first heap   total 273408K, used 230132K [0x0000000080000000, 0x0000000100000000)
  region size 1024K, 103 young (105472K), 3 survivors (3072K)
 Metaspace       used 109759K, capacity 112717K, committed 112960K, reserved 1146880K
  class space    used 13958K, capacity 15068K, committed 15104K, reserved 1048576K
}
Event: 90.828 GC heap after
{Heap after GC invocations=43 (full 0):
 garbage-first heap   total 273408K, used 132206K [0x0000000080000000, 0x0000000100000000)
  region size 1024K, 7 young (7168K), 7 survivors (7168K)
 Metaspace       used 109759K, capacity 112717K, committed 112960K, reserved 1146880K
  class space    used 13958K, capacity 15068K, committed 15104K, reserved 1048576K
}
Event: 163.376 GC heap before
{Heap before GC invocations=44 (full 0):
 garbage-first heap   total 273408K, used 229486K [0x0000000080000000, 0x0000000100000000)
  region size 1024K, 102 young (104448K), 7 survivors (7168K)
 Metaspace       used 113119K, capacity 116421K, committed 116544K, reserved 1150976K
  class space    used 14382K, capacity 15606K, committed 15616K, reserved 1048576K
}
Event: 163.402 GC heap after
{Heap after GC invocations=45 (full 0):
 garbage-first heap   total 273408K, used 139108K [0x0000000080000000, 0x0000000100000000)
  region size 1024K, 13 young (13312K), 13 survivors (13312K)
 Metaspace       used 113119K, capacity 116421K, committed 116544K, reserved 1150976K
  class space    used 14382K, capacity 15606K, committed 15616K, reserved 1048576K
}
Event: 168.154 GC heap before
{Heap before GC invocations=45 (full 0):
 garbage-first heap   total 273408K, used 228196K [0x0000000080000000, 0x0000000100000000)
  region size 1024K, 101 young (103424K), 13 survivors (13312K)
 Metaspace       used 115769K, capacity 119238K, committed 119488K, reserved 1153024K
  class space    used 14662K, capacity 15882K, committed 16000K, reserved 1048576K
}
Event: 168.185 GC heap after
{Heap after GC invocations=46 (full 0):
 garbage-first heap   total 273408K, used 144139K [0x0000000080000000, 0x0000000100000000)
  region size 1024K, 5 young (5120K), 5 survivors (5120K)
 Metaspace       used 115769K, capacity 119238K, committed 119488K, reserved 1153024K
  class space    used 14662K, capacity 15882K, committed 16000K, reserved 1048576K
}

Deoptimization events (20 events):
Event: 168.191 Thread 0x0000020155915000 Uncommon trap: trap_request=0xffffffde fr.pc=0x00000201461c67ec relative=0x000000000000052c
Event: 168.191 Thread 0x0000020155915000 Uncommon trap: reason=class_check action=maybe_recompile pc=0x00000201461c67ec method=jdk.internal.ref.PhantomCleanable.clean()V @ 12 c2
Event: 168.191 Thread 0x0000020155915000 DEOPT PACKING pc=0x00000201461c67ec sp=0x0000004f40eff2f0
Event: 168.191 Thread 0x0000020155915000 DEOPT UNPACKING pc=0x000002013e5e662f sp=0x0000004f40eff2d0 mode 2
Event: 168.245 Thread 0x00000201594c7000 Uncommon trap: trap_request=0xffffff4d fr.pc=0x0000020146a50a34 relative=0x00000000000004f4
Event: 168.245 Thread 0x00000201594c7000 Uncommon trap: reason=unstable_if action=reinterpret pc=0x0000020146a50a34 method=java.lang.AbstractStringBuilder.appendChars([CII)V @ 43 c2
Event: 168.245 Thread 0x00000201594c7000 DEOPT PACKING pc=0x0000020146a50a34 sp=0x0000004f455f9670
Event: 168.245 Thread 0x00000201594c7000 DEOPT UNPACKING pc=0x000002013e5e662f sp=0x0000004f455f95a8 mode 2
Event: 168.335 Thread 0x00000201594c7000 DEOPT PACKING pc=0x000002013fd9d05f sp=0x0000004f455f6410
Event: 168.335 Thread 0x00000201594c7000 DEOPT UNPACKING pc=0x000002013e5e6dde sp=0x0000004f455f5898 mode 0
Event: 168.346 Thread 0x00000201594c7000 DEOPT PACKING pc=0x000002013ed43726 sp=0x0000004f455f94c0
Event: 168.346 Thread 0x00000201594c7000 DEOPT UNPACKING pc=0x000002013e5e6dde sp=0x0000004f455f8a00 mode 0
Event: 168.625 Thread 0x00000201594c7000 Uncommon trap: trap_request=0xffffff4d fr.pc=0x00000201462388b8 relative=0x00000000000003f8
Event: 168.625 Thread 0x00000201594c7000 Uncommon trap: reason=unstable_if action=reinterpret pc=0x00000201462388b8 method=org.apache.xerces.util.SymbolTable.addSymbol([CII)Ljava/lang/String; @ 59 c2
Event: 168.625 Thread 0x00000201594c7000 DEOPT PACKING pc=0x00000201462388b8 sp=0x0000004f455f9530
Event: 168.625 Thread 0x00000201594c7000 DEOPT UNPACKING pc=0x000002013e5e662f sp=0x0000004f455f94a8 mode 2
Event: 168.685 Thread 0x00000201594c7000 Uncommon trap: trap_request=0xffffff4d fr.pc=0x000002014641c4bc relative=0x00000000000005dc
Event: 168.685 Thread 0x00000201594c7000 Uncommon trap: reason=unstable_if action=reinterpret pc=0x000002014641c4bc method=org.apache.xerces.impl.XMLEntityScanner.scanLiteral(ILorg/apache/xerces/xni/XMLString;)I @ 43 c2
Event: 168.685 Thread 0x00000201594c7000 DEOPT PACKING pc=0x000002014641c4bc sp=0x0000004f455f9350
Event: 168.685 Thread 0x00000201594c7000 DEOPT UNPACKING pc=0x000002013e5e662f sp=0x0000004f455f92d0 mode 2

Classes redefined (0 events):
No events

Internal exceptions (20 events):
Event: 163.050 Thread 0x0000020157740000 Exception <a 'java/lang/ClassNotFoundException'{0x000000008b7292b0}: org/gradle/api/internal/file/CompositeFileCollectionCustomizer> (0x000000008b7292b0) thrown at [./src/hotspot/share/classfile/systemDictionary.cpp, line 231]
Event: 163.051 Thread 0x0000020157740000 Exception <a 'java/lang/ClassNotFoundException'{0x000000008b74f0a8}: org/gradle/api/internal/file/collections/DefaultConfigurableFileCollectionCustomizer> (0x000000008b74f0a8) thrown at [./src/hotspot/share/classfile/systemDictionary.cpp, line 231]
Event: 163.268 Thread 0x000002015b78c800 Exception <a 'java/lang/NoSuchMethodError'{0x000000008d516058}: <clinit>> (0x000000008d516058) thrown at [./src/hotspot/share/prims/jni.cpp, line 1362]
Event: 163.269 Thread 0x000002015b78c800 Exception <a 'java/lang/NoSuchMethodError'{0x000000008d51f430}: <clinit>> (0x000000008d51f430) thrown at [./src/hotspot/share/prims/jni.cpp, line 1362]
Event: 163.305 Thread 0x000002015b78c800 Exception <a 'java/lang/NoSuchMethodError'{0x000000008ac08e68}: <clinit>> (0x000000008ac08e68) thrown at [./src/hotspot/share/prims/jni.cpp, line 1362]
Event: 163.309 Thread 0x000002015b78c800 Exception <a 'java/lang/NoSuchMethodError'{0x000000008ac18d20}: <clinit>> (0x000000008ac18d20) thrown at [./src/hotspot/share/prims/jni.cpp, line 1362]
Event: 163.309 Thread 0x000002015b78c800 Exception <a 'java/lang/NoSuchMethodError'{0x000000008ac19ff8}: <clinit>> (0x000000008ac19ff8) thrown at [./src/hotspot/share/prims/jni.cpp, line 1362]
Event: 163.453 Thread 0x00000201594c8800 Exception <a 'java/lang/NoSuchMethodError'{0x0000000090895350}: <clinit>> (0x0000000090895350) thrown at [./src/hotspot/share/prims/jni.cpp, line 1362]
Event: 163.461 Thread 0x00000201594c8800 Exception <a 'java/lang/NoSuchMethodError'{0x00000000908a3050}: <clinit>> (0x00000000908a3050) thrown at [./src/hotspot/share/prims/jni.cpp, line 1362]
Event: 163.465 Thread 0x00000201594c8800 Exception <a 'java/lang/NoSuchMethodError'{0x00000000908bd110}: <clinit>> (0x00000000908bd110) thrown at [./src/hotspot/share/prims/jni.cpp, line 1362]
Event: 163.520 Thread 0x0000020157740000 Exception <a 'java/lang/NoSuchMethodError'{0x000000009078c378}: 'java.lang.Object java.lang.invoke.DirectMethodHandle$Holder.invokeInterface(java.lang.Object, java.lang.Object, int)'> (0x000000009078c378) thrown at [./src/hotspot/share/interpreter/linkResolver.cpp, line 773]
Event: 163.526 Thread 0x000002015b78c800 Exception <a 'java/lang/NoSuchMethodError'{0x0000000090a0c8d8}: <clinit>> (0x0000000090a0c8d8) thrown at [./src/hotspot/share/prims/jni.cpp, line 1362]
Event: 163.536 Thread 0x0000020157740000 Exception <a 'java/lang/NoSuchMethodError'{0x00000000907a1848}: 'void java.lang.invoke.DirectMethodHandle$Holder.invokeStatic(java.lang.Object, java.lang.Object, java.lang.Object, int)'> (0x00000000907a1848) thrown at [./src/hotspot/share/interpreter/linkResolver.cpp, line 773]
Event: 165.622 Thread 0x000002015eb4b800 Exception <a 'sun/nio/fs/WindowsException'{0x000000008e0353d8}> (0x000000008e0353d8) thrown at [./src/hotspot/share/prims/jni.cpp, line 615]
Event: 165.693 Thread 0x000002015eb4b800 Exception <a 'sun/nio/fs/WindowsException'{0x000000008e0360a8}> (0x000000008e0360a8) thrown at [./src/hotspot/share/prims/jni.cpp, line 615]
Event: 165.731 Thread 0x000002015eb4b800 Exception <a 'sun/nio/fs/WindowsException'{0x000000008e036da8}> (0x000000008e036da8) thrown at [./src/hotspot/share/prims/jni.cpp, line 615]
Event: 165.741 Thread 0x000002015eb4b800 Exception <a 'sun/nio/fs/WindowsException'{0x000000008e037b48}> (0x000000008e037b48) thrown at [./src/hotspot/share/prims/jni.cpp, line 615]
Event: 165.780 Thread 0x000002015b78c800 Exception <a 'java/lang/NoSuchMethodError'{0x000000008dddf408}: <clinit>> (0x000000008dddf408) thrown at [./src/hotspot/share/prims/jni.cpp, line 1362]
Event: 166.309 Thread 0x00000201594cd000 Implicit null exception at 0x00000201460e7130 to 0x00000201460e7208
Event: 166.472 Thread 0x00000201594c7000 Exception <a 'java/lang/NoSuchMethodError'{0x000000008cfe4f40}: 'long java.lang.invoke.DirectMethodHandle$Holder.invokeStatic(java.lang.Object, java.lang.Object)'> (0x000000008cfe4f40) thrown at [./src/hotspot/share/interpreter/linkResolver.cpp, line 773]

Events (20 events):
Event: 168.039 loading class com/android/resources/UiMode
Event: 168.039 loading class com/android/resources/UiMode done
Event: 168.040 loading class com/android/resources/NightMode
Event: 168.040 loading class com/android/resources/NightMode done
Event: 168.040 loading class com/android/resources/TouchScreen
Event: 168.040 loading class com/android/resources/TouchScreen done
Event: 168.041 loading class com/android/resources/KeyboardState
Event: 168.041 loading class com/android/resources/KeyboardState done
Event: 168.041 loading class com/android/resources/Keyboard
Event: 168.041 loading class com/android/resources/Keyboard done
Event: 168.042 loading class com/android/resources/NavigationState
Event: 168.042 loading class com/android/resources/NavigationState done
Event: 168.043 loading class com/android/resources/Navigation
Event: 168.043 loading class com/android/resources/Navigation done
Event: 168.154 Executing VM operation: G1CollectForAllocation
Event: 168.185 Executing VM operation: G1CollectForAllocation done
Event: 168.451 Executing VM operation: CGC_Operation
Event: 168.467 Executing VM operation: CGC_Operation done
Event: 168.603 Executing VM operation: CGC_Operation
Event: 168.604 Executing VM operation: CGC_Operation done


Dynamic libraries:
0x00007ff642b00000 - 0x00007ff642b0a000 	C:\Program Files\Android\Android Studio\jre\bin\java.exe
0x00007ffade4f0000 - 0x00007ffade6e5000 	C:\WINDOWS\SYSTEM32\ntdll.dll
0x00007ffadcfa0000 - 0x00007ffadd05e000 	C:\WINDOWS\System32\KERNEL32.DLL
0x00007ffadbd20000 - 0x00007ffadbfe8000 	C:\WINDOWS\System32\KERNELBASE.dll
0x00007ffadc070000 - 0x00007ffadc170000 	C:\WINDOWS\System32\ucrtbase.dll
0x00007ffab1030000 - 0x00007ffab1047000 	C:\Program Files\Android\Android Studio\jre\bin\VCRUNTIME140.dll
0x00007ffaaecb0000 - 0x00007ffaaecc9000 	C:\Program Files\Android\Android Studio\jre\bin\jli.dll
0x00007ffade310000 - 0x00007ffade4b0000 	C:\WINDOWS\System32\USER32.dll
0x00007ffadc360000 - 0x00007ffadc382000 	C:\WINDOWS\System32\win32u.dll
0x00007ffadce90000 - 0x00007ffadcebb000 	C:\WINDOWS\System32\GDI32.dll
0x00007ffadbc10000 - 0x00007ffadbd1b000 	C:\WINDOWS\System32\gdi32full.dll
0x00007ffadc4b0000 - 0x00007ffadc54d000 	C:\WINDOWS\System32\msvcp_win.dll
0x00007fface490000 - 0x00007fface72a000 	C:\WINDOWS\WinSxS\amd64_microsoft.windows.common-controls_6595b64144ccf1df_6.0.19041.1110_none_60b5254171f9507e\COMCTL32.dll
0x00007ffadd060000 - 0x00007ffadd0fe000 	C:\WINDOWS\System32\msvcrt.dll
0x00007ffadcec0000 - 0x00007ffadcef0000 	C:\WINDOWS\System32\IMM32.DLL
0x00007ffa8b8c0000 - 0x00007ffa8b95d000 	C:\Program Files\Android\Android Studio\jre\bin\msvcp140.dll
0x00007ffa75500000 - 0x00007ffa75fd5000 	C:\Program Files\Android\Android Studio\jre\bin\server\jvm.dll
0x00007ffadcef0000 - 0x00007ffadcf9e000 	C:\WINDOWS\System32\ADVAPI32.dll
0x00007ffadc980000 - 0x00007ffadca1c000 	C:\WINDOWS\System32\sechost.dll
0x00007ffadd100000 - 0x00007ffadd225000 	C:\WINDOWS\System32\RPCRT4.dll
0x00007ffaddef0000 - 0x00007ffaddef8000 	C:\WINDOWS\System32\PSAPI.DLL
0x00007ffac4d90000 - 0x00007ffac4d99000 	C:\WINDOWS\SYSTEM32\WSOCK32.dll
0x00007ffadc800000 - 0x00007ffadc86b000 	C:\WINDOWS\System32\WS2_32.dll
0x00007ffacea30000 - 0x00007ffacea57000 	C:\WINDOWS\SYSTEM32\WINMM.dll
0x00007ffad4080000 - 0x00007ffad408a000 	C:\WINDOWS\SYSTEM32\VERSION.dll
0x00007ffada4b0000 - 0x00007ffada4c2000 	C:\WINDOWS\SYSTEM32\kernel.appcore.dll
0x00007ffabf090000 - 0x00007ffabf0a1000 	C:\Program Files\Android\Android Studio\jre\bin\verify.dll
0x00007ffac9610000 - 0x00007ffac97f4000 	C:\WINDOWS\SYSTEM32\DBGHELP.DLL
0x00007ffac9430000 - 0x00007ffac945c000 	C:\WINDOWS\SYSTEM32\dbgcore.DLL
0x00007ffadc2d0000 - 0x00007ffadc352000 	C:\WINDOWS\System32\bcryptPrimitives.dll
0x00007ffabd4d0000 - 0x00007ffabd4f9000 	C:\Program Files\Android\Android Studio\jre\bin\java.dll
0x00007ffad7590000 - 0x00007ffad759b000 	C:\Program Files\Android\Android Studio\jre\bin\jimage.dll
0x00007ffabe140000 - 0x00007ffabe158000 	C:\Program Files\Android\Android Studio\jre\bin\zip.dll
0x00007ffadd240000 - 0x00007ffadd984000 	C:\WINDOWS\System32\SHELL32.dll
0x00007ffad9d00000 - 0x00007ffada494000 	C:\WINDOWS\SYSTEM32\windows.storage.dll
0x00007ffaddfb0000 - 0x00007ffade304000 	C:\WINDOWS\System32\combase.dll
0x00007ffadb670000 - 0x00007ffadb69c000 	C:\WINDOWS\SYSTEM32\Wldp.dll
0x00007ffaddf00000 - 0x00007ffaddfad000 	C:\WINDOWS\System32\SHCORE.dll
0x00007ffadddc0000 - 0x00007ffadde15000 	C:\WINDOWS\System32\shlwapi.dll
0x00007ffadbb50000 - 0x00007ffadbb6f000 	C:\WINDOWS\SYSTEM32\profapi.dll
0x00007ffabdac0000 - 0x00007ffabdada000 	C:\Program Files\Android\Android Studio\jre\bin\net.dll
0x00007ffacd800000 - 0x00007ffacd909000 	C:\WINDOWS\SYSTEM32\WINHTTP.dll
0x00007ffadb3d0000 - 0x00007ffadb43a000 	C:\WINDOWS\system32\mswsock.dll
0x00007ffabd9d0000 - 0x00007ffabd9e4000 	C:\Program Files\Android\Android Studio\jre\bin\nio.dll
0x00007ffab1c00000 - 0x00007ffab1c27000 	C:\Users\TAnh\.gradle\native\e1d6ef7f7dcc3fd88c89a11ec53ec762bb8ba0a96d01ffa2cd45eb1d1d8dd5c5\windows-amd64\native-platform.dll
0x00007ffaab370000 - 0x00007ffaab4b4000 	C:\Users\TAnh\.gradle\native\5664cfc778a61ccfe75a443a1ab52a65af34e5dc3c78e0209fed803814484fcb\windows-amd64\native-platform-file-events.dll
0x00007ffacb2b0000 - 0x00007ffacb2ba000 	C:\Program Files\Android\Android Studio\jre\bin\management.dll
0x00007ffac9860000 - 0x00007ffac986d000 	C:\Program Files\Android\Android Studio\jre\bin\management_ext.dll
0x00007ffadb5c0000 - 0x00007ffadb5d8000 	C:\WINDOWS\SYSTEM32\CRYPTSP.dll
0x00007ffadace0000 - 0x00007ffadad14000 	C:\WINDOWS\system32\rsaenh.dll
0x00007ffadc040000 - 0x00007ffadc067000 	C:\WINDOWS\System32\bcrypt.dll
0x00007ffadbb10000 - 0x00007ffadbb3e000 	C:\WINDOWS\SYSTEM32\USERENV.dll
0x00007ffadb5e0000 - 0x00007ffadb5ec000 	C:\WINDOWS\SYSTEM32\CRYPTBASE.dll
0x00007ffadb070000 - 0x00007ffadb0ab000 	C:\WINDOWS\SYSTEM32\IPHLPAPI.DLL
0x00007ffadc550000 - 0x00007ffadc558000 	C:\WINDOWS\System32\NSI.dll
0x00007ffad3590000 - 0x00007ffad35a7000 	C:\WINDOWS\SYSTEM32\dhcpcsvc6.DLL
0x00007ffad4160000 - 0x00007ffad417d000 	C:\WINDOWS\SYSTEM32\dhcpcsvc.DLL
0x00007ffadb0c0000 - 0x00007ffadb18a000 	C:\WINDOWS\SYSTEM32\DNSAPI.dll
0x00007ffabf8b0000 - 0x00007ffabf8d7000 	C:\Program Files\Android\Android Studio\jre\bin\sunec.dll
0x00007ffacd2e0000 - 0x00007ffacd2ea000 	C:\Windows\System32\rasadhlp.dll
0x00007ffacd940000 - 0x00007ffacd9bf000 	C:\WINDOWS\System32\fwpuclnt.dll
0x00007ffada910000 - 0x00007ffada943000 	C:\WINDOWS\SYSTEM32\ntmarta.dll

dbghelp: loaded successfully - version: 4.0.5 - missing functions: none
symbol engine: initialized successfully - sym options: 0x614 - pdb path: .;C:\Program Files\Android\Android Studio\jre\bin;C:\WINDOWS\SYSTEM32;C:\WINDOWS\WinSxS\amd64_microsoft.windows.common-controls_6595b64144ccf1df_6.0.19041.1110_none_60b5254171f9507e;C:\Program Files\Android\Android Studio\jre\bin\server;C:\Users\TAnh\.gradle\native\e1d6ef7f7dcc3fd88c89a11ec53ec762bb8ba0a96d01ffa2cd45eb1d1d8dd5c5\windows-amd64;C:\Users\TAnh\.gradle\native\5664cfc778a61ccfe75a443a1ab52a65af34e5dc3c78e0209fed803814484fcb\windows-amd64

VM Arguments:
jvm_args: --add-opens=java.base/java.util=ALL-UNNAMED --add-opens=java.base/java.lang=ALL-UNNAMED --add-opens=java.base/java.lang.invoke=ALL-UNNAMED --add-opens=java.base/java.util=ALL-UNNAMED --add-opens=java.prefs/java.util.prefs=ALL-UNNAMED --add-opens=java.prefs/java.util.prefs=ALL-UNNAMED --add-opens=java.base/java.nio.charset=ALL-UNNAMED --add-opens=java.base/java.net=ALL-UNNAMED --add-opens=java.base/java.util.concurrent.atomic=ALL-UNNAMED -Xmx2048m -Dfile.encoding=UTF-8 -Duser.country=US -Duser.language=en -Duser.variant 
java_command: org.gradle.launcher.daemon.bootstrap.GradleDaemon 7.2
java_class_path (initial): C:\Users\TAnh\.gradle\wrapper\dists\gradle-7.2-bin\2dnblmf4td7x66yl1d74lt32g\gradle-7.2\lib\gradle-launcher-7.2.jar
Launcher Type: SUN_STANDARD

[Global flags]
     intx CICompilerCount                          = 3                                         {product} {ergonomic}
     uint ConcGCThreads                            = 1                                         {product} {ergonomic}
     uint G1ConcRefinementThreads                  = 4                                         {product} {ergonomic}
   size_t G1HeapRegionSize                         = 1048576                                   {product} {ergonomic}
    uintx GCDrainStackTargetSize                   = 64                                        {product} {ergonomic}
   size_t InitialHeapSize                          = 134217728                                 {product} {ergonomic}
   size_t MarkStackSize                            = 4194304                                   {product} {ergonomic}
   size_t MaxHeapSize                              = 2147483648                                {product} {command line}
   size_t MaxNewSize                               = 1287651328                                {product} {ergonomic}
   size_t MinHeapDeltaBytes                        = 1048576                                   {product} {ergonomic}
    uintx NonNMethodCodeHeapSize                   = 5830732                                {pd product} {ergonomic}
    uintx NonProfiledCodeHeapSize                  = 122913754                              {pd product} {ergonomic}
    uintx ProfiledCodeHeapSize                     = 122913754                              {pd product} {ergonomic}
    uintx ReservedCodeCacheSize                    = 251658240                              {pd product} {ergonomic}
     bool SegmentedCodeCache                       = true                                      {product} {ergonomic}
     bool UseCompressedClassPointers               = true                                 {lp64_product} {ergonomic}
     bool UseCompressedOops                        = true                                 {lp64_product} {ergonomic}
     bool UseG1GC                                  = true                                      {product} {ergonomic}
     bool UseLargePagesIndividualAllocation        = false                                  {pd product} {ergonomic}

Logging:
Log output configuration:
 #0: stdout all=warning uptime,level,tags
 #1: stderr all=off uptime,level,tags

Environment Variables:
PATH=C:\Program Files\Common Files\Oracle\Java\javapath;D:\program\orcl\bin;C:\Program Files (x86)\Common Files\Oracle\Java\javapath;C:\WINDOWS\system32;C:\WINDOWS;C:\WINDOWS\System32\Wbem;C:\WINDOWS\System32\WindowsPowerShell\v1.0\;C:\WINDOWS\System32\OpenSSH\;C:\Program Files (x86)\AMD\ATI.ACE\Core-Static;C:\Program Files\nodejs\;C:\Program Files\Git\cmd;C:\Program Files (x86)\Yarn\bin\;C:\Users\TAnh\AppData\Local\Programs\Python\Python310\Scripts\;C:\Users\TAnh\AppData\Local\Programs\Python\Python310\;C:\Users\TAnh\AppData\Local\Microsoft\WindowsApps;C:\Users\TAnh\AppData\Local\Programs\Microsoft VS Code\bin;C:\Users\TAnh\AppData\Roaming\npm;C:\Users\TAnh\AppData\Local\Yarn\bin;C:\Users\TAnh\AppData\Local\Android\Sdk\platform-tools;
USERNAME=TAnh
OS=Windows_NT
PROCESSOR_IDENTIFIER=Intel64 Family 6 Model 60 Stepping 3, GenuineIntel



---------------  S Y S T E M  ---------------

OS: Windows 10 , 64 bit Build 19041 (10.0.19041.1566)
OS uptime: 0 days 1:15 hours

CPU:total 4 (initial active 4) (2 cores per cpu, 2 threads per core) family 6 model 60 stepping 3 microcode 0x27, cmov, cx8, fxsr, mmx, sse, sse2, sse3, ssse3, sse4.1, sse4.2, popcnt, avx, avx2, aes, clmul, erms, lzcnt, ht, tsc, tscinvbit, bmi1, bmi2, fma

Memory: 4k page, system-wide physical 8113M (466M free)
TotalPageFile size 20613M (AvailPageFile size 0M)
current process WorkingSet (physical memory assigned to process): 594M, peak: 603M
current process commit charge ("private bytes"): 621M, peak: 630M

vm_info: OpenJDK 64-Bit Server VM (11.0.11+9-b60-7590822) for windows-amd64 JRE (11.0.11+9-b60-7590822), built on Jul 29 2021 21:43:44 by "builder" with MS VC++ 14.0 (VS2015)

END.
